#
# There is insufficient memory for the Java Runtime Environment to continue.
# Native memory allocation (malloc) failed to allocate 587856 bytes for Chunk::new
# Possible reasons:
#   The system is out of physical RAM or swap space
#   The process is running with CompressedOops enabled, and the Java Heap may be blocking the growth of the native heap
# Possible solutions:
#   Reduce memory load on the system
#   Increase physical memory or swap space
#   Check if swap backing store is full
#   Decrease Java heap size (-Xmx/-Xms)
#   Decrease number of Java threads
#   Decrease Java thread stack sizes (-Xss)
#   Set larger code cache with -XX:ReservedCodeCacheSize=
#   JVM is running with Unscaled Compressed Oops mode in which the Java heap is
#     placed in the first 4GB address space. The Java Heap base address is the
#     maximum limit for the native heap growth. Please use -XX:HeapBaseMinAddress
#     to set the Java Heap base and to place the Java Heap above 4GB virtual address.
# This output file may be truncated or incomplete.
#
#  Out of Memory Error (t:/workspace/open/src/hotspot/share/memory/arena.cpp:197), pid=9004, tid=6436
#
# JRE version: Java(TM) SE Runtime Environment (12.0.2+10) (build 12.0.2+10)
# Java VM: Java HotSpot(TM) 64-Bit Server VM (12.0.2+10, mixed mode, sharing, tiered, compressed oops, g1 gc, windows-amd64)
# No core dump will be written. Minidumps are not enabled by default on client versions of Windows
#

---------------  S U M M A R Y ------------

Command Line: --module-path=C:/JavaFX/javafx-sdk-11.0.2/lib --add-modules=javafx.controls,javafx.fxml,javafx.base --add-modules=javafx.base,javafx.graphics --add-reads=javafx.base=ALL-UNNAMED --add-reads=javafx.graphics=ALL-UNNAMED -javaagent:C:\Program Files\JetBrains\IntelliJ IDEA Community Edition 2020.1.1\lib\idea_rt.jar=1846:C:\Program Files\JetBrains\IntelliJ IDEA Community Edition 2020.1.1\bin -Dfile.encoding=UTF-8 sample.Main

Host: Intel(R) Core(TM) i5-8265U CPU @ 1.60GHz, 8 cores, 7G,  Windows 10 , 64 bit Build 19041 (10.0.19041.928)
Time: Sat May 15 20:43:47 2021 Беларусь (зима) elapsed time: 3 seconds (0d 0h 0m 3s)

---------------  T H R E A D  ---------------

Current thread (0x0000014ffc581800):  JavaThread "C2 CompilerThread0" daemon [_thread_in_native, id=6436, stack(0x0000003f09f00000,0x0000003f0a000000)]


Current CompileTask:
C2:   3886 2128       4       com.sun.javafx.css.StyleMap::getCascadingStyles (384 bytes)

Stack: [0x0000003f09f00000,0x0000003f0a000000]
Native frames: (J=compiled Java code, j=interpreted, Vv=VM code, C=native code)
V  [jvm.dll+0x63aa2a]
V  [jvm.dll+0x78ce1e]
V  [jvm.dll+0x78e4c1]
V  [jvm.dll+0x78eb13]
V  [jvm.dll+0x2627e8]
V  [jvm.dll+0xc55cc]
V  [jvm.dll+0xc5b4c]
V  [jvm.dll+0x37a677]
V  [jvm.dll+0x1af2d0]
V  [jvm.dll+0x21c312]
V  [jvm.dll+0x21b3da]
V  [jvm.dll+0x199a20]
V  [jvm.dll+0x22a744]
V  [jvm.dll+0x228d98]
V  [jvm.dll+0x7512a0]
V  [jvm.dll+0x74a2c8]
V  [jvm.dll+0x639b16]
C  [ucrtbase.dll+0x21bb2]
C  [KERNEL32.DLL+0x17034]
C  [ntdll.dll+0x52651]


---------------  P R O C E S S  ---------------

Threads class SMR info:
_java_thread_list=0x0000014f84ad5e80, length=18, elements={
0x0000014fdd8d6800, 0x0000014ffc560800, 0x0000014ffc564800, 0x0000014ffc57f000,
0x0000014ffc580000, 0x0000014ffc581800, 0x0000014ffc586000, 0x0000014ffc58b000,
0x0000014ffcfbc000, 0x0000014ffd08d000, 0x0000014ffd1a6000, 0x0000014ffde8b800,
0x0000014ffdabc000, 0x0000014ffe5d6800, 0x0000014ffdf62000, 0x0000014ffde9f000,
0x0000014f84a4e800, 0x0000014f845ca000
}

Java Threads: ( => current thread )
  0x0000014fdd8d6800 JavaThread "main" [_thread_blocked, id=10672, stack(0x0000003f09400000,0x0000003f09500000)]
  0x0000014ffc560800 JavaThread "Reference Handler" daemon [_thread_blocked, id=8756, stack(0x0000003f09b00000,0x0000003f09c00000)]
  0x0000014ffc564800 JavaThread "Finalizer" daemon [_thread_blocked, id=7712, stack(0x0000003f09c00000,0x0000003f09d00000)]
  0x0000014ffc57f000 JavaThread "Signal Dispatcher" daemon [_thread_blocked, id=3044, stack(0x0000003f09d00000,0x0000003f09e00000)]
  0x0000014ffc580000 JavaThread "Attach Listener" daemon [_thread_blocked, id=2396, stack(0x0000003f09e00000,0x0000003f09f00000)]
=>0x0000014ffc581800 JavaThread "C2 CompilerThread0" daemon [_thread_in_native, id=6436, stack(0x0000003f09f00000,0x0000003f0a000000)]
  0x0000014ffc586000 JavaThread "C1 CompilerThread0" daemon [_thread_blocked, id=10144, stack(0x0000003f0a000000,0x0000003f0a100000)]
  0x0000014ffc58b000 JavaThread "Sweeper thread" daemon [_thread_blocked, id=9668, stack(0x0000003f0a100000,0x0000003f0a200000)]
  0x0000014ffcfbc000 JavaThread "Common-Cleaner" daemon [_thread_blocked, id=7500, stack(0x0000003f0a200000,0x0000003f0a300000)]
  0x0000014ffd08d000 JavaThread "Monitor Ctrl-Break" daemon [_thread_in_native, id=12216, stack(0x0000003f0a500000,0x0000003f0a600000)]
  0x0000014ffd1a6000 JavaThread "Service Thread" daemon [_thread_blocked, id=32, stack(0x0000003f0a600000,0x0000003f0a700000)]
  0x0000014ffde8b800 JavaThread "QuantumRenderer-0" daemon [_thread_blocked, id=4660, stack(0x0000003f0a800000,0x0000003f0a900000)]
  0x0000014ffdabc000 JavaThread "InvokeLaterDispatcher" daemon [_thread_blocked, id=4428, stack(0x0000003f0a900000,0x0000003f0aa00000)]
  0x0000014ffe5d6800 JavaThread "JavaFX Application Thread" [_thread_in_native, id=2012, stack(0x0000003f0aa00000,0x0000003f0ab00000)]
  0x0000014ffdf62000 JavaThread "JavaFX-Launcher" [_thread_blocked, id=12456, stack(0x0000003f0af00000,0x0000003f0b000000)]
  0x0000014ffde9f000 JavaThread "Thread-2" daemon [_thread_in_native, id=4132, stack(0x0000003f0ae00000,0x0000003f0af00000)]
  0x0000014f84a4e800 JavaThread "Prism Font Disposer" daemon [_thread_blocked, id=1192, stack(0x0000003f0b800000,0x0000003f0b900000)]
  0x0000014f845ca000 JavaThread "Cleaner-0" daemon [_thread_blocked, id=9672, stack(0x0000003f0b900000,0x0000003f0ba00000)]

Other Threads:
  0x0000014ffc55e800 VMThread "VM Thread" [stack: 0x0000003f09a00000,0x0000003f09b00000] [id=4656]
  0x0000014ffd1a6800 WatcherThread [stack: 0x0000003f0a700000,0x0000003f0a800000] [id=8436]
  0x0000014fdd916000 GCTaskThread "GC Thread#0" [stack: 0x0000003f09500000,0x0000003f09600000] [id=10092]
  0x0000014ffdf5f000 GCTaskThread "GC Thread#1" [stack: 0x0000003f0b000000,0x0000003f0b100000] [id=8328]
  0x0000014ffdc0b000 GCTaskThread "GC Thread#2" [stack: 0x0000003f0b100000,0x0000003f0b200000] [id=11736]
  0x0000014ffdacf800 GCTaskThread "GC Thread#3" [stack: 0x0000003f0b200000,0x0000003f0b300000] [id=10916]
  0x0000014ffde34000 GCTaskThread "GC Thread#4" [stack: 0x0000003f0b300000,0x0000003f0b400000] [id=1580]
  0x0000014ffd5ed800 GCTaskThread "GC Thread#5" [stack: 0x0000003f0b400000,0x0000003f0b500000] [id=5020]
  0x0000014fdd925800 ConcurrentGCThread "G1 Main Marker" [stack: 0x0000003f09600000,0x0000003f09700000] [id=9204]
  0x0000014fdd929800 ConcurrentGCThread "G1 Conc#0" [stack: 0x0000003f09700000,0x0000003f09800000] [id=3720]
  0x0000014ffc3e0800 ConcurrentGCThread "G1 Refine#0" [stack: 0x0000003f09800000,0x0000003f09900000] [id=12652]
  0x0000014ffc3e1800 ConcurrentGCThread "G1 Young RemSet Sampling" [stack: 0x0000003f09900000,0x0000003f09a00000] [id=8872]

Threads with active compile tasks:
C2 CompilerThread0  2128       4       com.sun.javafx.css.StyleMap::getCascadingStyles (384 bytes)

VM state:not at safepoint (normal execution)

VM Mutex/Monitor currently owned by a thread: None

Heap address: 0x0000000081c00000, size: 2020 MB, Compressed Oops mode: 32-bit
Narrow klass base: 0x0000000800000000, Narrow klass shift: 3
Compressed class space size: 1073741824 Address: 0x0000000801190000

Heap:
 garbage-first heap   total 131072K, used 37259K [0x0000000081c00000, 0x0000000100000000)
  region size 1024K, 35 young (35840K), 3 survivors (3072K)
 Metaspace       used 15140K, capacity 16027K, committed 16128K, reserved 1062912K
  class space    used 2182K, capacity 2461K, committed 2560K, reserved 1048576K
Heap Regions: E=young(eden), S=young(survivor), O=old, HS=humongous(starts), HC=humongous(continues), CS=collection set, F=free, A=archive, TAMS=top-at-mark-start (previous, next)
|   0|0x0000000081c00000, 0x0000000081c62c00, 0x0000000081d00000| 38%| O|  |TAMS 0x0000000081c00000, 0x0000000081c00000| Untracked 
|   1|0x0000000081d00000, 0x0000000081e00000, 0x0000000081e00000|100%|HS|  |TAMS 0x0000000081d00000, 0x0000000081d00000| Complete 
|   2|0x0000000081e00000, 0x0000000081f00000, 0x0000000081f00000|100%|HC|  |TAMS 0x0000000081e00000, 0x0000000081e00000| Complete 
|   3|0x0000000081f00000, 0x0000000081f00000, 0x0000000082000000|  0%| F|  |TAMS 0x0000000081f00000, 0x0000000081f00000| Untracked 
|   4|0x0000000082000000, 0x0000000082000000, 0x0000000082100000|  0%| F|  |TAMS 0x0000000082000000, 0x0000000082000000| Untracked 
|   5|0x0000000082100000, 0x0000000082100000, 0x0000000082200000|  0%| F|  |TAMS 0x0000000082100000, 0x0000000082100000| Untracked 
|   6|0x0000000082200000, 0x0000000082200000, 0x0000000082300000|  0%| F|  |TAMS 0x0000000082200000, 0x0000000082200000| Untracked 
|   7|0x0000000082300000, 0x0000000082300000, 0x0000000082400000|  0%| F|  |TAMS 0x0000000082300000, 0x0000000082300000| Untracked 
|   8|0x0000000082400000, 0x0000000082400000, 0x0000000082500000|  0%| F|  |TAMS 0x0000000082400000, 0x0000000082400000| Untracked 
|   9|0x0000000082500000, 0x0000000082500000, 0x0000000082600000|  0%| F|  |TAMS 0x0000000082500000, 0x0000000082500000| Untracked 
|  10|0x0000000082600000, 0x0000000082600000, 0x0000000082700000|  0%| F|  |TAMS 0x0000000082600000, 0x0000000082600000| Untracked 
|  11|0x0000000082700000, 0x0000000082700000, 0x0000000082800000|  0%| F|  |TAMS 0x0000000082700000, 0x0000000082700000| Untracked 
|  12|0x0000000082800000, 0x0000000082800000, 0x0000000082900000|  0%| F|  |TAMS 0x0000000082800000, 0x0000000082800000| Untracked 
|  13|0x0000000082900000, 0x0000000082900000, 0x0000000082a00000|  0%| F|  |TAMS 0x0000000082900000, 0x0000000082900000| Untracked 
|  14|0x0000000082a00000, 0x0000000082a00000, 0x0000000082b00000|  0%| F|  |TAMS 0x0000000082a00000, 0x0000000082a00000| Untracked 
|  15|0x0000000082b00000, 0x0000000082b00000, 0x0000000082c00000|  0%| F|  |TAMS 0x0000000082b00000, 0x0000000082b00000| Untracked 
|  16|0x0000000082c00000, 0x0000000082c00000, 0x0000000082d00000|  0%| F|  |TAMS 0x0000000082c00000, 0x0000000082c00000| Untracked 
|  17|0x0000000082d00000, 0x0000000082d00000, 0x0000000082e00000|  0%| F|  |TAMS 0x0000000082d00000, 0x0000000082d00000| Untracked 
|  18|0x0000000082e00000, 0x0000000082e00000, 0x0000000082f00000|  0%| F|  |TAMS 0x0000000082e00000, 0x0000000082e00000| Untracked 
|  19|0x0000000082f00000, 0x0000000082f00000, 0x0000000083000000|  0%| F|  |TAMS 0x0000000082f00000, 0x0000000082f00000| Untracked 
|  20|0x0000000083000000, 0x0000000083000000, 0x0000000083100000|  0%| F|  |TAMS 0x0000000083000000, 0x0000000083000000| Untracked 
|  21|0x0000000083100000, 0x0000000083100000, 0x0000000083200000|  0%| F|  |TAMS 0x0000000083100000, 0x0000000083100000| Untracked 
|  22|0x0000000083200000, 0x0000000083200000, 0x0000000083300000|  0%| F|  |TAMS 0x0000000083200000, 0x0000000083200000| Untracked 
|  23|0x0000000083300000, 0x0000000083300000, 0x0000000083400000|  0%| F|  |TAMS 0x0000000083300000, 0x0000000083300000| Untracked 
|  24|0x0000000083400000, 0x0000000083400000, 0x0000000083500000|  0%| F|  |TAMS 0x0000000083400000, 0x0000000083400000| Untracked 
|  25|0x0000000083500000, 0x0000000083500000, 0x0000000083600000|  0%| F|  |TAMS 0x0000000083500000, 0x0000000083500000| Untracked 
|  26|0x0000000083600000, 0x0000000083600000, 0x0000000083700000|  0%| F|  |TAMS 0x0000000083600000, 0x0000000083600000| Untracked 
|  27|0x0000000083700000, 0x0000000083700000, 0x0000000083800000|  0%| F|  |TAMS 0x0000000083700000, 0x0000000083700000| Untracked 
|  28|0x0000000083800000, 0x0000000083800000, 0x0000000083900000|  0%| F|  |TAMS 0x0000000083800000, 0x0000000083800000| Untracked 
|  29|0x0000000083900000, 0x0000000083900000, 0x0000000083a00000|  0%| F|  |TAMS 0x0000000083900000, 0x0000000083900000| Untracked 
|  30|0x0000000083a00000, 0x0000000083a00000, 0x0000000083b00000|  0%| F|  |TAMS 0x0000000083a00000, 0x0000000083a00000| Untracked 
|  31|0x0000000083b00000, 0x0000000083b00000, 0x0000000083c00000|  0%| F|  |TAMS 0x0000000083b00000, 0x0000000083b00000| Untracked 
|  32|0x0000000083c00000, 0x0000000083c00000, 0x0000000083d00000|  0%| F|  |TAMS 0x0000000083c00000, 0x0000000083c00000| Untracked 
|  33|0x0000000083d00000, 0x0000000083d00000, 0x0000000083e00000|  0%| F|  |TAMS 0x0000000083d00000, 0x0000000083d00000| Untracked 
|  34|0x0000000083e00000, 0x0000000083e00000, 0x0000000083f00000|  0%| F|  |TAMS 0x0000000083e00000, 0x0000000083e00000| Untracked 
|  35|0x0000000083f00000, 0x0000000083f00000, 0x0000000084000000|  0%| F|  |TAMS 0x0000000083f00000, 0x0000000083f00000| Untracked 
|  36|0x0000000084000000, 0x0000000084000000, 0x0000000084100000|  0%| F|  |TAMS 0x0000000084000000, 0x0000000084000000| Untracked 
|  37|0x0000000084100000, 0x0000000084100000, 0x0000000084200000|  0%| F|  |TAMS 0x0000000084100000, 0x0000000084100000| Untracked 
|  38|0x0000000084200000, 0x0000000084200000, 0x0000000084300000|  0%| F|  |TAMS 0x0000000084200000, 0x0000000084200000| Untracked 
|  39|0x0000000084300000, 0x0000000084300000, 0x0000000084400000|  0%| F|  |TAMS 0x0000000084300000, 0x0000000084300000| Untracked 
|  40|0x0000000084400000, 0x0000000084400000, 0x0000000084500000|  0%| F|  |TAMS 0x0000000084400000, 0x0000000084400000| Untracked 
|  41|0x0000000084500000, 0x0000000084500000, 0x0000000084600000|  0%| F|  |TAMS 0x0000000084500000, 0x0000000084500000| Untracked 
|  42|0x0000000084600000, 0x0000000084600000, 0x0000000084700000|  0%| F|  |TAMS 0x0000000084600000, 0x0000000084600000| Untracked 
|  43|0x0000000084700000, 0x0000000084700000, 0x0000000084800000|  0%| F|  |TAMS 0x0000000084700000, 0x0000000084700000| Untracked 
|  44|0x0000000084800000, 0x0000000084800000, 0x0000000084900000|  0%| F|  |TAMS 0x0000000084800000, 0x0000000084800000| Untracked 
|  45|0x0000000084900000, 0x0000000084900000, 0x0000000084a00000|  0%| F|  |TAMS 0x0000000084900000, 0x0000000084900000| Untracked 
|  46|0x0000000084a00000, 0x0000000084a00000, 0x0000000084b00000|  0%| F|  |TAMS 0x0000000084a00000, 0x0000000084a00000| Untracked 
|  47|0x0000000084b00000, 0x0000000084b00000, 0x0000000084c00000|  0%| F|  |TAMS 0x0000000084b00000, 0x0000000084b00000| Untracked 
|  48|0x0000000084c00000, 0x0000000084c00000, 0x0000000084d00000|  0%| F|  |TAMS 0x0000000084c00000, 0x0000000084c00000| Untracked 
|  49|0x0000000084d00000, 0x0000000084d00000, 0x0000000084e00000|  0%| F|  |TAMS 0x0000000084d00000, 0x0000000084d00000| Untracked 
|  50|0x0000000084e00000, 0x0000000084e00000, 0x0000000084f00000|  0%| F|  |TAMS 0x0000000084e00000, 0x0000000084e00000| Untracked 
|  51|0x0000000084f00000, 0x0000000084f00000, 0x0000000085000000|  0%| F|  |TAMS 0x0000000084f00000, 0x0000000084f00000| Untracked 
|  52|0x0000000085000000, 0x0000000085000000, 0x0000000085100000|  0%| F|  |TAMS 0x0000000085000000, 0x0000000085000000| Untracked 
|  53|0x0000000085100000, 0x0000000085100000, 0x0000000085200000|  0%| F|  |TAMS 0x0000000085100000, 0x0000000085100000| Untracked 
|  54|0x0000000085200000, 0x0000000085200000, 0x0000000085300000|  0%| F|  |TAMS 0x0000000085200000, 0x0000000085200000| Untracked 
|  55|0x0000000085300000, 0x0000000085300000, 0x0000000085400000|  0%| F|  |TAMS 0x0000000085300000, 0x0000000085300000| Untracked 
|  56|0x0000000085400000, 0x0000000085400000, 0x0000000085500000|  0%| F|  |TAMS 0x0000000085400000, 0x0000000085400000| Untracked 
|  57|0x0000000085500000, 0x0000000085500000, 0x0000000085600000|  0%| F|  |TAMS 0x0000000085500000, 0x0000000085500000| Untracked 
|  58|0x0000000085600000, 0x0000000085600000, 0x0000000085700000|  0%| F|  |TAMS 0x0000000085600000, 0x0000000085600000| Untracked 
|  59|0x0000000085700000, 0x0000000085700000, 0x0000000085800000|  0%| F|  |TAMS 0x0000000085700000, 0x0000000085700000| Untracked 
|  60|0x0000000085800000, 0x0000000085800000, 0x0000000085900000|  0%| F|  |TAMS 0x0000000085800000, 0x0000000085800000| Untracked 
|  61|0x0000000085900000, 0x0000000085900000, 0x0000000085a00000|  0%| F|  |TAMS 0x0000000085900000, 0x0000000085900000| Untracked 
|  62|0x0000000085a00000, 0x0000000085a00000, 0x0000000085b00000|  0%| F|  |TAMS 0x0000000085a00000, 0x0000000085a00000| Untracked 
|  63|0x0000000085b00000, 0x0000000085b00000, 0x0000000085c00000|  0%| F|  |TAMS 0x0000000085b00000, 0x0000000085b00000| Untracked 
|  64|0x0000000085c00000, 0x0000000085c00000, 0x0000000085d00000|  0%| F|  |TAMS 0x0000000085c00000, 0x0000000085c00000| Untracked 
|  65|0x0000000085d00000, 0x0000000085d00000, 0x0000000085e00000|  0%| F|  |TAMS 0x0000000085d00000, 0x0000000085d00000| Untracked 
|  66|0x0000000085e00000, 0x0000000085e00000, 0x0000000085f00000|  0%| F|  |TAMS 0x0000000085e00000, 0x0000000085e00000| Untracked 
|  67|0x0000000085f00000, 0x0000000085f00000, 0x0000000086000000|  0%| F|  |TAMS 0x0000000085f00000, 0x0000000085f00000| Untracked 
|  68|0x0000000086000000, 0x0000000086000000, 0x0000000086100000|  0%| F|  |TAMS 0x0000000086000000, 0x0000000086000000| Untracked 
|  69|0x0000000086100000, 0x0000000086100000, 0x0000000086200000|  0%| F|  |TAMS 0x0000000086100000, 0x0000000086100000| Untracked 
|  70|0x0000000086200000, 0x0000000086200000, 0x0000000086300000|  0%| F|  |TAMS 0x0000000086200000, 0x0000000086200000| Untracked 
|  71|0x0000000086300000, 0x0000000086300000, 0x0000000086400000|  0%| F|  |TAMS 0x0000000086300000, 0x0000000086300000| Untracked 
|  72|0x0000000086400000, 0x0000000086400000, 0x0000000086500000|  0%| F|  |TAMS 0x0000000086400000, 0x0000000086400000| Untracked 
|  73|0x0000000086500000, 0x0000000086500000, 0x0000000086600000|  0%| F|  |TAMS 0x0000000086500000, 0x0000000086500000| Untracked 
|  74|0x0000000086600000, 0x0000000086600000, 0x0000000086700000|  0%| F|  |TAMS 0x0000000086600000, 0x0000000086600000| Untracked 
|  75|0x0000000086700000, 0x0000000086700000, 0x0000000086800000|  0%| F|  |TAMS 0x0000000086700000, 0x0000000086700000| Untracked 
|  76|0x0000000086800000, 0x0000000086800000, 0x0000000086900000|  0%| F|  |TAMS 0x0000000086800000, 0x0000000086800000| Untracked 
|  77|0x0000000086900000, 0x0000000086900000, 0x0000000086a00000|  0%| F|  |TAMS 0x0000000086900000, 0x0000000086900000| Untracked 
|  78|0x0000000086a00000, 0x0000000086a00000, 0x0000000086b00000|  0%| F|  |TAMS 0x0000000086a00000, 0x0000000086a00000| Untracked 
|  79|0x0000000086b00000, 0x0000000086b00000, 0x0000000086c00000|  0%| F|  |TAMS 0x0000000086b00000, 0x0000000086b00000| Untracked 
|  80|0x0000000086c00000, 0x0000000086c00000, 0x0000000086d00000|  0%| F|  |TAMS 0x0000000086c00000, 0x0000000086c00000| Untracked 
|  81|0x0000000086d00000, 0x0000000086d00000, 0x0000000086e00000|  0%| F|  |TAMS 0x0000000086d00000, 0x0000000086d00000| Untracked 
|  82|0x0000000086e00000, 0x0000000086e00000, 0x0000000086f00000|  0%| F|  |TAMS 0x0000000086e00000, 0x0000000086e00000| Untracked 
|  83|0x0000000086f00000, 0x0000000086f00000, 0x0000000087000000|  0%| F|  |TAMS 0x0000000086f00000, 0x0000000086f00000| Untracked 
|  84|0x0000000087000000, 0x0000000087000000, 0x0000000087100000|  0%| F|  |TAMS 0x0000000087000000, 0x0000000087000000| Untracked 
|  85|0x0000000087100000, 0x0000000087100000, 0x0000000087200000|  0%| F|  |TAMS 0x0000000087100000, 0x0000000087100000| Untracked 
|  86|0x0000000087200000, 0x0000000087200000, 0x0000000087300000|  0%| F|  |TAMS 0x0000000087200000, 0x0000000087200000| Untracked 
|  87|0x0000000087300000, 0x0000000087300000, 0x0000000087400000|  0%| F|  |TAMS 0x0000000087300000, 0x0000000087300000| Untracked 
|  88|0x0000000087400000, 0x0000000087400000, 0x0000000087500000|  0%| F|  |TAMS 0x0000000087400000, 0x0000000087400000| Untracked 
|  89|0x0000000087500000, 0x0000000087500000, 0x0000000087600000|  0%| F|  |TAMS 0x0000000087500000, 0x0000000087500000| Untracked 
|  90|0x0000000087600000, 0x0000000087600000, 0x0000000087700000|  0%| F|  |TAMS 0x0000000087600000, 0x0000000087600000| Untracked 
|  91|0x0000000087700000, 0x0000000087700000, 0x0000000087800000|  0%| F|  |TAMS 0x0000000087700000, 0x0000000087700000| Untracked 
|  92|0x0000000087800000, 0x0000000087800000, 0x0000000087900000|  0%| F|  |TAMS 0x0000000087800000, 0x0000000087800000| Untracked 
|  93|0x0000000087900000, 0x0000000087980800, 0x0000000087a00000| 50%| E|  |TAMS 0x0000000087900000, 0x0000000087900000| Complete 
|  94|0x0000000087a00000, 0x0000000087b00000, 0x0000000087b00000|100%| E|CS|TAMS 0x0000000087a00000, 0x0000000087a00000| Complete 
|  95|0x0000000087b00000, 0x0000000087c00000, 0x0000000087c00000|100%| E|CS|TAMS 0x0000000087b00000, 0x0000000087b00000| Complete 
|  96|0x0000000087c00000, 0x0000000087d00000, 0x0000000087d00000|100%| E|CS|TAMS 0x0000000087c00000, 0x0000000087c00000| Complete 
|  97|0x0000000087d00000, 0x0000000087e00000, 0x0000000087e00000|100%| E|CS|TAMS 0x0000000087d00000, 0x0000000087d00000| Complete 
|  98|0x0000000087e00000, 0x0000000087f00000, 0x0000000087f00000|100%| E|CS|TAMS 0x0000000087e00000, 0x0000000087e00000| Complete 
|  99|0x0000000087f00000, 0x0000000088000000, 0x0000000088000000|100%| E|CS|TAMS 0x0000000087f00000, 0x0000000087f00000| Complete 
| 100|0x0000000088000000, 0x0000000088100000, 0x0000000088100000|100%| E|CS|TAMS 0x0000000088000000, 0x0000000088000000| Complete 
| 101|0x0000000088100000, 0x0000000088200000, 0x0000000088200000|100%| S|CS|TAMS 0x0000000088100000, 0x0000000088100000| Complete 
| 102|0x0000000088200000, 0x0000000088300000, 0x0000000088300000|100%| S|CS|TAMS 0x0000000088200000, 0x0000000088200000| Complete 
| 103|0x0000000088300000, 0x0000000088400000, 0x0000000088400000|100%| S|CS|TAMS 0x0000000088300000, 0x0000000088300000| Complete 
| 104|0x0000000088400000, 0x0000000088500000, 0x0000000088500000|100%| E|CS|TAMS 0x0000000088400000, 0x0000000088400000| Complete 
| 105|0x0000000088500000, 0x0000000088600000, 0x0000000088600000|100%| E|CS|TAMS 0x0000000088500000, 0x0000000088500000| Complete 
| 106|0x0000000088600000, 0x0000000088700000, 0x0000000088700000|100%| E|CS|TAMS 0x0000000088600000, 0x0000000088600000| Complete 
| 107|0x0000000088700000, 0x0000000088800000, 0x0000000088800000|100%| E|CS|TAMS 0x0000000088700000, 0x0000000088700000| Complete 
| 108|0x0000000088800000, 0x0000000088900000, 0x0000000088900000|100%| E|CS|TAMS 0x0000000088800000, 0x0000000088800000| Complete 
| 109|0x0000000088900000, 0x0000000088a00000, 0x0000000088a00000|100%| E|CS|TAMS 0x0000000088900000, 0x0000000088900000| Complete 
| 110|0x0000000088a00000, 0x0000000088b00000, 0x0000000088b00000|100%| E|CS|TAMS 0x0000000088a00000, 0x0000000088a00000| Complete 
| 111|0x0000000088b00000, 0x0000000088c00000, 0x0000000088c00000|100%| E|CS|TAMS 0x0000000088b00000, 0x0000000088b00000| Complete 
| 112|0x0000000088c00000, 0x0000000088d00000, 0x0000000088d00000|100%| E|CS|TAMS 0x0000000088c00000, 0x0000000088c00000| Complete 
| 113|0x0000000088d00000, 0x0000000088e00000, 0x0000000088e00000|100%| E|CS|TAMS 0x0000000088d00000, 0x0000000088d00000| Complete 
| 114|0x0000000088e00000, 0x0000000088f00000, 0x0000000088f00000|100%| E|CS|TAMS 0x0000000088e00000, 0x0000000088e00000| Complete 
| 115|0x0000000088f00000, 0x0000000089000000, 0x0000000089000000|100%| E|CS|TAMS 0x0000000088f00000, 0x0000000088f00000| Complete 
| 116|0x0000000089000000, 0x0000000089100000, 0x0000000089100000|100%| E|CS|TAMS 0x0000000089000000, 0x0000000089000000| Complete 
| 117|0x0000000089100000, 0x0000000089200000, 0x0000000089200000|100%| E|CS|TAMS 0x0000000089100000, 0x0000000089100000| Complete 
| 118|0x0000000089200000, 0x0000000089300000, 0x0000000089300000|100%| E|CS|TAMS 0x0000000089200000, 0x0000000089200000| Complete 
| 119|0x0000000089300000, 0x0000000089400000, 0x0000000089400000|100%| E|CS|TAMS 0x0000000089300000, 0x0000000089300000| Complete 
| 120|0x0000000089400000, 0x0000000089500000, 0x0000000089500000|100%| E|CS|TAMS 0x0000000089400000, 0x0000000089400000| Complete 
| 121|0x0000000089500000, 0x0000000089600000, 0x0000000089600000|100%| E|CS|TAMS 0x0000000089500000, 0x0000000089500000| Complete 
| 122|0x0000000089600000, 0x0000000089700000, 0x0000000089700000|100%| E|CS|TAMS 0x0000000089600000, 0x0000000089600000| Complete 
| 123|0x0000000089700000, 0x0000000089800000, 0x0000000089800000|100%| E|CS|TAMS 0x0000000089700000, 0x0000000089700000| Complete 
| 124|0x0000000089800000, 0x0000000089900000, 0x0000000089900000|100%| E|CS|TAMS 0x0000000089800000, 0x0000000089800000| Complete 
| 125|0x0000000089900000, 0x0000000089a00000, 0x0000000089a00000|100%| E|CS|TAMS 0x0000000089900000, 0x0000000089900000| Complete 
| 126|0x0000000089a00000, 0x0000000089b00000, 0x0000000089b00000|100%| E|CS|TAMS 0x0000000089a00000, 0x0000000089a00000| Complete 
| 127|0x0000000089b00000, 0x0000000089c00000, 0x0000000089c00000|100%| E|CS|TAMS 0x0000000089b00000, 0x0000000089b00000| Complete 

Card table byte_map: [0x0000014ff5430000,0x0000014ff5830000] _byte_map_base: 0x0000014ff5022000

Marking Bits (Prev, Next): (CMBitMap*) 0x0000014fdd916eb8, (CMBitMap*) 0x0000014fdd916ef8
 Prev Bits: [0x0000014ff5c30000, 0x0000014ff7bc0000)
 Next Bits: [0x0000014ff7bc0000, 0x0000014ff9b50000)

Polling page: 0x0000014fdb860000

Metaspace:

Usage:
  Non-class:     13.25 MB capacity,    12.65 MB ( 96%) used,   537.14 KB (  4%) free+waste,    70.69 KB ( <1%) overhead. 
      Class:      2.40 MB capacity,     2.13 MB ( 89%) used,   239.82 KB ( 10%) free+waste,    38.44 KB (  2%) overhead. 
       Both:     15.65 MB capacity,    14.79 MB ( 94%) used,   776.96 KB (  5%) free+waste,   109.13 KB ( <1%) overhead. 

Virtual space:
  Non-class space:       14.00 MB reserved,      13.25 MB ( 95%) committed 
      Class space:        1.00 GB reserved,       2.50 MB ( <1%) committed 
             Both:        1.01 GB reserved,      15.75 MB (  2%) committed 

Chunk freelists:
   Non-Class:  256 bytes
       Class:  0 bytes
        Both:  256 bytes

CodeHeap 'non-profiled nmethods': size=120000Kb used=889Kb max_used=889Kb free=119110Kb
 bounds [0x0000014fed7c0000, 0x0000014feda30000, 0x0000014ff4cf0000]
CodeHeap 'profiled nmethods': size=120000Kb used=3958Kb max_used=3958Kb free=116041Kb
 bounds [0x0000014fe6290000, 0x0000014fe6670000, 0x0000014fed7c0000]
CodeHeap 'non-nmethods': size=5760Kb used=1342Kb max_used=1407Kb free=4417Kb
 bounds [0x0000014fe5cf0000, 0x0000014fe5f60000, 0x0000014fe6290000]
 total_blobs=3285 nmethods=2141 adapters=662
 compilation: enabled
              stopped_count=0, restarted_count=0
 full_count=0

Compilation events (10 events):
Event: 3.842 Thread 0x0000014ffc586000 2140       3       com.sun.javafx.scene.EnteredExitedHandler::dispatchCapturingEvent (222 bytes)
Event: 3.844 Thread 0x0000014ffc586000 nmethod 2140 0x0000014fe665f910 code [0x0000014fe665fd20, 0x0000014fe66623e0]
Event: 3.864 Thread 0x0000014ffc586000 2141       3       com.sun.javafx.geom.transform.Affine3D::concatenate (561 bytes)
Event: 3.866 Thread 0x0000014ffc586000 nmethod 2141 0x0000014fe6662c10 code [0x0000014fe6662f80, 0x0000014fe66647e0]
Event: 3.866 Thread 0x0000014ffc586000 2142       3       com.sun.marlin.DRenderer::_endRendering (2473 bytes)
Event: 3.874 Thread 0x0000014ffc586000 nmethod 2142 0x0000014fe6665210 code [0x0000014fe6665820, 0x0000014fe6669a50]
Event: 3.874 Thread 0x0000014ffc586000 2143       3       com.sun.javafx.geom.transform.Identity::transform (24 bytes)
Event: 3.875 Thread 0x0000014ffc586000 nmethod 2143 0x0000014fe666d390 code [0x0000014fe666d560, 0x0000014fe666d810]
Event: 3.875 Thread 0x0000014ffc586000 2144       1       com.sun.prism.impl.BaseGraphics::getPaint (5 bytes)
Event: 3.875 Thread 0x0000014ffc586000 nmethod 2144 0x0000014fed89e210 code [0x0000014fed89e3c0, 0x0000014fed89e4f8]

GC Heap History (2 events):
Event: 0.948 GC heap before
{Heap before GC invocations=0 (full 0):
 garbage-first heap   total 131072K, used 23552K [0x0000000081c00000, 0x0000000100000000)
  region size 1024K, 24 young (24576K), 0 survivors (0K)
 Metaspace       used 6746K, capacity 8759K, committed 9088K, reserved 1056768K
  class space    used 819K, capacity 1077K, committed 1152K, reserved 1048576K
}
Event: 0.950 GC heap after
{Heap after GC invocations=1 (full 0):
 garbage-first heap   total 131072K, used 3467K [0x0000000081c00000, 0x0000000100000000)
  region size 1024K, 3 young (3072K), 3 survivors (3072K)
 Metaspace       used 6746K, capacity 8759K, committed 9088K, reserved 1056768K
  class space    used 819K, capacity 1077K, committed 1152K, reserved 1048576K
}

Deoptimization events (10 events):
Event: 1.193 Thread 0x0000014ffe5d6800 Uncommon trap: reason=unstable_if action=reinterpret pc=0x0000014fed7e1254 method=java.lang.StringLatin1.canEncode(I)Z @ 4 c2
Event: 1.477 Thread 0x0000014ffe5d6800 Uncommon trap: reason=unstable_if action=reinterpret pc=0x0000014fed7cbebc method=java.lang.String.isLatin1()Z @ 10 c2
Event: 1.480 Thread 0x0000014ffe5d6800 Uncommon trap: reason=unstable_if action=reinterpret pc=0x0000014fed81ac0c method=java.io.ByteArrayInputStream.read()I @ 8 c2
Event: 1.483 Thread 0x0000014ffe5d6800 Uncommon trap: reason=unstable_if action=reinterpret pc=0x0000014fed7ce664 method=java.lang.CharacterData.of(I)Ljava/lang/CharacterData; @ 4 c2
Event: 1.487 Thread 0x0000014ffe5d6800 Uncommon trap: reason=unstable_if action=reinterpret pc=0x0000014fed835b38 method=java.lang.String.indexOf(II)I @ 4 c2
Event: 1.488 Thread 0x0000014ffe5d6800 Uncommon trap: reason=unstable_if action=reinterpret pc=0x0000014fed7ee3e4 method=java.lang.String.startsWith(Ljava/lang/String;I)Z @ 46 c2
Event: 1.490 Thread 0x0000014ffe5d6800 Uncommon trap: reason=unstable_if action=reinterpret pc=0x0000014fed7eeb5c method=java.lang.String.isLatin1()Z @ 10 c2
Event: 1.491 Thread 0x0000014ffe5d6800 Uncommon trap: reason=unstable_if action=reinterpret pc=0x0000014fed805848 method=java.lang.AbstractStringBuilder.putStringAt(ILjava/lang/String;)V @ 8 c2
Event: 1.491 Thread 0x0000014ffe5d6800 Uncommon trap: reason=unstable_if action=reinterpret pc=0x0000014fed812308 method=java.lang.AbstractStringBuilder.isLatin1()Z @ 10 c2
Event: 1.537 Thread 0x0000014ffde8b800 Uncommon trap: reason=unstable_if action=reinterpret pc=0x0000014fed80f0b0 method=java.util.concurrent.ConcurrentHashMap.get(Ljava/lang/Object;)Ljava/lang/Object; @ 86 c2

Classes redefined (0 events):
No events

Internal exceptions (10 events):
Event: 1.287 Thread 0x0000014ffe5d6800 Exception <a 'java/lang/NoSuchMethodError'{0x0000000088c64950}: java.lang.invoke.Invokers$Holder.linkToTargetMethod(Ljava/lang/Object;ILjava/lang/Object;)Ljava/lang/Object;> (0x0000000088c64950) thrown at [t:/workspace/open/src/hotspot/share/interpreter/l
Event: 1.303 Thread 0x0000014ffe5d6800 Exception <a 'java/lang/NoSuchMethodError'{0x0000000088cd5f38}: java.lang.invoke.DirectMethodHandle$Holder.invokeInterface(Ljava/lang/Object;Ljava/lang/Object;Ljava/lang/Object;)Ljava/lang/Object;> (0x0000000088cd5f38) thrown at [t:/workspace/open/src/hot
Event: 1.303 Thread 0x0000014ffe5d6800 Exception <a 'java/lang/IncompatibleClassChangeError'{0x0000000088cd8dc8}: Found class java.lang.Object, but interface was expected> (0x0000000088cd8dc8) thrown at [t:/workspace/open/src/hotspot/share/interpreter/linkResolver.cpp, line 843]
Event: 1.361 Thread 0x0000014ffe5d6800 Exception <a 'java/lang/ClassNotFoundException'{0x0000000088adbd58}: com/sun/javafx/scene/control/skin/resources/controls> (0x0000000088adbd58) thrown at [t:/workspace/open/src/hotspot/share/prims/jni.cpp, line 636]
Event: 1.362 Thread 0x0000014ffe5d6800 Exception <a 'java/lang/ClassNotFoundException'{0x0000000088aea060}: com/sun/javafx/scene/control/skin/resources/controls_ru> (0x0000000088aea060) thrown at [t:/workspace/open/src/hotspot/share/prims/jni.cpp, line 636]
Event: 1.362 Thread 0x0000014ffe5d6800 Exception <a 'java/lang/ClassNotFoundException'{0x0000000088aec160}: com/sun/javafx/scene/control/skin/resources/controls_ru_RU> (0x0000000088aec160) thrown at [t:/workspace/open/src/hotspot/share/prims/jni.cpp, line 636]
Event: 1.406 Thread 0x0000014ffe5d6800 Exception <a 'java/lang/NoSuchMethodError'{0x00000000888926c0}: java.lang.invoke.DirectMethodHandle$Holder.invokeSpecial(Ljava/lang/Object;Ljava/lang/Object;Ljava/lang/Object;Ljava/lang/Object;Ljava/lang/Object;Ljava/lang/Object;)V> (0x00000000888926c0) t
Event: 1.524 Thread 0x0000014ffde8b800 Exception <a 'java/lang/NoSuchMethodError'{0x00000000880199d8}: java.lang.invoke.DirectMethodHandle$Holder.invokeStaticInit(Ljava/lang/Object;Ljava/lang/Object;)I> (0x00000000880199d8) thrown at [t:/workspace/open/src/hotspot/share/interpreter/linkResolve
Event: 1.538 Thread 0x0000014ffe5d6800 Exception <a 'java/lang/NoSuchMethodError'{0x0000000088482418}: java.lang.invoke.DirectMethodHandle$Holder.invokeStaticInit(Ljava/lang/Object;Ljava/lang/Object;Ljava/lang/Object;)J> (0x0000000088482418) thrown at [t:/workspace/open/src/hotspot/share/inter
Event: 1.542 Thread 0x0000014ffe5d6800 Exception <a 'java/lang/NoSuchMethodError'{0x0000000087f0f008}: java.lang.invoke.Invokers$Holder.linkToTargetMethod(Ljava/lang/Object;JLjava/lang/Object;)Ljava/lang/Object;> (0x0000000087f0f008) thrown at [t:/workspace/open/src/hotspot/share/interpreter/l

Events (10 events):
Event: 2.717 Thread 0x0000014ffde8b800 DEOPT PACKING pc=0x0000014fe6579bf7 sp=0x0000003f0a8fd980
Event: 2.717 Thread 0x0000014ffde8b800 DEOPT UNPACKING pc=0x0000014fe5d199ce sp=0x0000003f0a8fcdd0 mode 0
Event: 2.718 Thread 0x0000014ffde8b800 DEOPT PACKING pc=0x0000014fe6579bf7 sp=0x0000003f0a8fd980
Event: 2.718 Thread 0x0000014ffde8b800 DEOPT UNPACKING pc=0x0000014fe5d199ce sp=0x0000003f0a8fcdd0 mode 0
Event: 2.718 Thread 0x0000014ffde8b800 DEOPT PACKING pc=0x0000014fe6579bf7 sp=0x0000003f0a8fd980
Event: 2.718 Thread 0x0000014ffde8b800 DEOPT UNPACKING pc=0x0000014fe5d199ce sp=0x0000003f0a8fcdd0 mode 0
Event: 2.724 Thread 0x0000014ffde8b800 DEOPT PACKING pc=0x0000014fe6579bf7 sp=0x0000003f0a8fd980
Event: 2.724 Thread 0x0000014ffde8b800 DEOPT UNPACKING pc=0x0000014fe5d199ce sp=0x0000003f0a8fcdd0 mode 0
Event: 2.725 Executing VM operation: RevokeBias
Event: 2.725 Executing VM operation: RevokeBias done


Dynamic libraries:
0x00007ff7ac870000 - 0x00007ff7ac87f000 	C:\Program Files\Java\jdk-12.0.2\bin\java.exe
0x00007ffd2aff0000 - 0x00007ffd2b1e5000 	C:\WINDOWS\SYSTEM32\ntdll.dll
0x00007ffd29fe0000 - 0x00007ffd2a09d000 	C:\WINDOWS\System32\KERNEL32.DLL
0x00007ffd28d80000 - 0x00007ffd29048000 	C:\WINDOWS\System32\KERNELBASE.dll
0x00007ffd28730000 - 0x00007ffd28830000 	C:\WINDOWS\System32\ucrtbase.dll
0x00007ffd21d20000 - 0x00007ffd21d38000 	C:\Program Files\Java\jdk-12.0.2\bin\jli.dll
0x00007ffd29050000 - 0x00007ffd290fc000 	C:\WINDOWS\System32\ADVAPI32.dll
0x00007ffd22db0000 - 0x00007ffd22dc6000 	C:\Program Files\Java\jdk-12.0.2\bin\VCRUNTIME140.dll
0x00007ffd2ade0000 - 0x00007ffd2ae7e000 	C:\WINDOWS\System32\msvcrt.dll
0x00007ffd2af10000 - 0x00007ffd2afab000 	C:\WINDOWS\System32\sechost.dll
0x00007ffd299a0000 - 0x00007ffd29acb000 	C:\WINDOWS\System32\RPCRT4.dll
0x00007ffd2a170000 - 0x00007ffd2a310000 	C:\WINDOWS\System32\USER32.dll
0x00007ffd28b00000 - 0x00007ffd28b22000 	C:\WINDOWS\System32\win32u.dll
0x00007ffd0db50000 - 0x00007ffd0ddea000 	C:\WINDOWS\WinSxS\amd64_microsoft.windows.common-controls_6595b64144ccf1df_6.0.19041.844_none_ca00b6081b84eb1d\COMCTL32.dll
0x00007ffd2ae80000 - 0x00007ffd2aeaa000 	C:\WINDOWS\System32\GDI32.dll
0x00007ffd28c70000 - 0x00007ffd28d7b000 	C:\WINDOWS\System32\gdi32full.dll
0x00007ffd28830000 - 0x00007ffd288cd000 	C:\WINDOWS\System32\msvcp_win.dll
0x00007ffd1de40000 - 0x00007ffd1de4a000 	C:\WINDOWS\SYSTEM32\VERSION.dll
0x00007ffd29ad0000 - 0x00007ffd29b00000 	C:\WINDOWS\System32\IMM32.DLL
0x00007ffd21a70000 - 0x00007ffd21b1a000 	C:\Program Files\Java\jdk-12.0.2\bin\msvcp140.dll
0x00007ffce8920000 - 0x00007ffce9497000 	C:\Program Files\Java\jdk-12.0.2\bin\server\jvm.dll
0x00007ffd29230000 - 0x00007ffd29238000 	C:\WINDOWS\System32\PSAPI.DLL
0x00007ffd24040000 - 0x00007ffd24049000 	C:\WINDOWS\SYSTEM32\WSOCK32.dll
0x00007ffd143b0000 - 0x00007ffd143d7000 	C:\WINDOWS\SYSTEM32\WINMM.dll
0x00007ffd29bb0000 - 0x00007ffd29c1b000 	C:\WINDOWS\System32\WS2_32.dll
0x00007ffd27000000 - 0x00007ffd27012000 	C:\WINDOWS\SYSTEM32\kernel.appcore.dll
0x00007ffd21a50000 - 0x00007ffd21a61000 	C:\Program Files\Java\jdk-12.0.2\bin\verify.dll
0x00007ffd26640000 - 0x00007ffd26824000 	C:\WINDOWS\SYSTEM32\DBGHELP.DLL
0x00007ffd14440000 - 0x00007ffd1446c000 	C:\WINDOWS\SYSTEM32\dbgcore.DLL
0x00007ffd288d0000 - 0x00007ffd28950000 	C:\WINDOWS\System32\bcryptPrimitives.dll
0x00007ffd21a20000 - 0x00007ffd21a46000 	C:\Program Files\Java\jdk-12.0.2\bin\java.dll
0x00007ffd23850000 - 0x00007ffd2385e000 	C:\Program Files\Java\jdk-12.0.2\bin\instrument.dll
0x00007ffd21a00000 - 0x00007ffd21a17000 	C:\Program Files\Java\jdk-12.0.2\bin\zip.dll
0x00007ffd23730000 - 0x00007ffd2373a000 	C:\Program Files\Java\jdk-12.0.2\bin\jimage.dll
0x00007ffd2a690000 - 0x00007ffd2add2000 	C:\WINDOWS\System32\SHELL32.dll
0x00007ffd26850000 - 0x00007ffd26fe1000 	C:\WINDOWS\SYSTEM32\windows.storage.dll
0x00007ffd29c80000 - 0x00007ffd29fd5000 	C:\WINDOWS\System32\combase.dll
0x00007ffd281a0000 - 0x00007ffd281cc000 	C:\WINDOWS\SYSTEM32\Wldp.dll
0x00007ffd29b00000 - 0x00007ffd29bae000 	C:\WINDOWS\System32\SHCORE.dll
0x00007ffd2a110000 - 0x00007ffd2a165000 	C:\WINDOWS\System32\shlwapi.dll
0x00007ffd28670000 - 0x00007ffd2868f000 	C:\WINDOWS\SYSTEM32\profapi.dll
0x00007ffd219e0000 - 0x00007ffd219f9000 	C:\Program Files\Java\jdk-12.0.2\bin\net.dll
0x00007ffd146f0000 - 0x00007ffd148de000 	C:\WINDOWS\SYSTEM32\urlmon.dll
0x00007ffd1e130000 - 0x00007ffd1e23b000 	C:\WINDOWS\SYSTEM32\WINHTTP.dll
0x00007ffd0dfa0000 - 0x00007ffd0e250000 	C:\WINDOWS\SYSTEM32\iertutil.dll
0x00007ffd27f10000 - 0x00007ffd27f7a000 	C:\WINDOWS\system32\mswsock.dll
0x00007ffd219c0000 - 0x00007ffd219d3000 	C:\Program Files\Java\jdk-12.0.2\bin\nio.dll
0x00007ffd237d0000 - 0x00007ffd237ea000 	C:\Program Files\JetBrains\IntelliJ IDEA Community Edition 2020.1.1\bin\breakgen64.dll
0x0000014fdb8b0000 - 0x0000014fdb8b3000 	C:\JavaFX\javafx-sdk-11.0.2\bin\api-ms-win-core-console-l1-1-0.dll
0x0000014fdb8c0000 - 0x0000014fdb8c3000 	C:\JavaFX\javafx-sdk-11.0.2\bin\api-ms-win-core-datetime-l1-1-0.dll
0x0000014fdb8d0000 - 0x0000014fdb8d3000 	C:\JavaFX\javafx-sdk-11.0.2\bin\api-ms-win-core-debug-l1-1-0.dll
0x0000014fdb8e0000 - 0x0000014fdb8e3000 	C:\JavaFX\javafx-sdk-11.0.2\bin\api-ms-win-core-errorhandling-l1-1-0.dll
0x0000014fdb8f0000 - 0x0000014fdb8f4000 	C:\JavaFX\javafx-sdk-11.0.2\bin\api-ms-win-core-file-l1-1-0.dll
0x0000014fdb900000 - 0x0000014fdb903000 	C:\JavaFX\javafx-sdk-11.0.2\bin\api-ms-win-core-file-l1-2-0.dll
0x0000014fdd880000 - 0x0000014fdd883000 	C:\JavaFX\javafx-sdk-11.0.2\bin\api-ms-win-core-file-l2-1-0.dll
0x0000014fdd890000 - 0x0000014fdd893000 	C:\JavaFX\javafx-sdk-11.0.2\bin\api-ms-win-core-handle-l1-1-0.dll
0x0000014fdd8a0000 - 0x0000014fdd8a3000 	C:\JavaFX\javafx-sdk-11.0.2\bin\api-ms-win-core-heap-l1-1-0.dll
0x0000014fdd8b0000 - 0x0000014fdd8b3000 	C:\JavaFX\javafx-sdk-11.0.2\bin\api-ms-win-core-interlocked-l1-1-0.dll
0x0000014ffeab0000 - 0x0000014ffeab3000 	C:\JavaFX\javafx-sdk-11.0.2\bin\api-ms-win-core-libraryloader-l1-1-0.dll
0x0000014ffeac0000 - 0x0000014ffeac3000 	C:\JavaFX\javafx-sdk-11.0.2\bin\api-ms-win-core-localization-l1-2-0.dll
0x0000014ffead0000 - 0x0000014ffead3000 	C:\JavaFX\javafx-sdk-11.0.2\bin\api-ms-win-core-memory-l1-1-0.dll
0x0000014ffeae0000 - 0x0000014ffeae3000 	C:\JavaFX\javafx-sdk-11.0.2\bin\api-ms-win-core-namedpipe-l1-1-0.dll
0x0000014ffeaf0000 - 0x0000014ffeaf3000 	C:\JavaFX\javafx-sdk-11.0.2\bin\api-ms-win-core-processenvironment-l1-1-0.dll
0x0000014ffeb00000 - 0x0000014ffeb03000 	C:\JavaFX\javafx-sdk-11.0.2\bin\api-ms-win-core-processthreads-l1-1-0.dll
0x0000014ffeb10000 - 0x0000014ffeb13000 	C:\JavaFX\javafx-sdk-11.0.2\bin\api-ms-win-core-processthreads-l1-1-1.dll
0x0000014ffeb20000 - 0x0000014ffeb23000 	C:\JavaFX\javafx-sdk-11.0.2\bin\api-ms-win-core-profile-l1-1-0.dll
0x0000014ffeb30000 - 0x0000014ffeb33000 	C:\JavaFX\javafx-sdk-11.0.2\bin\api-ms-win-core-rtlsupport-l1-1-0.dll
0x0000014ffeb40000 - 0x0000014ffeb43000 	C:\JavaFX\javafx-sdk-11.0.2\bin\api-ms-win-core-string-l1-1-0.dll
0x0000014ffeb50000 - 0x0000014ffeb53000 	C:\JavaFX\javafx-sdk-11.0.2\bin\api-ms-win-core-synch-l1-1-0.dll
0x0000014ffeb60000 - 0x0000014ffeb63000 	C:\JavaFX\javafx-sdk-11.0.2\bin\api-ms-win-core-synch-l1-2-0.dll
0x0000014ffeb70000 - 0x0000014ffeb73000 	C:\JavaFX\javafx-sdk-11.0.2\bin\api-ms-win-core-sysinfo-l1-1-0.dll
0x0000014ffeb80000 - 0x0000014ffeb83000 	C:\JavaFX\javafx-sdk-11.0.2\bin\api-ms-win-core-timezone-l1-1-0.dll
0x0000014ffeb90000 - 0x0000014ffeb93000 	C:\JavaFX\javafx-sdk-11.0.2\bin\api-ms-win-core-util-l1-1-0.dll
0x0000014ffeba0000 - 0x0000014ffeba3000 	C:\JavaFX\javafx-sdk-11.0.2\bin\api-ms-win-crt-conio-l1-1-0.dll
0x0000014ffebb0000 - 0x0000014ffebb4000 	C:\JavaFX\javafx-sdk-11.0.2\bin\api-ms-win-crt-convert-l1-1-0.dll
0x0000014ffebc0000 - 0x0000014ffebc3000 	C:\JavaFX\javafx-sdk-11.0.2\bin\api-ms-win-crt-environment-l1-1-0.dll
0x0000014ffebd0000 - 0x0000014ffebd3000 	C:\JavaFX\javafx-sdk-11.0.2\bin\api-ms-win-crt-filesystem-l1-1-0.dll
0x0000014ffeda0000 - 0x0000014ffeda3000 	C:\JavaFX\javafx-sdk-11.0.2\bin\api-ms-win-crt-heap-l1-1-0.dll
0x0000014ffef70000 - 0x0000014ffef73000 	C:\JavaFX\javafx-sdk-11.0.2\bin\api-ms-win-crt-locale-l1-1-0.dll
0x0000014ffef80000 - 0x0000014ffef85000 	C:\JavaFX\javafx-sdk-11.0.2\bin\api-ms-win-crt-math-l1-1-0.dll
0x0000014ffef90000 - 0x0000014ffef95000 	C:\JavaFX\javafx-sdk-11.0.2\bin\api-ms-win-crt-multibyte-l1-1-0.dll
0x0000014ffefa0000 - 0x0000014ffefb0000 	C:\JavaFX\javafx-sdk-11.0.2\bin\api-ms-win-crt-private-l1-1-0.dll
0x0000014ffefb0000 - 0x0000014ffefb3000 	C:\JavaFX\javafx-sdk-11.0.2\bin\api-ms-win-crt-process-l1-1-0.dll
0x0000014ffefc0000 - 0x0000014ffefc4000 	C:\JavaFX\javafx-sdk-11.0.2\bin\api-ms-win-crt-runtime-l1-1-0.dll
0x0000014ffefd0000 - 0x0000014ffefd4000 	C:\JavaFX\javafx-sdk-11.0.2\bin\api-ms-win-crt-stdio-l1-1-0.dll
0x0000014ffefe0000 - 0x0000014ffefe4000 	C:\JavaFX\javafx-sdk-11.0.2\bin\api-ms-win-crt-string-l1-1-0.dll
0x0000014ffeff0000 - 0x0000014ffeff3000 	C:\JavaFX\javafx-sdk-11.0.2\bin\api-ms-win-crt-time-l1-1-0.dll
0x0000014fff000000 - 0x0000014fff003000 	C:\JavaFX\javafx-sdk-11.0.2\bin\api-ms-win-crt-utility-l1-1-0.dll
0x00007ffcfe720000 - 0x00007ffcfe81a000 	C:\JavaFX\javafx-sdk-11.0.2\bin\ucrtbase.dll
0x00007ffd23780000 - 0x00007ffd23796000 	C:\JavaFX\javafx-sdk-11.0.2\bin\vcruntime140.dll
0x00007ffd091e0000 - 0x00007ffd09286000 	C:\JavaFX\javafx-sdk-11.0.2\bin\msvcp140.dll
0x00007ffd042e0000 - 0x00007ffd04331000 	C:\JavaFX\javafx-sdk-11.0.2\bin\concrt140.dll
0x00007ffd21700000 - 0x00007ffd21723000 	C:\JavaFX\javafx-sdk-11.0.2\bin\prism_d3d.dll
0x00007ffd12330000 - 0x00007ffd124fe000 	C:\WINDOWS\system32\d3d9.dll
0x00007ffd25fc0000 - 0x00007ffd25fef000 	C:\WINDOWS\SYSTEM32\dwmapi.dll
0x00007ffd25be0000 - 0x00007ffd25c7e000 	C:\WINDOWS\system32\uxtheme.dll
0x00007ffce94f0000 - 0x00007ffce9655000 	C:\WINDOWS\System32\DriverStore\FileRepository\iigd_dch.inf_amd64_2b1d9e395a05d1c9\igdumdim64.dll
0x00007ffd2a3b0000 - 0x00007ffd2a4da000 	C:\WINDOWS\System32\ole32.dll
0x00007ffce1930000 - 0x00007ffce60b0000 	C:\WINDOWS\System32\DriverStore\FileRepository\iigd_dch.inf_amd64_2b1d9e395a05d1c9\igd9dxva64.dll
0x00007ffd29440000 - 0x00007ffd2950d000 	C:\WINDOWS\System32\OLEAUT32.dll
0x00007ffd29530000 - 0x00007ffd29999000 	C:\WINDOWS\System32\SETUPAPI.dll
0x00007ffd28950000 - 0x00007ffd2899e000 	C:\WINDOWS\System32\cfgmgr32.dll
0x00007ffd28c40000 - 0x00007ffd28c67000 	C:\WINDOWS\System32\bcrypt.dll
0x00007ffd1f3f0000 - 0x00007ffd1f648000 	C:\WINDOWS\System32\DriverStore\FileRepository\iigd_dch.inf_amd64_2b1d9e395a05d1c9\igdgmm64.dll
0x00007ffcfead0000 - 0x00007ffcfeb15000 	C:\JavaFX\javafx-sdk-11.0.2\bin\glass.dll
0x00007ffd29360000 - 0x00007ffd2943a000 	C:\WINDOWS\System32\COMDLG32.dll
0x00007ffd29240000 - 0x00007ffd29355000 	C:\WINDOWS\System32\MSCTF.dll
0x00007ffd23950000 - 0x00007ffd23977000 	C:\WINDOWS\System32\DriverStore\FileRepository\iigd_dch.inf_amd64_2b1d9e395a05d1c9\igdinfo64.dll
0x00007ffd19300000 - 0x00007ffd1bfe0000 	C:\WINDOWS\System32\DriverStore\FileRepository\iigd_dch.inf_amd64_2b1d9e395a05d1c9\igc64.dll
0x00007ffd20010000 - 0x00007ffd2004b000 	C:\WINDOWS\SYSTEM32\dxcore.dll
0x00007ffd22cf0000 - 0x00007ffd22d04000 	C:\JavaFX\javafx-sdk-11.0.2\bin\javafx_font.dll
0x00007ffd27bf0000 - 0x00007ffd27cbc000 	C:\WINDOWS\SYSTEM32\DNSAPI.dll
0x00007ffd27bb0000 - 0x00007ffd27beb000 	C:\WINDOWS\SYSTEM32\IPHLPAPI.DLL
0x00007ffd2a0a0000 - 0x00007ffd2a0a8000 	C:\WINDOWS\System32\NSI.dll
0x00007ffd1e010000 - 0x00007ffd1e01a000 	C:\Windows\System32\rasadhlp.dll
0x00007ffd1df30000 - 0x00007ffd1dfaf000 	C:\WINDOWS\System32\fwpuclnt.dll
0x00007ffcf7770000 - 0x00007ffcf79ef000 	C:\WINDOWS\SYSTEM32\dwrite.dll
0x00007ffd29100000 - 0x00007ffd291a9000 	C:\WINDOWS\System32\clbcatq.dll
0x00007ffd21e20000 - 0x00007ffd21fd4000 	C:\WINDOWS\SYSTEM32\WindowsCodecs.dll
0x00007ffcf5ac0000 - 0x00007ffcf5afe000 	C:\WINDOWS\system32\dataexchange.dll
0x00007ffd24fb0000 - 0x00007ffd25195000 	C:\WINDOWS\system32\dcomp.dll
0x00007ffd241c0000 - 0x00007ffd24424000 	C:\WINDOWS\system32\d3d11.dll
0x00007ffd27070000 - 0x00007ffd27163000 	C:\WINDOWS\system32\dxgi.dll
0x00007ffd22430000 - 0x00007ffd22631000 	C:\WINDOWS\system32\twinapi.appcore.dll
0x00007ffd0a910000 - 0x00007ffd0a944000 	C:\Program Files\Common Files\Microsoft Shared\Ink\rtscom.dll
0x00007ffcfbab0000 - 0x00007ffcfbba9000 	C:\WINDOWS\SYSTEM32\textinputframework.dll
0x00007ffd25880000 - 0x00007ffd25972000 	C:\WINDOWS\System32\CoreMessaging.dll
0x00007ffd25520000 - 0x00007ffd2587e000 	C:\WINDOWS\System32\CoreUIComponents.dll

dbghelp: loaded successfully - version: 4.0.5 - missing functions: none
symbol engine: initialized successfully - sym options: 0x614 - pdb path: .;C:\Program Files\Java\jdk-12.0.2\bin;C:\WINDOWS\SYSTEM32;C:\WINDOWS\WinSxS\amd64_microsoft.windows.common-controls_6595b64144ccf1df_6.0.19041.844_none_ca00b6081b84eb1d;C:\Program Files\Java\jdk-12.0.2\bin\server;C:\Program Files\JetBrains\IntelliJ IDEA Community Edition 2020.1.1\bin;C:\JavaFX\javafx-sdk-11.0.2\bin;C:\WINDOWS\System32\DriverStore\FileRepository\iigd_dch.inf_amd64_2b1d9e395a05d1c9;C:\Program Files\Common Files\Microsoft Shared\Ink;C:\WINDOWS\WinSxS\amd64_microsoft.windows.gdiplus_6595b64144ccf1df_1.1.19041.928_none_faefac437613c6cc;C:\Windows\Microsoft.NET\Framework64\v4.0.30319;C:\Users\User\AppData\Local\Microsoft\OneDrive\21.073.0411.0002\amd64

VM Arguments:
jvm_args: --module-path=C:/JavaFX/javafx-sdk-11.0.2/lib --add-modules=javafx.controls,javafx.fxml,javafx.base --add-modules=javafx.base,javafx.graphics --add-reads=javafx.base=ALL-UNNAMED --add-reads=javafx.graphics=ALL-UNNAMED -javaagent:C:\Program Files\JetBrains\IntelliJ IDEA Community Edition 2020.1.1\lib\idea_rt.jar=1846:C:\Program Files\JetBrains\IntelliJ IDEA Community Edition 2020.1.1\bin -Dfile.encoding=UTF-8 
java_command: sample.Main
java_class_path (initial): C:\JavaXD\Ksis\Kursovoi KSiS\Client\out\production\Client;C:\JavaFX\javafx-sdk-11.0.2\lib\src.zip;C:\JavaFX\javafx-sdk-11.0.2\lib\javafx-swt.jar;C:\JavaFX\javafx-sdk-11.0.2\lib\javafx.web.jar;C:\JavaFX\javafx-sdk-11.0.2\lib\javafx.base.jar;C:\JavaFX\javafx-sdk-11.0.2\lib\javafx.fxml.jar;C:\JavaFX\javafx-sdk-11.0.2\lib\javafx.media.jar;C:\JavaFX\javafx-sdk-11.0.2\lib\javafx.swing.jar;C:\JavaFX\javafx-sdk-11.0.2\lib\javafx.controls.jar;C:\JavaFX\javafx-sdk-11.0.2\lib\javafx.graphics.jar
Launcher Type: SUN_STANDARD

[Global flags]
     intx CICompilerCount                          = 4                                         {product} {ergonomic}
     uint ConcGCThreads                            = 2                                         {product} {ergonomic}
     uint G1ConcRefinementThreads                  = 8                                         {product} {ergonomic}
   size_t G1HeapRegionSize                         = 1048576                                   {product} {ergonomic}
    uintx GCDrainStackTargetSize                   = 64                                        {product} {ergonomic}
   size_t InitialHeapSize                          = 134217728                                 {product} {ergonomic}
   size_t MarkStackSize                            = 4194304                                   {product} {ergonomic}
   size_t MaxHeapSize                              = 2118123520                                {product} {ergonomic}
   size_t MaxNewSize                               = 1270874112                                {product} {ergonomic}
   size_t MinHeapDeltaBytes                        = 1048576                                   {product} {ergonomic}
    uintx NonNMethodCodeHeapSize                   = 5836300                                {pd product} {ergonomic}
    uintx NonProfiledCodeHeapSize                  = 122910970                              {pd product} {ergonomic}
    uintx ProfiledCodeHeapSize                     = 122910970                              {pd product} {ergonomic}
    uintx ReservedCodeCacheSize                    = 251658240                              {pd product} {ergonomic}
     bool SegmentedCodeCache                       = true                                      {product} {ergonomic}
     bool UseCompressedClassPointers               = true                                 {lp64_product} {ergonomic}
     bool UseCompressedOops                        = true                                 {lp64_product} {ergonomic}
     bool UseG1GC                                  = true                                      {product} {ergonomic}
     bool UseLargePagesIndividualAllocation        = false                                  {pd product} {ergonomic}

Logging:
Log output configuration:
 #0: stdout all=warning uptime,level,tags
 #1: stderr all=off uptime,level,tags

Environment Variables:
JAVA_HOME=C:\Program Files\Java\jdk-12.0.2
PATH=C:\Program Files\Java\jdk-12.0.2\bin\;C:\WINDOWS\system32;C:\WINDOWS;C:\WINDOWS\System32\Wbem;C:\WINDOWS\System32\WindowsPowerShell\v1.0\;C:\WINDOWS\System32\OpenSSH\;C:\Program Files (x86)\NVIDIA Corporation\PhysX\Common;C:\Program Files\NVIDIA Corporation\NVIDIA NvDLISR;C:\Program Files\Microsoft SQL Server\130\Tools\Binn\;D:\Calibre\;C:\Program Files\Git\cmd;C:\Users\User\AppData\Local\Programs\Python\Python39\Scripts\;C:\Users\User\AppData\Local\Programs\Python\Python39\;C:\Ruby27-x64\bin;C:\Users\User\AppData\Local\Microsoft\WindowsApps;C:\Program Files\JetBrains\IntelliJ IDEA Community Edition 2020.1.1\bin;D:\Microsoft VS Code\bin;C:\Users\User\AppData\Local\GitHubDesktop\bin;C:\Program Files (x86)\Nmap
USERNAME=User
OS=Windows_NT
PROCESSOR_IDENTIFIER=Intel64 Family 6 Model 142 Stepping 12, GenuineIntel



---------------  S Y S T E M  ---------------

OS: Windows 10 , 64 bit Build 19041 (10.0.19041.928)

CPU:total 8 (initial active 8) (4 cores per cpu, 2 threads per core) family 6 model 142 stepping 12, cmov, cx8, fxsr, mmx, sse, sse2, sse3, ssse3, sse4.1, sse4.2, popcnt, avx, avx2, aes, clmul, erms, 3dnowpref, lzcnt, ht, tsc, tscinvbit, bmi1, bmi2, adx, fma

Memory: 4k page, system-wide physical 8078M (1997M free)
TotalPageFile size 8878M (AvailPageFile size 6M)
current process WorkingSet (physical memory assigned to process): 188M, peak: 188M
current process commit charge ("private bytes"): 303M, peak: 303M

vm_info: Java HotSpot(TM) 64-Bit Server VM (12.0.2+10) for windows-amd64 JRE (12.0.2+10), built on Jul 16 2019 01:56:17 by "mach5one" with MS VC++ 15.5 (VS2017)

END.
