#
# There is insufficient memory for the Java Runtime Environment to continue.
# Native memory allocation (malloc) failed to allocate 1163216 bytes for Chunk::new
# Possible reasons:
#   The system is out of physical RAM or swap space
#   The process is running with CompressedOops enabled, and the Java Heap may be blocking the growth of the native heap
# Possible solutions:
#   Reduce memory load on the system
#   Increase physical memory or swap space
#   Check if swap backing store is full
#   Decrease Java heap size (-Xmx/-Xms)
#   Decrease number of Java threads
#   Decrease Java thread stack sizes (-Xss)
#   Set larger code cache with -XX:ReservedCodeCacheSize=
#   JVM is running with Unscaled Compressed Oops mode in which the Java heap is
#     placed in the first 4GB address space. The Java Heap base address is the
#     maximum limit for the native heap growth. Please use -XX:HeapBaseMinAddress
#     to set the Java Heap base and to place the Java Heap above 4GB virtual address.
# This output file may be truncated or incomplete.
#
#  Out of Memory Error (t:/workspace/open/src/hotspot/share/memory/arena.cpp:197), pid=2032, tid=10068
#
# JRE version: Java(TM) SE Runtime Environment (12.0.2+10) (build 12.0.2+10)
# Java VM: Java HotSpot(TM) 64-Bit Server VM (12.0.2+10, mixed mode, sharing, tiered, compressed oops, g1 gc, windows-amd64)
# No core dump will be written. Minidumps are not enabled by default on client versions of Windows
#

---------------  S U M M A R Y ------------

Command Line: --module-path=C:/JavaFX/javafx-sdk-11.0.2/lib --add-modules=javafx.controls,javafx.fxml,javafx.base --add-modules=javafx.base,javafx.graphics --add-reads=javafx.base=ALL-UNNAMED --add-reads=javafx.graphics=ALL-UNNAMED -javaagent:C:\Program Files\JetBrains\IntelliJ IDEA Community Edition 2020.1.1\lib\idea_rt.jar=1923:C:\Program Files\JetBrains\IntelliJ IDEA Community Edition 2020.1.1\bin -Dfile.encoding=UTF-8 sample.Main

Host: Intel(R) Core(TM) i5-8265U CPU @ 1.60GHz, 8 cores, 7G,  Windows 10 , 64 bit Build 19041 (10.0.19041.928)
Time: Sun May 16 15:32:28 2021 Беларусь (зима) elapsed time: 1 seconds (0d 0h 0m 1s)

---------------  T H R E A D  ---------------

Current thread (0x000001ea4deea000):  JavaThread "C2 CompilerThread1" daemon [_thread_in_native, id=10068, stack(0x0000002a1bb00000,0x0000002a1bc00000)]


Current CompileTask:
C2:   1752 1125   !   4       com.sun.javafx.css.ParsedValueImpl::readBinary (688 bytes)

Stack: [0x0000002a1bb00000,0x0000002a1bc00000]
Native frames: (J=compiled Java code, j=interpreted, Vv=VM code, C=native code)
V  [jvm.dll+0x63aa2a]
V  [jvm.dll+0x78ce1e]
V  [jvm.dll+0x78e4c1]
V  [jvm.dll+0x78eb13]
V  [jvm.dll+0x2627e8]
V  [jvm.dll+0xc55cc]
V  [jvm.dll+0xc5b4c]
V  [jvm.dll+0x37a677]
V  [jvm.dll+0x1aef8b]
V  [jvm.dll+0x21c312]
V  [jvm.dll+0x21b3da]
V  [jvm.dll+0x199a20]
V  [jvm.dll+0x22a744]
V  [jvm.dll+0x228d98]
V  [jvm.dll+0x7512a0]
V  [jvm.dll+0x74a2c8]
V  [jvm.dll+0x639b16]
C  [ucrtbase.dll+0x21bb2]
C  [KERNEL32.DLL+0x17034]
C  [ntdll.dll+0x52651]


---------------  P R O C E S S  ---------------

Threads class SMR info:
_java_thread_list=0x000001ea5544d920, length=18, elements={
0x000001ea2df65800, 0x000001ea4d403800, 0x000001ea4d407000, 0x000001ea4d420800,
0x000001ea4d421800, 0x000001ea4d423000, 0x000001ea4d427000, 0x000001ea4d42c800,
0x000001ea4d3e8000, 0x000001ea4deea000, 0x000001ea4e1d7800, 0x000001ea4ea80800,
0x000001ea4f4d0800, 0x000001ea4ef6a800, 0x000001ea4ef9f800, 0x000001ea4ec9b800,
0x000001ea4ec9c800, 0x000001ea552b3800
}

Java Threads: ( => current thread )
  0x000001ea2df65800 JavaThread "main" [_thread_blocked, id=1084, stack(0x0000002a1ac00000,0x0000002a1ad00000)]
  0x000001ea4d403800 JavaThread "Reference Handler" daemon [_thread_blocked, id=9964, stack(0x0000002a1b300000,0x0000002a1b400000)]
  0x000001ea4d407000 JavaThread "Finalizer" daemon [_thread_blocked, id=5292, stack(0x0000002a1b400000,0x0000002a1b500000)]
  0x000001ea4d420800 JavaThread "Signal Dispatcher" daemon [_thread_blocked, id=10012, stack(0x0000002a1b500000,0x0000002a1b600000)]
  0x000001ea4d421800 JavaThread "Attach Listener" daemon [_thread_blocked, id=11904, stack(0x0000002a1b600000,0x0000002a1b700000)]
  0x000001ea4d423000 JavaThread "C2 CompilerThread0" daemon [_thread_blocked, id=10324, stack(0x0000002a1b700000,0x0000002a1b800000)]
  0x000001ea4d427000 JavaThread "C1 CompilerThread0" daemon [_thread_blocked, id=1808, stack(0x0000002a1b800000,0x0000002a1b900000)]
  0x000001ea4d42c800 JavaThread "Sweeper thread" daemon [_thread_blocked, id=5360, stack(0x0000002a1b900000,0x0000002a1ba00000)]
  0x000001ea4d3e8000 JavaThread "Common-Cleaner" daemon [_thread_blocked, id=7140, stack(0x0000002a1ba00000,0x0000002a1bb00000)]
=>0x000001ea4deea000 JavaThread "C2 CompilerThread1" daemon [_thread_in_native, id=10068, stack(0x0000002a1bb00000,0x0000002a1bc00000)]
  0x000001ea4e1d7800 JavaThread "Monitor Ctrl-Break" daemon [_thread_in_native, id=2028, stack(0x0000002a1bd00000,0x0000002a1be00000)]
  0x000001ea4ea80800 JavaThread "Service Thread" daemon [_thread_blocked, id=9872, stack(0x0000002a1be00000,0x0000002a1bf00000)]
  0x000001ea4f4d0800 JavaThread "QuantumRenderer-0" daemon [_thread_blocked, id=13236, stack(0x0000002a1c000000,0x0000002a1c100000)]
  0x000001ea4ef6a800 JavaThread "InvokeLaterDispatcher" daemon [_thread_blocked, id=8780, stack(0x0000002a1c100000,0x0000002a1c200000)]
  0x000001ea4ef9f800 JavaThread "JavaFX Application Thread" [_thread_in_native, id=7400, stack(0x0000002a1c200000,0x0000002a1c300000)]
  0x000001ea4ec9b800 JavaThread "JavaFX-Launcher" [_thread_blocked, id=2740, stack(0x0000002a1c700000,0x0000002a1c800000)]
  0x000001ea4ec9c800 JavaThread "Thread-2" daemon [_thread_in_native, id=11372, stack(0x0000002a1c600000,0x0000002a1c700000)]
  0x000001ea552b3800 JavaThread "Prism Font Disposer" daemon [_thread_blocked, id=7164, stack(0x0000002a1cf00000,0x0000002a1d000000)]

Other Threads:
  0x000001ea4d401800 VMThread "VM Thread" [stack: 0x0000002a1b200000,0x0000002a1b300000] [id=8560]
  0x000001ea4e42b800 WatcherThread [stack: 0x0000002a1bf00000,0x0000002a1c000000] [id=9616]
  0x000001ea2dfa7800 GCTaskThread "GC Thread#0" [stack: 0x0000002a1ad00000,0x0000002a1ae00000] [id=9656]
  0x000001ea4ef91800 GCTaskThread "GC Thread#1" [stack: 0x0000002a1bc00000,0x0000002a1bd00000] [id=13068]
  0x000001ea4e10f800 GCTaskThread "GC Thread#2" [stack: 0x0000002a1c800000,0x0000002a1c900000] [id=5620]
  0x000001ea4dea8800 GCTaskThread "GC Thread#3" [stack: 0x0000002a1c900000,0x0000002a1ca00000] [id=8728]
  0x000001ea4ed91800 GCTaskThread "GC Thread#4" [stack: 0x0000002a1ca00000,0x0000002a1cb00000] [id=2584]
  0x000001ea4e83b800 GCTaskThread "GC Thread#5" [stack: 0x0000002a1cb00000,0x0000002a1cc00000] [id=12444]
  0x000001ea2dfb5000 ConcurrentGCThread "G1 Main Marker" [stack: 0x0000002a1ae00000,0x0000002a1af00000] [id=12636]
  0x000001ea2dfba800 ConcurrentGCThread "G1 Conc#0" [stack: 0x0000002a1af00000,0x0000002a1b000000] [id=12516]
  0x000001ea4d280800 ConcurrentGCThread "G1 Refine#0" [stack: 0x0000002a1b000000,0x0000002a1b100000] [id=12452]
  0x000001ea4d281800 ConcurrentGCThread "G1 Young RemSet Sampling" [stack: 0x0000002a1b100000,0x0000002a1b200000] [id=6828]

Threads with active compile tasks:
C2 CompilerThread1  1125   !   4       com.sun.javafx.css.ParsedValueImpl::readBinary (688 bytes)

VM state:not at safepoint (normal execution)

VM Mutex/Monitor currently owned by a thread: None

Heap address: 0x0000000081c00000, size: 2020 MB, Compressed Oops mode: 32-bit
Narrow klass base: 0x0000000800000000, Narrow klass shift: 3
Compressed class space size: 1073741824 Address: 0x0000000801190000

Heap:
 garbage-first heap   total 131072K, used 22917K [0x0000000081c00000, 0x0000000100000000)
  region size 1024K, 23 young (23552K), 3 survivors (3072K)
 Metaspace       used 12057K, capacity 13370K, committed 13568K, reserved 1060864K
  class space    used 1712K, capacity 1960K, committed 2048K, reserved 1048576K
Heap Regions: E=young(eden), S=young(survivor), O=old, HS=humongous(starts), HC=humongous(continues), CS=collection set, F=free, A=archive, TAMS=top-at-mark-start (previous, next)
|   0|0x0000000081c00000, 0x0000000081c61600, 0x0000000081d00000| 38%| O|  |TAMS 0x0000000081c00000, 0x0000000081c00000| Untracked 
|   1|0x0000000081d00000, 0x0000000081d00000, 0x0000000081e00000|  0%| F|  |TAMS 0x0000000081d00000, 0x0000000081d00000| Untracked 
|   2|0x0000000081e00000, 0x0000000081e00000, 0x0000000081f00000|  0%| F|  |TAMS 0x0000000081e00000, 0x0000000081e00000| Untracked 
|   3|0x0000000081f00000, 0x0000000081f00000, 0x0000000082000000|  0%| F|  |TAMS 0x0000000081f00000, 0x0000000081f00000| Untracked 
|   4|0x0000000082000000, 0x0000000082000000, 0x0000000082100000|  0%| F|  |TAMS 0x0000000082000000, 0x0000000082000000| Untracked 
|   5|0x0000000082100000, 0x0000000082100000, 0x0000000082200000|  0%| F|  |TAMS 0x0000000082100000, 0x0000000082100000| Untracked 
|   6|0x0000000082200000, 0x0000000082200000, 0x0000000082300000|  0%| F|  |TAMS 0x0000000082200000, 0x0000000082200000| Untracked 
|   7|0x0000000082300000, 0x0000000082300000, 0x0000000082400000|  0%| F|  |TAMS 0x0000000082300000, 0x0000000082300000| Untracked 
|   8|0x0000000082400000, 0x0000000082400000, 0x0000000082500000|  0%| F|  |TAMS 0x0000000082400000, 0x0000000082400000| Untracked 
|   9|0x0000000082500000, 0x0000000082500000, 0x0000000082600000|  0%| F|  |TAMS 0x0000000082500000, 0x0000000082500000| Untracked 
|  10|0x0000000082600000, 0x0000000082600000, 0x0000000082700000|  0%| F|  |TAMS 0x0000000082600000, 0x0000000082600000| Untracked 
|  11|0x0000000082700000, 0x0000000082700000, 0x0000000082800000|  0%| F|  |TAMS 0x0000000082700000, 0x0000000082700000| Untracked 
|  12|0x0000000082800000, 0x0000000082800000, 0x0000000082900000|  0%| F|  |TAMS 0x0000000082800000, 0x0000000082800000| Untracked 
|  13|0x0000000082900000, 0x0000000082900000, 0x0000000082a00000|  0%| F|  |TAMS 0x0000000082900000, 0x0000000082900000| Untracked 
|  14|0x0000000082a00000, 0x0000000082a00000, 0x0000000082b00000|  0%| F|  |TAMS 0x0000000082a00000, 0x0000000082a00000| Untracked 
|  15|0x0000000082b00000, 0x0000000082b00000, 0x0000000082c00000|  0%| F|  |TAMS 0x0000000082b00000, 0x0000000082b00000| Untracked 
|  16|0x0000000082c00000, 0x0000000082c00000, 0x0000000082d00000|  0%| F|  |TAMS 0x0000000082c00000, 0x0000000082c00000| Untracked 
|  17|0x0000000082d00000, 0x0000000082d00000, 0x0000000082e00000|  0%| F|  |TAMS 0x0000000082d00000, 0x0000000082d00000| Untracked 
|  18|0x0000000082e00000, 0x0000000082e00000, 0x0000000082f00000|  0%| F|  |TAMS 0x0000000082e00000, 0x0000000082e00000| Untracked 
|  19|0x0000000082f00000, 0x0000000082f00000, 0x0000000083000000|  0%| F|  |TAMS 0x0000000082f00000, 0x0000000082f00000| Untracked 
|  20|0x0000000083000000, 0x0000000083000000, 0x0000000083100000|  0%| F|  |TAMS 0x0000000083000000, 0x0000000083000000| Untracked 
|  21|0x0000000083100000, 0x0000000083100000, 0x0000000083200000|  0%| F|  |TAMS 0x0000000083100000, 0x0000000083100000| Untracked 
|  22|0x0000000083200000, 0x0000000083200000, 0x0000000083300000|  0%| F|  |TAMS 0x0000000083200000, 0x0000000083200000| Untracked 
|  23|0x0000000083300000, 0x0000000083300000, 0x0000000083400000|  0%| F|  |TAMS 0x0000000083300000, 0x0000000083300000| Untracked 
|  24|0x0000000083400000, 0x0000000083400000, 0x0000000083500000|  0%| F|  |TAMS 0x0000000083400000, 0x0000000083400000| Untracked 
|  25|0x0000000083500000, 0x0000000083500000, 0x0000000083600000|  0%| F|  |TAMS 0x0000000083500000, 0x0000000083500000| Untracked 
|  26|0x0000000083600000, 0x0000000083600000, 0x0000000083700000|  0%| F|  |TAMS 0x0000000083600000, 0x0000000083600000| Untracked 
|  27|0x0000000083700000, 0x0000000083700000, 0x0000000083800000|  0%| F|  |TAMS 0x0000000083700000, 0x0000000083700000| Untracked 
|  28|0x0000000083800000, 0x0000000083800000, 0x0000000083900000|  0%| F|  |TAMS 0x0000000083800000, 0x0000000083800000| Untracked 
|  29|0x0000000083900000, 0x0000000083900000, 0x0000000083a00000|  0%| F|  |TAMS 0x0000000083900000, 0x0000000083900000| Untracked 
|  30|0x0000000083a00000, 0x0000000083a00000, 0x0000000083b00000|  0%| F|  |TAMS 0x0000000083a00000, 0x0000000083a00000| Untracked 
|  31|0x0000000083b00000, 0x0000000083b00000, 0x0000000083c00000|  0%| F|  |TAMS 0x0000000083b00000, 0x0000000083b00000| Untracked 
|  32|0x0000000083c00000, 0x0000000083c00000, 0x0000000083d00000|  0%| F|  |TAMS 0x0000000083c00000, 0x0000000083c00000| Untracked 
|  33|0x0000000083d00000, 0x0000000083d00000, 0x0000000083e00000|  0%| F|  |TAMS 0x0000000083d00000, 0x0000000083d00000| Untracked 
|  34|0x0000000083e00000, 0x0000000083e00000, 0x0000000083f00000|  0%| F|  |TAMS 0x0000000083e00000, 0x0000000083e00000| Untracked 
|  35|0x0000000083f00000, 0x0000000083f00000, 0x0000000084000000|  0%| F|  |TAMS 0x0000000083f00000, 0x0000000083f00000| Untracked 
|  36|0x0000000084000000, 0x0000000084000000, 0x0000000084100000|  0%| F|  |TAMS 0x0000000084000000, 0x0000000084000000| Untracked 
|  37|0x0000000084100000, 0x0000000084100000, 0x0000000084200000|  0%| F|  |TAMS 0x0000000084100000, 0x0000000084100000| Untracked 
|  38|0x0000000084200000, 0x0000000084200000, 0x0000000084300000|  0%| F|  |TAMS 0x0000000084200000, 0x0000000084200000| Untracked 
|  39|0x0000000084300000, 0x0000000084300000, 0x0000000084400000|  0%| F|  |TAMS 0x0000000084300000, 0x0000000084300000| Untracked 
|  40|0x0000000084400000, 0x0000000084400000, 0x0000000084500000|  0%| F|  |TAMS 0x0000000084400000, 0x0000000084400000| Untracked 
|  41|0x0000000084500000, 0x0000000084500000, 0x0000000084600000|  0%| F|  |TAMS 0x0000000084500000, 0x0000000084500000| Untracked 
|  42|0x0000000084600000, 0x0000000084600000, 0x0000000084700000|  0%| F|  |TAMS 0x0000000084600000, 0x0000000084600000| Untracked 
|  43|0x0000000084700000, 0x0000000084700000, 0x0000000084800000|  0%| F|  |TAMS 0x0000000084700000, 0x0000000084700000| Untracked 
|  44|0x0000000084800000, 0x0000000084800000, 0x0000000084900000|  0%| F|  |TAMS 0x0000000084800000, 0x0000000084800000| Untracked 
|  45|0x0000000084900000, 0x0000000084900000, 0x0000000084a00000|  0%| F|  |TAMS 0x0000000084900000, 0x0000000084900000| Untracked 
|  46|0x0000000084a00000, 0x0000000084a00000, 0x0000000084b00000|  0%| F|  |TAMS 0x0000000084a00000, 0x0000000084a00000| Untracked 
|  47|0x0000000084b00000, 0x0000000084b00000, 0x0000000084c00000|  0%| F|  |TAMS 0x0000000084b00000, 0x0000000084b00000| Untracked 
|  48|0x0000000084c00000, 0x0000000084c00000, 0x0000000084d00000|  0%| F|  |TAMS 0x0000000084c00000, 0x0000000084c00000| Untracked 
|  49|0x0000000084d00000, 0x0000000084d00000, 0x0000000084e00000|  0%| F|  |TAMS 0x0000000084d00000, 0x0000000084d00000| Untracked 
|  50|0x0000000084e00000, 0x0000000084e00000, 0x0000000084f00000|  0%| F|  |TAMS 0x0000000084e00000, 0x0000000084e00000| Untracked 
|  51|0x0000000084f00000, 0x0000000084f00000, 0x0000000085000000|  0%| F|  |TAMS 0x0000000084f00000, 0x0000000084f00000| Untracked 
|  52|0x0000000085000000, 0x0000000085000000, 0x0000000085100000|  0%| F|  |TAMS 0x0000000085000000, 0x0000000085000000| Untracked 
|  53|0x0000000085100000, 0x0000000085100000, 0x0000000085200000|  0%| F|  |TAMS 0x0000000085100000, 0x0000000085100000| Untracked 
|  54|0x0000000085200000, 0x0000000085200000, 0x0000000085300000|  0%| F|  |TAMS 0x0000000085200000, 0x0000000085200000| Untracked 
|  55|0x0000000085300000, 0x0000000085300000, 0x0000000085400000|  0%| F|  |TAMS 0x0000000085300000, 0x0000000085300000| Untracked 
|  56|0x0000000085400000, 0x0000000085400000, 0x0000000085500000|  0%| F|  |TAMS 0x0000000085400000, 0x0000000085400000| Untracked 
|  57|0x0000000085500000, 0x0000000085500000, 0x0000000085600000|  0%| F|  |TAMS 0x0000000085500000, 0x0000000085500000| Untracked 
|  58|0x0000000085600000, 0x0000000085600000, 0x0000000085700000|  0%| F|  |TAMS 0x0000000085600000, 0x0000000085600000| Untracked 
|  59|0x0000000085700000, 0x0000000085700000, 0x0000000085800000|  0%| F|  |TAMS 0x0000000085700000, 0x0000000085700000| Untracked 
|  60|0x0000000085800000, 0x0000000085800000, 0x0000000085900000|  0%| F|  |TAMS 0x0000000085800000, 0x0000000085800000| Untracked 
|  61|0x0000000085900000, 0x0000000085900000, 0x0000000085a00000|  0%| F|  |TAMS 0x0000000085900000, 0x0000000085900000| Untracked 
|  62|0x0000000085a00000, 0x0000000085a00000, 0x0000000085b00000|  0%| F|  |TAMS 0x0000000085a00000, 0x0000000085a00000| Untracked 
|  63|0x0000000085b00000, 0x0000000085b00000, 0x0000000085c00000|  0%| F|  |TAMS 0x0000000085b00000, 0x0000000085b00000| Untracked 
|  64|0x0000000085c00000, 0x0000000085c00000, 0x0000000085d00000|  0%| F|  |TAMS 0x0000000085c00000, 0x0000000085c00000| Untracked 
|  65|0x0000000085d00000, 0x0000000085d00000, 0x0000000085e00000|  0%| F|  |TAMS 0x0000000085d00000, 0x0000000085d00000| Untracked 
|  66|0x0000000085e00000, 0x0000000085e00000, 0x0000000085f00000|  0%| F|  |TAMS 0x0000000085e00000, 0x0000000085e00000| Untracked 
|  67|0x0000000085f00000, 0x0000000085f00000, 0x0000000086000000|  0%| F|  |TAMS 0x0000000085f00000, 0x0000000085f00000| Untracked 
|  68|0x0000000086000000, 0x0000000086000000, 0x0000000086100000|  0%| F|  |TAMS 0x0000000086000000, 0x0000000086000000| Untracked 
|  69|0x0000000086100000, 0x0000000086100000, 0x0000000086200000|  0%| F|  |TAMS 0x0000000086100000, 0x0000000086100000| Untracked 
|  70|0x0000000086200000, 0x0000000086200000, 0x0000000086300000|  0%| F|  |TAMS 0x0000000086200000, 0x0000000086200000| Untracked 
|  71|0x0000000086300000, 0x0000000086300000, 0x0000000086400000|  0%| F|  |TAMS 0x0000000086300000, 0x0000000086300000| Untracked 
|  72|0x0000000086400000, 0x0000000086400000, 0x0000000086500000|  0%| F|  |TAMS 0x0000000086400000, 0x0000000086400000| Untracked 
|  73|0x0000000086500000, 0x0000000086500000, 0x0000000086600000|  0%| F|  |TAMS 0x0000000086500000, 0x0000000086500000| Untracked 
|  74|0x0000000086600000, 0x0000000086600000, 0x0000000086700000|  0%| F|  |TAMS 0x0000000086600000, 0x0000000086600000| Untracked 
|  75|0x0000000086700000, 0x0000000086700000, 0x0000000086800000|  0%| F|  |TAMS 0x0000000086700000, 0x0000000086700000| Untracked 
|  76|0x0000000086800000, 0x0000000086800000, 0x0000000086900000|  0%| F|  |TAMS 0x0000000086800000, 0x0000000086800000| Untracked 
|  77|0x0000000086900000, 0x0000000086900000, 0x0000000086a00000|  0%| F|  |TAMS 0x0000000086900000, 0x0000000086900000| Untracked 
|  78|0x0000000086a00000, 0x0000000086a00000, 0x0000000086b00000|  0%| F|  |TAMS 0x0000000086a00000, 0x0000000086a00000| Untracked 
|  79|0x0000000086b00000, 0x0000000086b00000, 0x0000000086c00000|  0%| F|  |TAMS 0x0000000086b00000, 0x0000000086b00000| Untracked 
|  80|0x0000000086c00000, 0x0000000086c00000, 0x0000000086d00000|  0%| F|  |TAMS 0x0000000086c00000, 0x0000000086c00000| Untracked 
|  81|0x0000000086d00000, 0x0000000086d00000, 0x0000000086e00000|  0%| F|  |TAMS 0x0000000086d00000, 0x0000000086d00000| Untracked 
|  82|0x0000000086e00000, 0x0000000086e00000, 0x0000000086f00000|  0%| F|  |TAMS 0x0000000086e00000, 0x0000000086e00000| Untracked 
|  83|0x0000000086f00000, 0x0000000086f00000, 0x0000000087000000|  0%| F|  |TAMS 0x0000000086f00000, 0x0000000086f00000| Untracked 
|  84|0x0000000087000000, 0x0000000087000000, 0x0000000087100000|  0%| F|  |TAMS 0x0000000087000000, 0x0000000087000000| Untracked 
|  85|0x0000000087100000, 0x0000000087100000, 0x0000000087200000|  0%| F|  |TAMS 0x0000000087100000, 0x0000000087100000| Untracked 
|  86|0x0000000087200000, 0x0000000087200000, 0x0000000087300000|  0%| F|  |TAMS 0x0000000087200000, 0x0000000087200000| Untracked 
|  87|0x0000000087300000, 0x0000000087300000, 0x0000000087400000|  0%| F|  |TAMS 0x0000000087300000, 0x0000000087300000| Untracked 
|  88|0x0000000087400000, 0x0000000087400000, 0x0000000087500000|  0%| F|  |TAMS 0x0000000087400000, 0x0000000087400000| Untracked 
|  89|0x0000000087500000, 0x0000000087500000, 0x0000000087600000|  0%| F|  |TAMS 0x0000000087500000, 0x0000000087500000| Untracked 
|  90|0x0000000087600000, 0x0000000087600000, 0x0000000087700000|  0%| F|  |TAMS 0x0000000087600000, 0x0000000087600000| Untracked 
|  91|0x0000000087700000, 0x0000000087700000, 0x0000000087800000|  0%| F|  |TAMS 0x0000000087700000, 0x0000000087700000| Untracked 
|  92|0x0000000087800000, 0x0000000087800000, 0x0000000087900000|  0%| F|  |TAMS 0x0000000087800000, 0x0000000087800000| Untracked 
|  93|0x0000000087900000, 0x0000000087900000, 0x0000000087a00000|  0%| F|  |TAMS 0x0000000087900000, 0x0000000087900000| Untracked 
|  94|0x0000000087a00000, 0x0000000087a00000, 0x0000000087b00000|  0%| F|  |TAMS 0x0000000087a00000, 0x0000000087a00000| Untracked 
|  95|0x0000000087b00000, 0x0000000087b00000, 0x0000000087c00000|  0%| F|  |TAMS 0x0000000087b00000, 0x0000000087b00000| Untracked 
|  96|0x0000000087c00000, 0x0000000087c00000, 0x0000000087d00000|  0%| F|  |TAMS 0x0000000087c00000, 0x0000000087c00000| Untracked 
|  97|0x0000000087d00000, 0x0000000087d00000, 0x0000000087e00000|  0%| F|  |TAMS 0x0000000087d00000, 0x0000000087d00000| Untracked 
|  98|0x0000000087e00000, 0x0000000087e00000, 0x0000000087f00000|  0%| F|  |TAMS 0x0000000087e00000, 0x0000000087e00000| Untracked 
|  99|0x0000000087f00000, 0x0000000087f00000, 0x0000000088000000|  0%| F|  |TAMS 0x0000000087f00000, 0x0000000087f00000| Untracked 
| 100|0x0000000088000000, 0x0000000088000000, 0x0000000088100000|  0%| F|  |TAMS 0x0000000088000000, 0x0000000088000000| Untracked 
| 101|0x0000000088100000, 0x0000000088200000, 0x0000000088200000|100%| S|CS|TAMS 0x0000000088100000, 0x0000000088100000| Complete 
| 102|0x0000000088200000, 0x0000000088300000, 0x0000000088300000|100%| S|CS|TAMS 0x0000000088200000, 0x0000000088200000| Complete 
| 103|0x0000000088300000, 0x0000000088400000, 0x0000000088400000|100%| S|CS|TAMS 0x0000000088300000, 0x0000000088300000| Complete 
| 104|0x0000000088400000, 0x0000000088400000, 0x0000000088500000|  0%| F|  |TAMS 0x0000000088400000, 0x0000000088400000| Untracked 
| 105|0x0000000088500000, 0x0000000088500000, 0x0000000088600000|  0%| F|  |TAMS 0x0000000088500000, 0x0000000088500000| Untracked 
| 106|0x0000000088600000, 0x0000000088600000, 0x0000000088700000|  0%| F|  |TAMS 0x0000000088600000, 0x0000000088600000| Untracked 
| 107|0x0000000088700000, 0x0000000088700000, 0x0000000088800000|  0%| F|  |TAMS 0x0000000088700000, 0x0000000088700000| Untracked 
| 108|0x0000000088800000, 0x0000000088880800, 0x0000000088900000| 50%| E|  |TAMS 0x0000000088800000, 0x0000000088800000| Complete 
| 109|0x0000000088900000, 0x0000000088a00000, 0x0000000088a00000|100%| E|CS|TAMS 0x0000000088900000, 0x0000000088900000| Complete 
| 110|0x0000000088a00000, 0x0000000088b00000, 0x0000000088b00000|100%| E|CS|TAMS 0x0000000088a00000, 0x0000000088a00000| Complete 
| 111|0x0000000088b00000, 0x0000000088c00000, 0x0000000088c00000|100%| E|CS|TAMS 0x0000000088b00000, 0x0000000088b00000| Complete 
| 112|0x0000000088c00000, 0x0000000088d00000, 0x0000000088d00000|100%| E|CS|TAMS 0x0000000088c00000, 0x0000000088c00000| Complete 
| 113|0x0000000088d00000, 0x0000000088e00000, 0x0000000088e00000|100%| E|CS|TAMS 0x0000000088d00000, 0x0000000088d00000| Complete 
| 114|0x0000000088e00000, 0x0000000088f00000, 0x0000000088f00000|100%| E|CS|TAMS 0x0000000088e00000, 0x0000000088e00000| Complete 
| 115|0x0000000088f00000, 0x0000000089000000, 0x0000000089000000|100%| E|CS|TAMS 0x0000000088f00000, 0x0000000088f00000| Complete 
| 116|0x0000000089000000, 0x0000000089100000, 0x0000000089100000|100%| E|CS|TAMS 0x0000000089000000, 0x0000000089000000| Complete 
| 117|0x0000000089100000, 0x0000000089200000, 0x0000000089200000|100%| E|CS|TAMS 0x0000000089100000, 0x0000000089100000| Complete 
| 118|0x0000000089200000, 0x0000000089300000, 0x0000000089300000|100%| E|CS|TAMS 0x0000000089200000, 0x0000000089200000| Complete 
| 119|0x0000000089300000, 0x0000000089400000, 0x0000000089400000|100%| E|CS|TAMS 0x0000000089300000, 0x0000000089300000| Complete 
| 120|0x0000000089400000, 0x0000000089500000, 0x0000000089500000|100%| E|CS|TAMS 0x0000000089400000, 0x0000000089400000| Complete 
| 121|0x0000000089500000, 0x0000000089600000, 0x0000000089600000|100%| E|CS|TAMS 0x0000000089500000, 0x0000000089500000| Complete 
| 122|0x0000000089600000, 0x0000000089700000, 0x0000000089700000|100%| E|CS|TAMS 0x0000000089600000, 0x0000000089600000| Complete 
| 123|0x0000000089700000, 0x0000000089800000, 0x0000000089800000|100%| E|CS|TAMS 0x0000000089700000, 0x0000000089700000| Complete 
| 124|0x0000000089800000, 0x0000000089900000, 0x0000000089900000|100%| E|CS|TAMS 0x0000000089800000, 0x0000000089800000| Complete 
| 125|0x0000000089900000, 0x0000000089a00000, 0x0000000089a00000|100%| E|CS|TAMS 0x0000000089900000, 0x0000000089900000| Complete 
| 126|0x0000000089a00000, 0x0000000089b00000, 0x0000000089b00000|100%| E|CS|TAMS 0x0000000089a00000, 0x0000000089a00000| Complete 
| 127|0x0000000089b00000, 0x0000000089c00000, 0x0000000089c00000|100%| E|CS|TAMS 0x0000000089b00000, 0x0000000089b00000| Complete 

Card table byte_map: [0x000001ea46210000,0x000001ea46610000] _byte_map_base: 0x000001ea45e02000

Marking Bits (Prev, Next): (CMBitMap*) 0x000001ea2dfa8478, (CMBitMap*) 0x000001ea2dfa84b8
 Prev Bits: [0x000001ea46a10000, 0x000001ea489a0000)
 Next Bits: [0x000001ea489a0000, 0x000001ea4a930000)

Polling page: 0x000001ea2e050000

Metaspace:

Usage:
  Non-class:     11.14 MB capacity,    10.12 MB ( 91%) used,   995.42 KB (  9%) free+waste,    54.56 KB ( <1%) overhead. 
      Class:      1.92 MB capacity,     1.68 MB ( 87%) used,   216.64 KB ( 11%) free+waste,    28.50 KB (  1%) overhead. 
       Both:     13.06 MB capacity,    11.79 MB ( 90%) used,     1.18 MB (  9%) free+waste,    83.06 KB ( <1%) overhead. 

Virtual space:
  Non-class space:       12.00 MB reserved,      11.25 MB ( 94%) committed 
      Class space:        1.00 GB reserved,       2.00 MB ( <1%) committed 
             Both:        1.01 GB reserved,      13.25 MB (  1%) committed 

Chunk freelists:
   Non-Class:  5.38 KB
       Class:  2.75 KB
        Both:  8.13 KB

CodeHeap 'non-profiled nmethods': size=120000Kb used=466Kb max_used=466Kb free=119533Kb
 bounds [0x000001ea3de70000, 0x000001ea3e0e0000, 0x000001ea453a0000]
CodeHeap 'profiled nmethods': size=120000Kb used=2529Kb max_used=2529Kb free=117470Kb
 bounds [0x000001ea36940000, 0x000001ea36bc0000, 0x000001ea3de70000]
CodeHeap 'non-nmethods': size=5760Kb used=1280Kb max_used=1292Kb free=4479Kb
 bounds [0x000001ea363a0000, 0x000001ea36610000, 0x000001ea36940000]
 total_blobs=2307 nmethods=1369 adapters=570
 compilation: enabled
              stopped_count=0, restarted_count=0
 full_count=0

Compilation events (10 events):
Event: 1.747 Thread 0x000001ea4d427000 1304       3       java.lang.StringBuilder::append (10 bytes)
Event: 1.748 Thread 0x000001ea4d427000 nmethod 1304 0x000001ea36b93310 code [0x000001ea36b934e0, 0x000001ea36b936b0]
Event: 1.748 Thread 0x000001ea4d427000 1305       3       java.lang.invoke.DirectMethodHandle$Holder::invokeStatic (17 bytes)
Event: 1.748 Thread 0x000001ea4d427000 nmethod 1305 0x000001ea36b93790 code [0x000001ea36b93980, 0x000001ea36b93ee0]
Event: 1.748 Thread 0x000001ea4d427000 1306       3       java.lang.StringConcatHelper::mix (27 bytes)
Event: 1.748 Thread 0x000001ea4d427000 nmethod 1306 0x000001ea36b94010 code [0x000001ea36b94200, 0x000001ea36b94690]
Event: 1.748 Thread 0x000001ea4d427000 1299       3       jdk.internal.misc.Unsafe::ensureClassInitialized (18 bytes)
Event: 1.748 Thread 0x000001ea4d427000 nmethod 1299 0x000001ea36b94890 code [0x000001ea36b94a60, 0x000001ea36b94d20]
Event: 1.749 Thread 0x000001ea4d423000 1307       4       java.lang.String::indexOf (7 bytes)
Event: 1.749 Thread 0x000001ea4d427000 1308       3       jdk.internal.org.objectweb.asm.ClassWriter::toByteArray (1331 bytes)

GC Heap History (2 events):
Event: 1.160 GC heap before
{Heap before GC invocations=0 (full 0):
 garbage-first heap   total 131072K, used 23552K [0x0000000081c00000, 0x0000000100000000)
  region size 1024K, 24 young (24576K), 0 survivors (0K)
 Metaspace       used 6760K, capacity 8759K, committed 9088K, reserved 1056768K
  class space    used 819K, capacity 1077K, committed 1152K, reserved 1048576K
}
Event: 1.168 GC heap after
{Heap after GC invocations=1 (full 0):
 garbage-first heap   total 131072K, used 3461K [0x0000000081c00000, 0x0000000100000000)
  region size 1024K, 3 young (3072K), 3 survivors (3072K)
 Metaspace       used 6760K, capacity 8759K, committed 9088K, reserved 1056768K
  class space    used 819K, capacity 1077K, committed 1152K, reserved 1048576K
}

Deoptimization events (10 events):
Event: 1.318 Thread 0x000001ea4ef9f800 Uncommon trap: reason=class_check action=maybe_recompile pc=0x000001ea3dec4e18 method=java.io.DataInputStream.readShort()S @ 4 c2
Event: 1.318 Thread 0x000001ea4ef9f800 Uncommon trap: reason=class_check action=maybe_recompile pc=0x000001ea3dec4e18 method=java.io.DataInputStream.readShort()S @ 4 c2
Event: 1.327 Thread 0x000001ea4ef9f800 Uncommon trap: reason=unstable_if action=reinterpret pc=0x000001ea3debf7a0 method=java.util.HashMap.putVal(ILjava/lang/Object;Ljava/lang/Object;ZZ)Ljava/lang/Object; @ 162 c2
Event: 1.327 Thread 0x000001ea4ef9f800 Uncommon trap: reason=unstable_if action=reinterpret pc=0x000001ea3dec30dc method=java.util.HashMap.getNode(ILjava/lang/Object;)Ljava/util/HashMap$Node; @ 84 c2
Event: 1.382 Thread 0x000001ea4ef9f800 Uncommon trap: reason=unstable_if action=reinterpret pc=0x000001ea3dea73f0 method=java.lang.String.startsWith(Ljava/lang/String;I)Z @ 46 c2
Event: 1.382 Thread 0x000001ea4ef9f800 Uncommon trap: reason=unstable_if action=reinterpret pc=0x000001ea3de79188 method=java.lang.String.isLatin1()Z @ 10 c2
Event: 1.383 Thread 0x000001ea4ef9f800 Uncommon trap: reason=unstable_if action=reinterpret pc=0x000001ea3de81ad8 method=java.lang.String.equals(Ljava/lang/Object;)Z @ 27 c2
Event: 1.539 Thread 0x000001ea4ef9f800 Uncommon trap: reason=unstable_if action=reinterpret pc=0x000001ea3deca464 method=java.util.HashMap.hash(Ljava/lang/Object;)I @ 1 c2
Event: 1.570 Thread 0x000001ea4ef9f800 Uncommon trap: reason=unstable_if action=reinterpret pc=0x000001ea3de8f55c method=java.util.HashMap.hash(Ljava/lang/Object;)I @ 1 c2
Event: 1.597 Thread 0x000001ea4ef9f800 Uncommon trap: reason=unstable_if action=reinterpret pc=0x000001ea3de939d4 method=java.lang.StringLatin1.canEncode(I)Z @ 4 c2

Classes redefined (0 events):
No events

Internal exceptions (10 events):
Event: 1.137 Thread 0x000001ea4ef9f800 Exception <a 'java/lang/NoSuchMethodError'{0x000000008841d350}: java.lang.invoke.DirectMethodHandle$Holder.invokeSpecial(Ljava/lang/Object;Ljava/lang/Object;Ljava/lang/Object;Ljava/lang/Object;Ljava/lang/Object;)V> (0x000000008841d350) thrown at [t:/works
Event: 1.367 Thread 0x000001ea4ef9f800 Exception <a 'java/lang/NoSuchMethodError'{0x0000000089529810}: java.lang.invoke.DirectMethodHandle$Holder.invokeStaticInit(Ljava/lang/Object;Ljava/lang/Object;)V> (0x0000000089529810) thrown at [t:/workspace/open/src/hotspot/share/interpreter/linkResolve
Event: 1.539 Thread 0x000001ea4ef9f800 Implicit null exception at 0x000001ea3deca0a5 to 0x000001ea3deca452
Event: 1.570 Thread 0x000001ea4ef9f800 Implicit null exception at 0x000001ea3de8f4cf to 0x000001ea3de8f54d
Event: 1.689 Thread 0x000001ea4ef9f800 Exception <a 'java/lang/NoSuchMethodError'{0x0000000088de6960}: java.lang.invoke.Invokers$Holder.linkToTargetMethod(Ljava/lang/Object;ILjava/lang/Object;)Ljava/lang/Object;> (0x0000000088de6960) thrown at [t:/workspace/open/src/hotspot/share/interpreter/l
Event: 1.702 Thread 0x000001ea4ef9f800 Exception <a 'java/lang/NoSuchMethodError'{0x0000000088c58a08}: java.lang.invoke.DirectMethodHandle$Holder.invokeInterface(Ljava/lang/Object;Ljava/lang/Object;Ljava/lang/Object;)Ljava/lang/Object;> (0x0000000088c58a08) thrown at [t:/workspace/open/src/hot
Event: 1.702 Thread 0x000001ea4ef9f800 Exception <a 'java/lang/IncompatibleClassChangeError'{0x0000000088c5b898}: Found class java.lang.Object, but interface was expected> (0x0000000088c5b898) thrown at [t:/workspace/open/src/hotspot/share/interpreter/linkResolver.cpp, line 843]
Event: 1.742 Thread 0x000001ea4ef9f800 Exception <a 'java/lang/ClassNotFoundException'{0x0000000088a5e688}: com/sun/javafx/scene/control/skin/resources/controls> (0x0000000088a5e688) thrown at [t:/workspace/open/src/hotspot/share/prims/jni.cpp, line 636]
Event: 1.743 Thread 0x000001ea4ef9f800 Exception <a 'java/lang/ClassNotFoundException'{0x0000000088a6c990}: com/sun/javafx/scene/control/skin/resources/controls_ru> (0x0000000088a6c990) thrown at [t:/workspace/open/src/hotspot/share/prims/jni.cpp, line 636]
Event: 1.743 Thread 0x000001ea4ef9f800 Exception <a 'java/lang/ClassNotFoundException'{0x0000000088a6ea90}: com/sun/javafx/scene/control/skin/resources/controls_ru_RU> (0x0000000088a6ea90) thrown at [t:/workspace/open/src/hotspot/share/prims/jni.cpp, line 636]

Events (10 events):
Event: 1.748 loading class com/sun/javafx/scene/control/behavior/TextInputControlBehavior
Event: 1.748 loading class com/sun/javafx/scene/control/behavior/TextInputControlBehavior done
Event: 1.749 loading class javafx/event/ActionEvent
Event: 1.749 loading class javafx/event/ActionEvent done
Event: 1.749 loading class com/sun/javafx/scene/control/behavior/TextInputControlBehavior
Event: 1.749 loading class com/sun/javafx/scene/control/behavior/TextInputControlBehavior done
Event: 1.749 loading class javafx/event/ActionEvent
Event: 1.749 loading class javafx/event/ActionEvent done
Event: 1.749 loading class com/sun/javafx/scene/control/behavior/TextInputControlBehavior
Event: 1.749 loading class com/sun/javafx/scene/control/behavior/TextInputControlBehavior done


Dynamic libraries:
0x00007ff774310000 - 0x00007ff77431f000 	C:\Program Files\Java\jdk-12.0.2\bin\java.exe
0x00007ffe7bbd0000 - 0x00007ffe7bdc5000 	C:\WINDOWS\SYSTEM32\ntdll.dll
0x00007ffe7b150000 - 0x00007ffe7b20d000 	C:\WINDOWS\System32\KERNEL32.DLL
0x00007ffe79650000 - 0x00007ffe79918000 	C:\WINDOWS\System32\KERNELBASE.dll
0x00007ffe79b30000 - 0x00007ffe79c30000 	C:\WINDOWS\System32\ucrtbase.dll
0x00007ffe743d0000 - 0x00007ffe743e8000 	C:\Program Files\Java\jdk-12.0.2\bin\jli.dll
0x00007ffe74400000 - 0x00007ffe74416000 	C:\Program Files\Java\jdk-12.0.2\bin\VCRUNTIME140.dll
0x00007ffe7aa70000 - 0x00007ffe7ab1c000 	C:\WINDOWS\System32\ADVAPI32.dll
0x00007ffe7a290000 - 0x00007ffe7a32e000 	C:\WINDOWS\System32\msvcrt.dll
0x00007ffe7a970000 - 0x00007ffe7aa0b000 	C:\WINDOWS\System32\sechost.dll
0x00007ffe7acc0000 - 0x00007ffe7adeb000 	C:\WINDOWS\System32\RPCRT4.dll
0x00007ffe7a4d0000 - 0x00007ffe7a670000 	C:\WINDOWS\System32\USER32.dll
0x00007ffe79b00000 - 0x00007ffe79b22000 	C:\WINDOWS\System32\win32u.dll
0x00007ffe5ec70000 - 0x00007ffe5ef0a000 	C:\WINDOWS\WinSxS\amd64_microsoft.windows.common-controls_6595b64144ccf1df_6.0.19041.844_none_ca00b6081b84eb1d\COMCTL32.dll
0x00007ffe7a670000 - 0x00007ffe7a69a000 	C:\WINDOWS\System32\GDI32.dll
0x00007ffe79310000 - 0x00007ffe7941b000 	C:\WINDOWS\System32\gdi32full.dll
0x00007ffe79500000 - 0x00007ffe7959d000 	C:\WINDOWS\System32\msvcp_win.dll
0x00007ffe702a0000 - 0x00007ffe702aa000 	C:\WINDOWS\SYSTEM32\VERSION.dll
0x00007ffe7bb60000 - 0x00007ffe7bb90000 	C:\WINDOWS\System32\IMM32.DLL
0x00007ffe544b0000 - 0x00007ffe5455a000 	C:\Program Files\Java\jdk-12.0.2\bin\msvcp140.dll
0x00007ffe36670000 - 0x00007ffe371e7000 	C:\Program Files\Java\jdk-12.0.2\bin\server\jvm.dll
0x00007ffe79c30000 - 0x00007ffe79c38000 	C:\WINDOWS\System32\PSAPI.DLL
0x00007ffe746e0000 - 0x00007ffe746e9000 	C:\WINDOWS\SYSTEM32\WSOCK32.dll
0x00007ffe7abd0000 - 0x00007ffe7ac3b000 	C:\WINDOWS\System32\WS2_32.dll
0x00007ffe65190000 - 0x00007ffe651b7000 	C:\WINDOWS\SYSTEM32\WINMM.dll
0x00007ffe77be0000 - 0x00007ffe77bf2000 	C:\WINDOWS\SYSTEM32\kernel.appcore.dll
0x00007ffe743b0000 - 0x00007ffe743c1000 	C:\Program Files\Java\jdk-12.0.2\bin\verify.dll
0x00007ffe77220000 - 0x00007ffe77404000 	C:\WINDOWS\SYSTEM32\DBGHELP.DLL
0x00007ffe649b0000 - 0x00007ffe649dc000 	C:\WINDOWS\SYSTEM32\dbgcore.DLL
0x00007ffe79a80000 - 0x00007ffe79b00000 	C:\WINDOWS\System32\bcryptPrimitives.dll
0x00007ffe74380000 - 0x00007ffe743a6000 	C:\Program Files\Java\jdk-12.0.2\bin\java.dll
0x00007ffe743f0000 - 0x00007ffe743fe000 	C:\Program Files\Java\jdk-12.0.2\bin\instrument.dll
0x00007ffe74290000 - 0x00007ffe742a7000 	C:\Program Files\Java\jdk-12.0.2\bin\zip.dll
0x00007ffe74480000 - 0x00007ffe7448a000 	C:\Program Files\Java\jdk-12.0.2\bin\jimage.dll
0x00007ffe7b340000 - 0x00007ffe7ba82000 	C:\WINDOWS\System32\SHELL32.dll
0x00007ffe77430000 - 0x00007ffe77bc1000 	C:\WINDOWS\SYSTEM32\windows.storage.dll
0x00007ffe7adf0000 - 0x00007ffe7b145000 	C:\WINDOWS\System32\combase.dll
0x00007ffe78d80000 - 0x00007ffe78dac000 	C:\WINDOWS\SYSTEM32\Wldp.dll
0x00007ffe7ab20000 - 0x00007ffe7abce000 	C:\WINDOWS\System32\SHCORE.dll
0x00007ffe7a230000 - 0x00007ffe7a285000 	C:\WINDOWS\System32\shlwapi.dll
0x00007ffe79250000 - 0x00007ffe7926f000 	C:\WINDOWS\SYSTEM32\profapi.dll
0x00007ffe74090000 - 0x00007ffe740a9000 	C:\Program Files\Java\jdk-12.0.2\bin\net.dll
0x00007ffe65840000 - 0x00007ffe65a2e000 	C:\WINDOWS\SYSTEM32\urlmon.dll
0x00007ffe65470000 - 0x00007ffe6557b000 	C:\WINDOWS\SYSTEM32\WINHTTP.dll
0x00007ffe651c0000 - 0x00007ffe65470000 	C:\WINDOWS\SYSTEM32\iertutil.dll
0x00007ffe78af0000 - 0x00007ffe78b5a000 	C:\WINDOWS\system32\mswsock.dll
0x00007ffe73720000 - 0x00007ffe73733000 	C:\Program Files\Java\jdk-12.0.2\bin\nio.dll
0x00007ffe5b040000 - 0x00007ffe5b05a000 	C:\Program Files\JetBrains\IntelliJ IDEA Community Edition 2020.1.1\bin\breakgen64.dll
0x000001ea4f970000 - 0x000001ea4f973000 	C:\JavaFX\javafx-sdk-11.0.2\bin\api-ms-win-core-console-l1-1-0.dll
0x000001ea4f980000 - 0x000001ea4f983000 	C:\JavaFX\javafx-sdk-11.0.2\bin\api-ms-win-core-datetime-l1-1-0.dll
0x000001ea4f990000 - 0x000001ea4f993000 	C:\JavaFX\javafx-sdk-11.0.2\bin\api-ms-win-core-debug-l1-1-0.dll
0x000001ea4f9a0000 - 0x000001ea4f9a3000 	C:\JavaFX\javafx-sdk-11.0.2\bin\api-ms-win-core-errorhandling-l1-1-0.dll
0x000001ea4f9b0000 - 0x000001ea4f9b4000 	C:\JavaFX\javafx-sdk-11.0.2\bin\api-ms-win-core-file-l1-1-0.dll
0x000001ea4f9c0000 - 0x000001ea4f9c3000 	C:\JavaFX\javafx-sdk-11.0.2\bin\api-ms-win-core-file-l1-2-0.dll
0x000001ea4f9d0000 - 0x000001ea4f9d3000 	C:\JavaFX\javafx-sdk-11.0.2\bin\api-ms-win-core-file-l2-1-0.dll
0x000001ea4f9e0000 - 0x000001ea4f9e3000 	C:\JavaFX\javafx-sdk-11.0.2\bin\api-ms-win-core-handle-l1-1-0.dll
0x000001ea4f9f0000 - 0x000001ea4f9f3000 	C:\JavaFX\javafx-sdk-11.0.2\bin\api-ms-win-core-heap-l1-1-0.dll
0x000001ea4fa00000 - 0x000001ea4fa03000 	C:\JavaFX\javafx-sdk-11.0.2\bin\api-ms-win-core-interlocked-l1-1-0.dll
0x000001ea4fa10000 - 0x000001ea4fa13000 	C:\JavaFX\javafx-sdk-11.0.2\bin\api-ms-win-core-libraryloader-l1-1-0.dll
0x000001ea4fa20000 - 0x000001ea4fa23000 	C:\JavaFX\javafx-sdk-11.0.2\bin\api-ms-win-core-localization-l1-2-0.dll
0x000001ea4fa30000 - 0x000001ea4fa33000 	C:\JavaFX\javafx-sdk-11.0.2\bin\api-ms-win-core-memory-l1-1-0.dll
0x000001ea4fa40000 - 0x000001ea4fa43000 	C:\JavaFX\javafx-sdk-11.0.2\bin\api-ms-win-core-namedpipe-l1-1-0.dll
0x000001ea4fa50000 - 0x000001ea4fa53000 	C:\JavaFX\javafx-sdk-11.0.2\bin\api-ms-win-core-processenvironment-l1-1-0.dll
0x000001ea4fa60000 - 0x000001ea4fa63000 	C:\JavaFX\javafx-sdk-11.0.2\bin\api-ms-win-core-processthreads-l1-1-0.dll
0x000001ea4fa70000 - 0x000001ea4fa73000 	C:\JavaFX\javafx-sdk-11.0.2\bin\api-ms-win-core-processthreads-l1-1-1.dll
0x000001ea4fa80000 - 0x000001ea4fa83000 	C:\JavaFX\javafx-sdk-11.0.2\bin\api-ms-win-core-profile-l1-1-0.dll
0x000001ea4fa90000 - 0x000001ea4fa93000 	C:\JavaFX\javafx-sdk-11.0.2\bin\api-ms-win-core-rtlsupport-l1-1-0.dll
0x000001ea4faa0000 - 0x000001ea4faa3000 	C:\JavaFX\javafx-sdk-11.0.2\bin\api-ms-win-core-string-l1-1-0.dll
0x000001ea4fab0000 - 0x000001ea4fab3000 	C:\JavaFX\javafx-sdk-11.0.2\bin\api-ms-win-core-synch-l1-1-0.dll
0x000001ea4fac0000 - 0x000001ea4fac3000 	C:\JavaFX\javafx-sdk-11.0.2\bin\api-ms-win-core-synch-l1-2-0.dll
0x000001ea4fad0000 - 0x000001ea4fad3000 	C:\JavaFX\javafx-sdk-11.0.2\bin\api-ms-win-core-sysinfo-l1-1-0.dll
0x000001ea4fae0000 - 0x000001ea4fae3000 	C:\JavaFX\javafx-sdk-11.0.2\bin\api-ms-win-core-timezone-l1-1-0.dll
0x000001ea4faf0000 - 0x000001ea4faf3000 	C:\JavaFX\javafx-sdk-11.0.2\bin\api-ms-win-core-util-l1-1-0.dll
0x000001ea4fb00000 - 0x000001ea4fb03000 	C:\JavaFX\javafx-sdk-11.0.2\bin\api-ms-win-crt-conio-l1-1-0.dll
0x000001ea4fb10000 - 0x000001ea4fb14000 	C:\JavaFX\javafx-sdk-11.0.2\bin\api-ms-win-crt-convert-l1-1-0.dll
0x000001ea4fb20000 - 0x000001ea4fb23000 	C:\JavaFX\javafx-sdk-11.0.2\bin\api-ms-win-crt-environment-l1-1-0.dll
0x000001ea4fec0000 - 0x000001ea4fec3000 	C:\JavaFX\javafx-sdk-11.0.2\bin\api-ms-win-crt-filesystem-l1-1-0.dll
0x000001ea4fed0000 - 0x000001ea4fed3000 	C:\JavaFX\javafx-sdk-11.0.2\bin\api-ms-win-crt-heap-l1-1-0.dll
0x000001ea4fee0000 - 0x000001ea4fee3000 	C:\JavaFX\javafx-sdk-11.0.2\bin\api-ms-win-crt-locale-l1-1-0.dll
0x000001ea4fef0000 - 0x000001ea4fef5000 	C:\JavaFX\javafx-sdk-11.0.2\bin\api-ms-win-crt-math-l1-1-0.dll
0x000001ea4ff00000 - 0x000001ea4ff05000 	C:\JavaFX\javafx-sdk-11.0.2\bin\api-ms-win-crt-multibyte-l1-1-0.dll
0x000001ea4ff10000 - 0x000001ea4ff20000 	C:\JavaFX\javafx-sdk-11.0.2\bin\api-ms-win-crt-private-l1-1-0.dll
0x000001ea4ff20000 - 0x000001ea4ff23000 	C:\JavaFX\javafx-sdk-11.0.2\bin\api-ms-win-crt-process-l1-1-0.dll
0x000001ea4ff30000 - 0x000001ea4ff34000 	C:\JavaFX\javafx-sdk-11.0.2\bin\api-ms-win-crt-runtime-l1-1-0.dll
0x000001ea4ff40000 - 0x000001ea4ff44000 	C:\JavaFX\javafx-sdk-11.0.2\bin\api-ms-win-crt-stdio-l1-1-0.dll
0x000001ea4ff50000 - 0x000001ea4ff54000 	C:\JavaFX\javafx-sdk-11.0.2\bin\api-ms-win-crt-string-l1-1-0.dll
0x000001ea4ff60000 - 0x000001ea4ff63000 	C:\JavaFX\javafx-sdk-11.0.2\bin\api-ms-win-crt-time-l1-1-0.dll
0x000001ea4ff70000 - 0x000001ea4ff73000 	C:\JavaFX\javafx-sdk-11.0.2\bin\api-ms-win-crt-utility-l1-1-0.dll
0x00007ffe53db0000 - 0x00007ffe53eaa000 	C:\JavaFX\javafx-sdk-11.0.2\bin\ucrtbase.dll
0x00007ffe5ac70000 - 0x00007ffe5ac86000 	C:\JavaFX\javafx-sdk-11.0.2\bin\vcruntime140.dll
0x00007ffe507d0000 - 0x00007ffe50876000 	C:\JavaFX\javafx-sdk-11.0.2\bin\msvcp140.dll
0x00007ffe4f1e0000 - 0x00007ffe4f231000 	C:\JavaFX\javafx-sdk-11.0.2\bin\concrt140.dll
0x00007ffe5ac40000 - 0x00007ffe5ac63000 	C:\JavaFX\javafx-sdk-11.0.2\bin\prism_d3d.dll
0x00007ffe63c10000 - 0x00007ffe63dde000 	C:\WINDOWS\system32\d3d9.dll
0x00007ffe76b30000 - 0x00007ffe76b5f000 	C:\WINDOWS\SYSTEM32\dwmapi.dll
0x00007ffe767c0000 - 0x00007ffe7685e000 	C:\WINDOWS\system32\uxtheme.dll
0x00007ffe53fa0000 - 0x00007ffe54105000 	C:\WINDOWS\System32\DriverStore\FileRepository\iigd_dch.inf_amd64_2b1d9e395a05d1c9\igdumdim64.dll
0x00007ffe7b210000 - 0x00007ffe7b33a000 	C:\WINDOWS\System32\ole32.dll
0x00007ffe31ef0000 - 0x00007ffe36670000 	C:\WINDOWS\System32\DriverStore\FileRepository\iigd_dch.inf_amd64_2b1d9e395a05d1c9\igd9dxva64.dll
0x00007ffe7ba90000 - 0x00007ffe7bb5d000 	C:\WINDOWS\System32\OLEAUT32.dll
0x00007ffe79dc0000 - 0x00007ffe7a229000 	C:\WINDOWS\System32\SETUPAPI.dll
0x00007ffe79600000 - 0x00007ffe7964e000 	C:\WINDOWS\System32\cfgmgr32.dll
0x00007ffe79420000 - 0x00007ffe79447000 	C:\WINDOWS\System32\bcrypt.dll
0x00007ffe6d2b0000 - 0x00007ffe6d508000 	C:\WINDOWS\System32\DriverStore\FileRepository\iigd_dch.inf_amd64_2b1d9e395a05d1c9\igdgmm64.dll
0x00007ffe53c70000 - 0x00007ffe53cb5000 	C:\JavaFX\javafx-sdk-11.0.2\bin\glass.dll
0x00007ffe79cd0000 - 0x00007ffe79daa000 	C:\WINDOWS\System32\COMDLG32.dll
0x00007ffe7a6a0000 - 0x00007ffe7a7b5000 	C:\WINDOWS\System32\MSCTF.dll
0x00007ffe64ae0000 - 0x00007ffe64b07000 	C:\WINDOWS\System32\DriverStore\FileRepository\iigd_dch.inf_amd64_2b1d9e395a05d1c9\igdinfo64.dll
0x00007ffe6a5d0000 - 0x00007ffe6d2b0000 	C:\WINDOWS\System32\DriverStore\FileRepository\iigd_dch.inf_amd64_2b1d9e395a05d1c9\igc64.dll
0x00007ffe70480000 - 0x00007ffe704bb000 	C:\WINDOWS\SYSTEM32\dxcore.dll
0x00007ffe5ac20000 - 0x00007ffe5ac34000 	C:\JavaFX\javafx-sdk-11.0.2\bin\javafx_font.dll
0x00007ffe787e0000 - 0x00007ffe788ac000 	C:\WINDOWS\SYSTEM32\DNSAPI.dll
0x00007ffe78790000 - 0x00007ffe787cb000 	C:\WINDOWS\SYSTEM32\IPHLPAPI.DLL
0x00007ffe79db0000 - 0x00007ffe79db8000 	C:\WINDOWS\System32\NSI.dll
0x00007ffe64060000 - 0x00007ffe6406a000 	C:\Windows\System32\rasadhlp.dll
0x00007ffe61a00000 - 0x00007ffe61a7f000 	C:\WINDOWS\System32\fwpuclnt.dll
0x00007ffe486b0000 - 0x00007ffe4892f000 	C:\WINDOWS\SYSTEM32\dwrite.dll
0x00007ffe7a420000 - 0x00007ffe7a4c9000 	C:\WINDOWS\System32\clbcatq.dll
0x00007ffe72de0000 - 0x00007ffe72f94000 	C:\WINDOWS\SYSTEM32\WindowsCodecs.dll
0x00007ffe46230000 - 0x00007ffe4626e000 	C:\WINDOWS\system32\dataexchange.dll
0x00007ffe757c0000 - 0x00007ffe75a24000 	C:\WINDOWS\system32\d3d11.dll
0x00007ffe75b90000 - 0x00007ffe75d75000 	C:\WINDOWS\system32\dcomp.dll
0x00007ffe77c50000 - 0x00007ffe77d43000 	C:\WINDOWS\system32\dxgi.dll
0x00007ffe730a0000 - 0x00007ffe732a1000 	C:\WINDOWS\system32\twinapi.appcore.dll
0x00007ffe53f60000 - 0x00007ffe53f94000 	C:\Program Files\Common Files\Microsoft Shared\Ink\rtscom.dll
0x00007ffe4d3e0000 - 0x00007ffe4d4d9000 	C:\WINDOWS\SYSTEM32\textinputframework.dll
0x00007ffe76200000 - 0x00007ffe7655e000 	C:\WINDOWS\System32\CoreUIComponents.dll
0x00007ffe76560000 - 0x00007ffe76652000 	C:\WINDOWS\System32\CoreMessaging.dll

dbghelp: loaded successfully - version: 4.0.5 - missing functions: none
symbol engine: initialized successfully - sym options: 0x614 - pdb path: .;C:\Program Files\Java\jdk-12.0.2\bin;C:\WINDOWS\SYSTEM32;C:\WINDOWS\WinSxS\amd64_microsoft.windows.common-controls_6595b64144ccf1df_6.0.19041.844_none_ca00b6081b84eb1d;C:\Program Files\Java\jdk-12.0.2\bin\server;C:\Program Files\JetBrains\IntelliJ IDEA Community Edition 2020.1.1\bin;C:\JavaFX\javafx-sdk-11.0.2\bin;C:\WINDOWS\System32\DriverStore\FileRepository\iigd_dch.inf_amd64_2b1d9e395a05d1c9;C:\Program Files\Common Files\Microsoft Shared\Ink

VM Arguments:
jvm_args: --module-path=C:/JavaFX/javafx-sdk-11.0.2/lib --add-modules=javafx.controls,javafx.fxml,javafx.base --add-modules=javafx.base,javafx.graphics --add-reads=javafx.base=ALL-UNNAMED --add-reads=javafx.graphics=ALL-UNNAMED -javaagent:C:\Program Files\JetBrains\IntelliJ IDEA Community Edition 2020.1.1\lib\idea_rt.jar=1923:C:\Program Files\JetBrains\IntelliJ IDEA Community Edition 2020.1.1\bin -Dfile.encoding=UTF-8 
java_command: sample.Main
java_class_path (initial): C:\JavaXD\Ksis\Kursovoi KSiS\Client\out\production\Client;C:\JavaFX\javafx-sdk-11.0.2\lib\src.zip;C:\JavaFX\javafx-sdk-11.0.2\lib\javafx-swt.jar;C:\JavaFX\javafx-sdk-11.0.2\lib\javafx.web.jar;C:\JavaFX\javafx-sdk-11.0.2\lib\javafx.base.jar;C:\JavaFX\javafx-sdk-11.0.2\lib\javafx.fxml.jar;C:\JavaFX\javafx-sdk-11.0.2\lib\javafx.media.jar;C:\JavaFX\javafx-sdk-11.0.2\lib\javafx.swing.jar;C:\JavaFX\javafx-sdk-11.0.2\lib\javafx.controls.jar;C:\JavaFX\javafx-sdk-11.0.2\lib\javafx.graphics.jar
Launcher Type: SUN_STANDARD

[Global flags]
     intx CICompilerCount                          = 4                                         {product} {ergonomic}
     uint ConcGCThreads                            = 2                                         {product} {ergonomic}
     uint G1ConcRefinementThreads                  = 8                                         {product} {ergonomic}
   size_t G1HeapRegionSize                         = 1048576                                   {product} {ergonomic}
    uintx GCDrainStackTargetSize                   = 64                                        {product} {ergonomic}
   size_t InitialHeapSize                          = 134217728                                 {product} {ergonomic}
   size_t MarkStackSize                            = 4194304                                   {product} {ergonomic}
   size_t MaxHeapSize                              = 2118123520                                {product} {ergonomic}
   size_t MaxNewSize                               = 1270874112                                {product} {ergonomic}
   size_t MinHeapDeltaBytes                        = 1048576                                   {product} {ergonomic}
    uintx NonNMethodCodeHeapSize                   = 5836300                                {pd product} {ergonomic}
    uintx NonProfiledCodeHeapSize                  = 122910970                              {pd product} {ergonomic}
    uintx ProfiledCodeHeapSize                     = 122910970                              {pd product} {ergonomic}
    uintx ReservedCodeCacheSize                    = 251658240                              {pd product} {ergonomic}
     bool SegmentedCodeCache                       = true                                      {product} {ergonomic}
     bool UseCompressedClassPointers               = true                                 {lp64_product} {ergonomic}
     bool UseCompressedOops                        = true                                 {lp64_product} {ergonomic}
     bool UseG1GC                                  = true                                      {product} {ergonomic}
     bool UseLargePagesIndividualAllocation        = false                                  {pd product} {ergonomic}

Logging:
Log output configuration:
 #0: stdout all=warning uptime,level,tags
 #1: stderr all=off uptime,level,tags

Environment Variables:
JAVA_HOME=C:\Program Files\Java\jdk-12.0.2
PATH=C:\Program Files\Java\jdk-12.0.2\bin\;C:\WINDOWS\system32;C:\WINDOWS;C:\WINDOWS\System32\Wbem;C:\WINDOWS\System32\WindowsPowerShell\v1.0\;C:\WINDOWS\System32\OpenSSH\;C:\Program Files (x86)\NVIDIA Corporation\PhysX\Common;C:\Program Files\NVIDIA Corporation\NVIDIA NvDLISR;C:\Program Files\Microsoft SQL Server\130\Tools\Binn\;D:\Calibre\;C:\Program Files\Git\cmd;C:\Users\User\AppData\Local\Programs\Python\Python39\Scripts\;C:\Users\User\AppData\Local\Programs\Python\Python39\;C:\Ruby27-x64\bin;C:\Users\User\AppData\Local\Microsoft\WindowsApps;C:\Program Files\JetBrains\IntelliJ IDEA Community Edition 2020.1.1\bin;D:\Microsoft VS Code\bin;C:\Users\User\AppData\Local\GitHubDesktop\bin;C:\Program Files (x86)\Nmap
USERNAME=User
OS=Windows_NT
PROCESSOR_IDENTIFIER=Intel64 Family 6 Model 142 Stepping 12, GenuineIntel



---------------  S Y S T E M  ---------------

OS: Windows 10 , 64 bit Build 19041 (10.0.19041.928)

CPU:total 8 (initial active 8) (4 cores per cpu, 2 threads per core) family 6 model 142 stepping 12, cmov, cx8, fxsr, mmx, sse, sse2, sse3, ssse3, sse4.1, sse4.2, popcnt, avx, avx2, aes, clmul, erms, 3dnowpref, lzcnt, ht, tsc, tscinvbit, bmi1, bmi2, adx, fma

Memory: 4k page, system-wide physical 8078M (2253M free)
TotalPageFile size 8878M (AvailPageFile size 5M)
current process WorkingSet (physical memory assigned to process): 143M, peak: 143M
current process commit charge ("private bytes"): 283M, peak: 284M

vm_info: Java HotSpot(TM) 64-Bit Server VM (12.0.2+10) for windows-amd64 JRE (12.0.2+10), built on Jul 16 2019 01:56:17 by "mach5one" with MS VC++ 15.5 (VS2017)

END.
