#
# There is insufficient memory for the Java Runtime Environment to continue.
# Native memory allocation (malloc) failed to allocate 1391856 bytes for Chunk::new
# Possible reasons:
#   The system is out of physical RAM or swap space
#   The process is running with CompressedOops enabled, and the Java Heap may be blocking the growth of the native heap
# Possible solutions:
#   Reduce memory load on the system
#   Increase physical memory or swap space
#   Check if swap backing store is full
#   Decrease Java heap size (-Xmx/-Xms)
#   Decrease number of Java threads
#   Decrease Java thread stack sizes (-Xss)
#   Set larger code cache with -XX:ReservedCodeCacheSize=
#   JVM is running with Unscaled Compressed Oops mode in which the Java heap is
#     placed in the first 4GB address space. The Java Heap base address is the
#     maximum limit for the native heap growth. Please use -XX:HeapBaseMinAddress
#     to set the Java Heap base and to place the Java Heap above 4GB virtual address.
# This output file may be truncated or incomplete.
#
#  Out of Memory Error (t:/workspace/open/src/hotspot/share/memory/arena.cpp:197), pid=4940, tid=1680
#
# JRE version: Java(TM) SE Runtime Environment (12.0.2+10) (build 12.0.2+10)
# Java VM: Java HotSpot(TM) 64-Bit Server VM (12.0.2+10, mixed mode, sharing, tiered, compressed oops, g1 gc, windows-amd64)
# No core dump will be written. Minidumps are not enabled by default on client versions of Windows
#

---------------  S U M M A R Y ------------

Command Line: --module-path=C:/JavaFX/javafx-sdk-11.0.2/lib --add-modules=javafx.controls,javafx.fxml,javafx.base --add-modules=javafx.base,javafx.graphics --add-reads=javafx.base=ALL-UNNAMED --add-reads=javafx.graphics=ALL-UNNAMED -javaagent:C:\Program Files\JetBrains\IntelliJ IDEA Community Edition 2020.1.1\lib\idea_rt.jar=51529:C:\Program Files\JetBrains\IntelliJ IDEA Community Edition 2020.1.1\bin -Dfile.encoding=UTF-8 sample.Main

Host: Intel(R) Core(TM) i5-8265U CPU @ 1.60GHz, 8 cores, 7G,  Windows 10 , 64 bit Build 19041 (10.0.19041.928)
Time: Wed May 19 15:06:18 2021 Беларусь (зима) elapsed time: 0 seconds (0d 0h 0m 0s)

---------------  T H R E A D  ---------------

Current thread (0x000002f34579d000):  JavaThread "C2 CompilerThread2" daemon [_thread_in_native, id=1680, stack(0x000000f555200000,0x000000f555300000)]


Current CompileTask:
C2:    737  984       4       jdk.internal.org.objectweb.asm.Frame::execute (2305 bytes)

Stack: [0x000000f555200000,0x000000f555300000]
Native frames: (J=compiled Java code, j=interpreted, Vv=VM code, C=native code)
V  [jvm.dll+0x63aa2a]
V  [jvm.dll+0x78ce1e]
V  [jvm.dll+0x78e4c1]
V  [jvm.dll+0x78eb13]
V  [jvm.dll+0x2627e8]
V  [jvm.dll+0xc55cc]
V  [jvm.dll+0xc5b4c]
V  [jvm.dll+0x37a632]
V  [jvm.dll+0x3463d3]
V  [jvm.dll+0x34579a]
V  [jvm.dll+0x21c205]
V  [jvm.dll+0x21b3da]
V  [jvm.dll+0x199a20]
V  [jvm.dll+0x22a744]
V  [jvm.dll+0x228d98]
V  [jvm.dll+0x7512a0]
V  [jvm.dll+0x74a2c8]
V  [jvm.dll+0x639b16]
C  [ucrtbase.dll+0x21bb2]
C  [KERNEL32.DLL+0x17034]
C  [ntdll.dll+0x52651]


---------------  P R O C E S S  ---------------

Threads class SMR info:
_java_thread_list=0x000002f346f99d00, length=18, elements={
0x000002f3258b6800, 0x000002f344c74800, 0x000002f344c78000, 0x000002f344c90800,
0x000002f344c91800, 0x000002f344c92000, 0x000002f344c95000, 0x000002f344ca2800,
0x000002f344c5c000, 0x000002f34579c000, 0x000002f34579d000, 0x000002f34602b000,
0x000002f345871000, 0x000002f346326800, 0x000002f3464f1000, 0x000002f346a08000,
0x000002f346f31000, 0x000002f345a2a000
}

Java Threads: ( => current thread )
  0x000002f3258b6800 JavaThread "main" [_thread_blocked, id=6640, stack(0x000000f554200000,0x000000f554300000)]
  0x000002f344c74800 JavaThread "Reference Handler" daemon [_thread_blocked, id=10312, stack(0x000000f554900000,0x000000f554a00000)]
  0x000002f344c78000 JavaThread "Finalizer" daemon [_thread_blocked, id=8140, stack(0x000000f554a00000,0x000000f554b00000)]
  0x000002f344c90800 JavaThread "Signal Dispatcher" daemon [_thread_blocked, id=11476, stack(0x000000f554b00000,0x000000f554c00000)]
  0x000002f344c91800 JavaThread "Attach Listener" daemon [_thread_blocked, id=12420, stack(0x000000f554c00000,0x000000f554d00000)]
  0x000002f344c92000 JavaThread "C2 CompilerThread0" daemon [_thread_in_native, id=8892, stack(0x000000f554d00000,0x000000f554e00000)]
  0x000002f344c95000 JavaThread "C1 CompilerThread0" daemon [_thread_in_native, id=4740, stack(0x000000f554e00000,0x000000f554f00000)]
  0x000002f344ca2800 JavaThread "Sweeper thread" daemon [_thread_blocked, id=2880, stack(0x000000f554f00000,0x000000f555000000)]
  0x000002f344c5c000 JavaThread "Common-Cleaner" daemon [_thread_blocked, id=11472, stack(0x000000f555000000,0x000000f555100000)]
  0x000002f34579c000 JavaThread "C2 CompilerThread1" daemon [_thread_in_native, id=10116, stack(0x000000f555100000,0x000000f555200000)]
=>0x000002f34579d000 JavaThread "C2 CompilerThread2" daemon [_thread_in_native, id=1680, stack(0x000000f555200000,0x000000f555300000)]
  0x000002f34602b000 JavaThread "Monitor Ctrl-Break" daemon [_thread_in_native, id=3600, stack(0x000000f555300000,0x000000f555400000)]
  0x000002f345871000 JavaThread "Service Thread" daemon [_thread_blocked, id=10644, stack(0x000000f555400000,0x000000f555500000)]
  0x000002f346326800 JavaThread "QuantumRenderer-0" daemon [_thread_blocked, id=4948, stack(0x000000f555600000,0x000000f555700000)]
  0x000002f3464f1000 JavaThread "InvokeLaterDispatcher" daemon [_thread_blocked, id=10080, stack(0x000000f555700000,0x000000f555800000)]
  0x000002f346a08000 JavaThread "JavaFX Application Thread" [_thread_in_Java, id=8716, stack(0x000000f555800000,0x000000f555900000)]
  0x000002f346f31000 JavaThread "JavaFX-Launcher" [_thread_blocked, id=2020, stack(0x000000f555d00000,0x000000f555e00000)]
  0x000002f345a2a000 JavaThread "Thread-2" daemon [_thread_in_native, id=8088, stack(0x000000f555c00000,0x000000f555d00000)]

Other Threads:
  0x000002f344c73800 VMThread "VM Thread" [stack: 0x000000f554800000,0x000000f554900000] [id=11796]
  0x000002f345d31800 WatcherThread [stack: 0x000000f555500000,0x000000f555600000] [id=10176]
  0x000002f3258f8000 GCTaskThread "GC Thread#0" [stack: 0x000000f554300000,0x000000f554400000] [id=1784]
  0x000002f346d8a800 GCTaskThread "GC Thread#1" [stack: 0x000000f555e00000,0x000000f555f00000] [id=7440]
  0x000002f346f7e000 GCTaskThread "GC Thread#2" [stack: 0x000000f555f00000,0x000000f556000000] [id=7848]
  0x000002f346e0d800 GCTaskThread "GC Thread#3" [stack: 0x000000f556000000,0x000000f556100000] [id=10984]
  0x000002f346b0c000 GCTaskThread "GC Thread#4" [stack: 0x000000f556100000,0x000000f556200000] [id=2360]
  0x000002f346495800 GCTaskThread "GC Thread#5" [stack: 0x000000f556200000,0x000000f556300000] [id=12184]
  0x000002f325905800 ConcurrentGCThread "G1 Main Marker" [stack: 0x000000f554400000,0x000000f554500000] [id=12644]
  0x000002f325908000 ConcurrentGCThread "G1 Conc#0" [stack: 0x000000f554500000,0x000000f554600000] [id=12872]
  0x000002f344af0800 ConcurrentGCThread "G1 Refine#0" [stack: 0x000000f554600000,0x000000f554700000] [id=10760]
  0x000002f344af1000 ConcurrentGCThread "G1 Young RemSet Sampling" [stack: 0x000000f554700000,0x000000f554800000] [id=5292]

Threads with active compile tasks:
C2 CompilerThread0  1121       4       com.sun.javafx.css.ParsedValueImpl::<init> (38 bytes)
C2 CompilerThread1  1122   !   4       com.sun.javafx.css.ParsedValueImpl::readBinary (688 bytes)
C2 CompilerThread2   984       4       jdk.internal.org.objectweb.asm.Frame::execute (2305 bytes)

VM state:not at safepoint (normal execution)

VM Mutex/Monitor currently owned by a thread: None

Heap address: 0x0000000081c00000, size: 2020 MB, Compressed Oops mode: 32-bit
Narrow klass base: 0x0000000800000000, Narrow klass shift: 3
Compressed class space size: 1073741824 Address: 0x0000000801190000

Heap:
 garbage-first heap   total 131072K, used 10154K [0x0000000081c00000, 0x0000000100000000)
  region size 1024K, 10 young (10240K), 3 survivors (3072K)
 Metaspace       used 8078K, capacity 9973K, committed 9984K, reserved 1058816K
  class space    used 1014K, capacity 1270K, committed 1280K, reserved 1048576K
Heap Regions: E=young(eden), S=young(survivor), O=old, HS=humongous(starts), HC=humongous(continues), CS=collection set, F=free, A=archive, TAMS=top-at-mark-start (previous, next)
|   0|0x0000000081c00000, 0x0000000081ceaa00, 0x0000000081d00000| 91%| O|  |TAMS 0x0000000081c00000, 0x0000000081c00000| Untracked 
|   1|0x0000000081d00000, 0x0000000081d00000, 0x0000000081e00000|  0%| F|  |TAMS 0x0000000081d00000, 0x0000000081d00000| Untracked 
|   2|0x0000000081e00000, 0x0000000081e00000, 0x0000000081f00000|  0%| F|  |TAMS 0x0000000081e00000, 0x0000000081e00000| Untracked 
|   3|0x0000000081f00000, 0x0000000081f00000, 0x0000000082000000|  0%| F|  |TAMS 0x0000000081f00000, 0x0000000081f00000| Untracked 
|   4|0x0000000082000000, 0x0000000082000000, 0x0000000082100000|  0%| F|  |TAMS 0x0000000082000000, 0x0000000082000000| Untracked 
|   5|0x0000000082100000, 0x0000000082100000, 0x0000000082200000|  0%| F|  |TAMS 0x0000000082100000, 0x0000000082100000| Untracked 
|   6|0x0000000082200000, 0x0000000082200000, 0x0000000082300000|  0%| F|  |TAMS 0x0000000082200000, 0x0000000082200000| Untracked 
|   7|0x0000000082300000, 0x0000000082300000, 0x0000000082400000|  0%| F|  |TAMS 0x0000000082300000, 0x0000000082300000| Untracked 
|   8|0x0000000082400000, 0x0000000082400000, 0x0000000082500000|  0%| F|  |TAMS 0x0000000082400000, 0x0000000082400000| Untracked 
|   9|0x0000000082500000, 0x0000000082500000, 0x0000000082600000|  0%| F|  |TAMS 0x0000000082500000, 0x0000000082500000| Untracked 
|  10|0x0000000082600000, 0x0000000082600000, 0x0000000082700000|  0%| F|  |TAMS 0x0000000082600000, 0x0000000082600000| Untracked 
|  11|0x0000000082700000, 0x0000000082700000, 0x0000000082800000|  0%| F|  |TAMS 0x0000000082700000, 0x0000000082700000| Untracked 
|  12|0x0000000082800000, 0x0000000082800000, 0x0000000082900000|  0%| F|  |TAMS 0x0000000082800000, 0x0000000082800000| Untracked 
|  13|0x0000000082900000, 0x0000000082900000, 0x0000000082a00000|  0%| F|  |TAMS 0x0000000082900000, 0x0000000082900000| Untracked 
|  14|0x0000000082a00000, 0x0000000082a00000, 0x0000000082b00000|  0%| F|  |TAMS 0x0000000082a00000, 0x0000000082a00000| Untracked 
|  15|0x0000000082b00000, 0x0000000082b00000, 0x0000000082c00000|  0%| F|  |TAMS 0x0000000082b00000, 0x0000000082b00000| Untracked 
|  16|0x0000000082c00000, 0x0000000082c00000, 0x0000000082d00000|  0%| F|  |TAMS 0x0000000082c00000, 0x0000000082c00000| Untracked 
|  17|0x0000000082d00000, 0x0000000082d00000, 0x0000000082e00000|  0%| F|  |TAMS 0x0000000082d00000, 0x0000000082d00000| Untracked 
|  18|0x0000000082e00000, 0x0000000082e00000, 0x0000000082f00000|  0%| F|  |TAMS 0x0000000082e00000, 0x0000000082e00000| Untracked 
|  19|0x0000000082f00000, 0x0000000082f00000, 0x0000000083000000|  0%| F|  |TAMS 0x0000000082f00000, 0x0000000082f00000| Untracked 
|  20|0x0000000083000000, 0x0000000083000000, 0x0000000083100000|  0%| F|  |TAMS 0x0000000083000000, 0x0000000083000000| Untracked 
|  21|0x0000000083100000, 0x0000000083100000, 0x0000000083200000|  0%| F|  |TAMS 0x0000000083100000, 0x0000000083100000| Untracked 
|  22|0x0000000083200000, 0x0000000083200000, 0x0000000083300000|  0%| F|  |TAMS 0x0000000083200000, 0x0000000083200000| Untracked 
|  23|0x0000000083300000, 0x0000000083300000, 0x0000000083400000|  0%| F|  |TAMS 0x0000000083300000, 0x0000000083300000| Untracked 
|  24|0x0000000083400000, 0x0000000083400000, 0x0000000083500000|  0%| F|  |TAMS 0x0000000083400000, 0x0000000083400000| Untracked 
|  25|0x0000000083500000, 0x0000000083500000, 0x0000000083600000|  0%| F|  |TAMS 0x0000000083500000, 0x0000000083500000| Untracked 
|  26|0x0000000083600000, 0x0000000083600000, 0x0000000083700000|  0%| F|  |TAMS 0x0000000083600000, 0x0000000083600000| Untracked 
|  27|0x0000000083700000, 0x0000000083700000, 0x0000000083800000|  0%| F|  |TAMS 0x0000000083700000, 0x0000000083700000| Untracked 
|  28|0x0000000083800000, 0x0000000083800000, 0x0000000083900000|  0%| F|  |TAMS 0x0000000083800000, 0x0000000083800000| Untracked 
|  29|0x0000000083900000, 0x0000000083900000, 0x0000000083a00000|  0%| F|  |TAMS 0x0000000083900000, 0x0000000083900000| Untracked 
|  30|0x0000000083a00000, 0x0000000083a00000, 0x0000000083b00000|  0%| F|  |TAMS 0x0000000083a00000, 0x0000000083a00000| Untracked 
|  31|0x0000000083b00000, 0x0000000083b00000, 0x0000000083c00000|  0%| F|  |TAMS 0x0000000083b00000, 0x0000000083b00000| Untracked 
|  32|0x0000000083c00000, 0x0000000083c00000, 0x0000000083d00000|  0%| F|  |TAMS 0x0000000083c00000, 0x0000000083c00000| Untracked 
|  33|0x0000000083d00000, 0x0000000083d00000, 0x0000000083e00000|  0%| F|  |TAMS 0x0000000083d00000, 0x0000000083d00000| Untracked 
|  34|0x0000000083e00000, 0x0000000083e00000, 0x0000000083f00000|  0%| F|  |TAMS 0x0000000083e00000, 0x0000000083e00000| Untracked 
|  35|0x0000000083f00000, 0x0000000083f00000, 0x0000000084000000|  0%| F|  |TAMS 0x0000000083f00000, 0x0000000083f00000| Untracked 
|  36|0x0000000084000000, 0x0000000084000000, 0x0000000084100000|  0%| F|  |TAMS 0x0000000084000000, 0x0000000084000000| Untracked 
|  37|0x0000000084100000, 0x0000000084100000, 0x0000000084200000|  0%| F|  |TAMS 0x0000000084100000, 0x0000000084100000| Untracked 
|  38|0x0000000084200000, 0x0000000084200000, 0x0000000084300000|  0%| F|  |TAMS 0x0000000084200000, 0x0000000084200000| Untracked 
|  39|0x0000000084300000, 0x0000000084300000, 0x0000000084400000|  0%| F|  |TAMS 0x0000000084300000, 0x0000000084300000| Untracked 
|  40|0x0000000084400000, 0x0000000084400000, 0x0000000084500000|  0%| F|  |TAMS 0x0000000084400000, 0x0000000084400000| Untracked 
|  41|0x0000000084500000, 0x0000000084500000, 0x0000000084600000|  0%| F|  |TAMS 0x0000000084500000, 0x0000000084500000| Untracked 
|  42|0x0000000084600000, 0x0000000084600000, 0x0000000084700000|  0%| F|  |TAMS 0x0000000084600000, 0x0000000084600000| Untracked 
|  43|0x0000000084700000, 0x0000000084700000, 0x0000000084800000|  0%| F|  |TAMS 0x0000000084700000, 0x0000000084700000| Untracked 
|  44|0x0000000084800000, 0x0000000084800000, 0x0000000084900000|  0%| F|  |TAMS 0x0000000084800000, 0x0000000084800000| Untracked 
|  45|0x0000000084900000, 0x0000000084900000, 0x0000000084a00000|  0%| F|  |TAMS 0x0000000084900000, 0x0000000084900000| Untracked 
|  46|0x0000000084a00000, 0x0000000084a00000, 0x0000000084b00000|  0%| F|  |TAMS 0x0000000084a00000, 0x0000000084a00000| Untracked 
|  47|0x0000000084b00000, 0x0000000084b00000, 0x0000000084c00000|  0%| F|  |TAMS 0x0000000084b00000, 0x0000000084b00000| Untracked 
|  48|0x0000000084c00000, 0x0000000084c00000, 0x0000000084d00000|  0%| F|  |TAMS 0x0000000084c00000, 0x0000000084c00000| Untracked 
|  49|0x0000000084d00000, 0x0000000084d00000, 0x0000000084e00000|  0%| F|  |TAMS 0x0000000084d00000, 0x0000000084d00000| Untracked 
|  50|0x0000000084e00000, 0x0000000084e00000, 0x0000000084f00000|  0%| F|  |TAMS 0x0000000084e00000, 0x0000000084e00000| Untracked 
|  51|0x0000000084f00000, 0x0000000084f00000, 0x0000000085000000|  0%| F|  |TAMS 0x0000000084f00000, 0x0000000084f00000| Untracked 
|  52|0x0000000085000000, 0x0000000085000000, 0x0000000085100000|  0%| F|  |TAMS 0x0000000085000000, 0x0000000085000000| Untracked 
|  53|0x0000000085100000, 0x0000000085100000, 0x0000000085200000|  0%| F|  |TAMS 0x0000000085100000, 0x0000000085100000| Untracked 
|  54|0x0000000085200000, 0x0000000085200000, 0x0000000085300000|  0%| F|  |TAMS 0x0000000085200000, 0x0000000085200000| Untracked 
|  55|0x0000000085300000, 0x0000000085300000, 0x0000000085400000|  0%| F|  |TAMS 0x0000000085300000, 0x0000000085300000| Untracked 
|  56|0x0000000085400000, 0x0000000085400000, 0x0000000085500000|  0%| F|  |TAMS 0x0000000085400000, 0x0000000085400000| Untracked 
|  57|0x0000000085500000, 0x0000000085500000, 0x0000000085600000|  0%| F|  |TAMS 0x0000000085500000, 0x0000000085500000| Untracked 
|  58|0x0000000085600000, 0x0000000085600000, 0x0000000085700000|  0%| F|  |TAMS 0x0000000085600000, 0x0000000085600000| Untracked 
|  59|0x0000000085700000, 0x0000000085700000, 0x0000000085800000|  0%| F|  |TAMS 0x0000000085700000, 0x0000000085700000| Untracked 
|  60|0x0000000085800000, 0x0000000085800000, 0x0000000085900000|  0%| F|  |TAMS 0x0000000085800000, 0x0000000085800000| Untracked 
|  61|0x0000000085900000, 0x0000000085900000, 0x0000000085a00000|  0%| F|  |TAMS 0x0000000085900000, 0x0000000085900000| Untracked 
|  62|0x0000000085a00000, 0x0000000085a00000, 0x0000000085b00000|  0%| F|  |TAMS 0x0000000085a00000, 0x0000000085a00000| Untracked 
|  63|0x0000000085b00000, 0x0000000085b00000, 0x0000000085c00000|  0%| F|  |TAMS 0x0000000085b00000, 0x0000000085b00000| Untracked 
|  64|0x0000000085c00000, 0x0000000085c00000, 0x0000000085d00000|  0%| F|  |TAMS 0x0000000085c00000, 0x0000000085c00000| Untracked 
|  65|0x0000000085d00000, 0x0000000085d00000, 0x0000000085e00000|  0%| F|  |TAMS 0x0000000085d00000, 0x0000000085d00000| Untracked 
|  66|0x0000000085e00000, 0x0000000085e00000, 0x0000000085f00000|  0%| F|  |TAMS 0x0000000085e00000, 0x0000000085e00000| Untracked 
|  67|0x0000000085f00000, 0x0000000085f00000, 0x0000000086000000|  0%| F|  |TAMS 0x0000000085f00000, 0x0000000085f00000| Untracked 
|  68|0x0000000086000000, 0x0000000086000000, 0x0000000086100000|  0%| F|  |TAMS 0x0000000086000000, 0x0000000086000000| Untracked 
|  69|0x0000000086100000, 0x0000000086100000, 0x0000000086200000|  0%| F|  |TAMS 0x0000000086100000, 0x0000000086100000| Untracked 
|  70|0x0000000086200000, 0x0000000086200000, 0x0000000086300000|  0%| F|  |TAMS 0x0000000086200000, 0x0000000086200000| Untracked 
|  71|0x0000000086300000, 0x0000000086300000, 0x0000000086400000|  0%| F|  |TAMS 0x0000000086300000, 0x0000000086300000| Untracked 
|  72|0x0000000086400000, 0x0000000086400000, 0x0000000086500000|  0%| F|  |TAMS 0x0000000086400000, 0x0000000086400000| Untracked 
|  73|0x0000000086500000, 0x0000000086500000, 0x0000000086600000|  0%| F|  |TAMS 0x0000000086500000, 0x0000000086500000| Untracked 
|  74|0x0000000086600000, 0x0000000086600000, 0x0000000086700000|  0%| F|  |TAMS 0x0000000086600000, 0x0000000086600000| Untracked 
|  75|0x0000000086700000, 0x0000000086700000, 0x0000000086800000|  0%| F|  |TAMS 0x0000000086700000, 0x0000000086700000| Untracked 
|  76|0x0000000086800000, 0x0000000086800000, 0x0000000086900000|  0%| F|  |TAMS 0x0000000086800000, 0x0000000086800000| Untracked 
|  77|0x0000000086900000, 0x0000000086900000, 0x0000000086a00000|  0%| F|  |TAMS 0x0000000086900000, 0x0000000086900000| Untracked 
|  78|0x0000000086a00000, 0x0000000086a00000, 0x0000000086b00000|  0%| F|  |TAMS 0x0000000086a00000, 0x0000000086a00000| Untracked 
|  79|0x0000000086b00000, 0x0000000086b00000, 0x0000000086c00000|  0%| F|  |TAMS 0x0000000086b00000, 0x0000000086b00000| Untracked 
|  80|0x0000000086c00000, 0x0000000086c00000, 0x0000000086d00000|  0%| F|  |TAMS 0x0000000086c00000, 0x0000000086c00000| Untracked 
|  81|0x0000000086d00000, 0x0000000086d00000, 0x0000000086e00000|  0%| F|  |TAMS 0x0000000086d00000, 0x0000000086d00000| Untracked 
|  82|0x0000000086e00000, 0x0000000086e00000, 0x0000000086f00000|  0%| F|  |TAMS 0x0000000086e00000, 0x0000000086e00000| Untracked 
|  83|0x0000000086f00000, 0x0000000086f00000, 0x0000000087000000|  0%| F|  |TAMS 0x0000000086f00000, 0x0000000086f00000| Untracked 
|  84|0x0000000087000000, 0x0000000087000000, 0x0000000087100000|  0%| F|  |TAMS 0x0000000087000000, 0x0000000087000000| Untracked 
|  85|0x0000000087100000, 0x0000000087100000, 0x0000000087200000|  0%| F|  |TAMS 0x0000000087100000, 0x0000000087100000| Untracked 
|  86|0x0000000087200000, 0x0000000087200000, 0x0000000087300000|  0%| F|  |TAMS 0x0000000087200000, 0x0000000087200000| Untracked 
|  87|0x0000000087300000, 0x0000000087300000, 0x0000000087400000|  0%| F|  |TAMS 0x0000000087300000, 0x0000000087300000| Untracked 
|  88|0x0000000087400000, 0x0000000087400000, 0x0000000087500000|  0%| F|  |TAMS 0x0000000087400000, 0x0000000087400000| Untracked 
|  89|0x0000000087500000, 0x0000000087500000, 0x0000000087600000|  0%| F|  |TAMS 0x0000000087500000, 0x0000000087500000| Untracked 
|  90|0x0000000087600000, 0x0000000087600000, 0x0000000087700000|  0%| F|  |TAMS 0x0000000087600000, 0x0000000087600000| Untracked 
|  91|0x0000000087700000, 0x0000000087700000, 0x0000000087800000|  0%| F|  |TAMS 0x0000000087700000, 0x0000000087700000| Untracked 
|  92|0x0000000087800000, 0x0000000087800000, 0x0000000087900000|  0%| F|  |TAMS 0x0000000087800000, 0x0000000087800000| Untracked 
|  93|0x0000000087900000, 0x0000000087900000, 0x0000000087a00000|  0%| F|  |TAMS 0x0000000087900000, 0x0000000087900000| Untracked 
|  94|0x0000000087a00000, 0x0000000087a00000, 0x0000000087b00000|  0%| F|  |TAMS 0x0000000087a00000, 0x0000000087a00000| Untracked 
|  95|0x0000000087b00000, 0x0000000087b00000, 0x0000000087c00000|  0%| F|  |TAMS 0x0000000087b00000, 0x0000000087b00000| Untracked 
|  96|0x0000000087c00000, 0x0000000087c00000, 0x0000000087d00000|  0%| F|  |TAMS 0x0000000087c00000, 0x0000000087c00000| Untracked 
|  97|0x0000000087d00000, 0x0000000087d00000, 0x0000000087e00000|  0%| F|  |TAMS 0x0000000087d00000, 0x0000000087d00000| Untracked 
|  98|0x0000000087e00000, 0x0000000087e00000, 0x0000000087f00000|  0%| F|  |TAMS 0x0000000087e00000, 0x0000000087e00000| Untracked 
|  99|0x0000000087f00000, 0x0000000087f00000, 0x0000000088000000|  0%| F|  |TAMS 0x0000000087f00000, 0x0000000087f00000| Untracked 
| 100|0x0000000088000000, 0x0000000088000000, 0x0000000088100000|  0%| F|  |TAMS 0x0000000088000000, 0x0000000088000000| Untracked 
| 101|0x0000000088100000, 0x0000000088200000, 0x0000000088200000|100%| S|CS|TAMS 0x0000000088100000, 0x0000000088100000| Complete 
| 102|0x0000000088200000, 0x0000000088300000, 0x0000000088300000|100%| S|CS|TAMS 0x0000000088200000, 0x0000000088200000| Complete 
| 103|0x0000000088300000, 0x0000000088400000, 0x0000000088400000|100%| S|CS|TAMS 0x0000000088300000, 0x0000000088300000| Complete 
| 104|0x0000000088400000, 0x0000000088400000, 0x0000000088500000|  0%| F|  |TAMS 0x0000000088400000, 0x0000000088400000| Untracked 
| 105|0x0000000088500000, 0x0000000088500000, 0x0000000088600000|  0%| F|  |TAMS 0x0000000088500000, 0x0000000088500000| Untracked 
| 106|0x0000000088600000, 0x0000000088600000, 0x0000000088700000|  0%| F|  |TAMS 0x0000000088600000, 0x0000000088600000| Untracked 
| 107|0x0000000088700000, 0x0000000088700000, 0x0000000088800000|  0%| F|  |TAMS 0x0000000088700000, 0x0000000088700000| Untracked 
| 108|0x0000000088800000, 0x0000000088800000, 0x0000000088900000|  0%| F|  |TAMS 0x0000000088800000, 0x0000000088800000| Untracked 
| 109|0x0000000088900000, 0x0000000088900000, 0x0000000088a00000|  0%| F|  |TAMS 0x0000000088900000, 0x0000000088900000| Untracked 
| 110|0x0000000088a00000, 0x0000000088a00000, 0x0000000088b00000|  0%| F|  |TAMS 0x0000000088a00000, 0x0000000088a00000| Untracked 
| 111|0x0000000088b00000, 0x0000000088b00000, 0x0000000088c00000|  0%| F|  |TAMS 0x0000000088b00000, 0x0000000088b00000| Untracked 
| 112|0x0000000088c00000, 0x0000000088c00000, 0x0000000088d00000|  0%| F|  |TAMS 0x0000000088c00000, 0x0000000088c00000| Untracked 
| 113|0x0000000088d00000, 0x0000000088d00000, 0x0000000088e00000|  0%| F|  |TAMS 0x0000000088d00000, 0x0000000088d00000| Untracked 
| 114|0x0000000088e00000, 0x0000000088e00000, 0x0000000088f00000|  0%| F|  |TAMS 0x0000000088e00000, 0x0000000088e00000| Untracked 
| 115|0x0000000088f00000, 0x0000000088f00000, 0x0000000089000000|  0%| F|  |TAMS 0x0000000088f00000, 0x0000000088f00000| Untracked 
| 116|0x0000000089000000, 0x0000000089000000, 0x0000000089100000|  0%| F|  |TAMS 0x0000000089000000, 0x0000000089000000| Untracked 
| 117|0x0000000089100000, 0x0000000089100000, 0x0000000089200000|  0%| F|  |TAMS 0x0000000089100000, 0x0000000089100000| Untracked 
| 118|0x0000000089200000, 0x0000000089200000, 0x0000000089300000|  0%| F|  |TAMS 0x0000000089200000, 0x0000000089200000| Untracked 
| 119|0x0000000089300000, 0x0000000089300000, 0x0000000089400000|  0%| F|  |TAMS 0x0000000089300000, 0x0000000089300000| Untracked 
| 120|0x0000000089400000, 0x0000000089400000, 0x0000000089500000|  0%| F|  |TAMS 0x0000000089400000, 0x0000000089400000| Untracked 
| 121|0x0000000089500000, 0x0000000089580800, 0x0000000089600000| 50%| E|  |TAMS 0x0000000089500000, 0x0000000089500000| Complete 
| 122|0x0000000089600000, 0x0000000089700000, 0x0000000089700000|100%| E|CS|TAMS 0x0000000089600000, 0x0000000089600000| Complete 
| 123|0x0000000089700000, 0x0000000089800000, 0x0000000089800000|100%| E|CS|TAMS 0x0000000089700000, 0x0000000089700000| Complete 
| 124|0x0000000089800000, 0x0000000089900000, 0x0000000089900000|100%| E|CS|TAMS 0x0000000089800000, 0x0000000089800000| Complete 
| 125|0x0000000089900000, 0x0000000089a00000, 0x0000000089a00000|100%| E|CS|TAMS 0x0000000089900000, 0x0000000089900000| Complete 
| 126|0x0000000089a00000, 0x0000000089b00000, 0x0000000089b00000|100%| E|CS|TAMS 0x0000000089a00000, 0x0000000089a00000| Complete 
| 127|0x0000000089b00000, 0x0000000089c00000, 0x0000000089c00000|100%| E|CS|TAMS 0x0000000089b00000, 0x0000000089b00000| Complete 

Card table byte_map: [0x000002f33db40000,0x000002f33df40000] _byte_map_base: 0x000002f33d732000

Marking Bits (Prev, Next): (CMBitMap*) 0x000002f3258f8c78, (CMBitMap*) 0x000002f3258f8cb8
 Prev Bits: [0x000002f33e340000, 0x000002f3402d0000)
 Next Bits: [0x000002f3402d0000, 0x000002f342260000)

Polling page: 0x000002f324000000

Metaspace:

Usage:
  Non-class:      8.50 MB capacity,     6.93 MB ( 82%) used,     1.54 MB ( 18%) free+waste,    31.00 KB ( <1%) overhead. 
      Class:      1.24 MB capacity,  1017.61 KB ( 80%) used,   237.02 KB ( 19%) free+waste,    16.38 KB (  1%) overhead. 
       Both:      9.74 MB capacity,     7.92 MB ( 81%) used,     1.77 MB ( 18%) free+waste,    47.38 KB ( <1%) overhead. 

Virtual space:
  Non-class space:       10.00 MB reserved,       8.50 MB ( 85%) committed 
      Class space:        1.00 GB reserved,       1.25 MB ( <1%) committed 
             Both:        1.01 GB reserved,       9.75 MB ( <1%) committed 

Chunk freelists:
   Non-Class:  0 bytes
       Class:  1.13 KB
        Both:  1.13 KB

CodeHeap 'non-profiled nmethods': size=120000Kb used=398Kb max_used=398Kb free=119601Kb
 bounds [0x000002f3357a0000, 0x000002f335a10000, 0x000002f33ccd0000]
CodeHeap 'profiled nmethods': size=120000Kb used=2038Kb max_used=2038Kb free=117961Kb
 bounds [0x000002f32e270000, 0x000002f32e4e0000, 0x000002f3357a0000]
CodeHeap 'non-nmethods': size=5760Kb used=1194Kb max_used=1236Kb free=4565Kb
 bounds [0x000002f32dcd0000, 0x000002f32df40000, 0x000002f32e270000]
 total_blobs=1909 nmethods=1132 adapters=448
 compilation: enabled
              stopped_count=0, restarted_count=0
 full_count=0

Compilation events (10 events):
Event: 0.726 Thread 0x000002f344c95000 nmethod 1093 0x000002f335800b90 code [0x000002f335800d40, 0x000002f335800e78]
Event: 0.726 Thread 0x000002f344c95000 1082       1       javafx.css.SimpleSelector::getId (5 bytes)
Event: 0.726 Thread 0x000002f344c95000 nmethod 1082 0x000002f335800f10 code [0x000002f3358010c0, 0x000002f3358011f8]
Event: 0.726 Thread 0x000002f344c95000 1083       1       javafx.css.SimpleSelector::getName (5 bytes)
Event: 0.726 Thread 0x000002f344c95000 nmethod 1083 0x000002f335801290 code [0x000002f335801440, 0x000002f335801578]
Event: 0.726 Thread 0x000002f344c95000 1084       1       javafx.css.SimpleSelector::getStyleClassSet (5 bytes)
Event: 0.726 Thread 0x000002f344c95000 nmethod 1084 0x000002f335801610 code [0x000002f3358017c0, 0x000002f3358018f8]
Event: 0.726 Thread 0x000002f344c95000 1085       1       javafx.css.Selector::setOrdinal (6 bytes)
Event: 0.726 Thread 0x000002f344c95000 nmethod 1085 0x000002f335801990 code [0x000002f335801b40, 0x000002f335801c78]
Event: 0.727 Thread 0x000002f344c92000 nmethod 1087 0x000002f335801d10 code [0x000002f335801ee0, 0x000002f335802348]

GC Heap History (2 events):
Event: 0.650 GC heap before
{Heap before GC invocations=0 (full 0):
 garbage-first heap   total 131072K, used 23552K [0x0000000081c00000, 0x0000000100000000)
  region size 1024K, 24 young (24576K), 0 survivors (0K)
 Metaspace       used 6853K, capacity 8839K, committed 9088K, reserved 1056768K
  class space    used 831K, capacity 1083K, committed 1152K, reserved 1048576K
}
Event: 0.653 GC heap after
{Heap after GC invocations=1 (full 0):
 garbage-first heap   total 131072K, used 4010K [0x0000000081c00000, 0x0000000100000000)
  region size 1024K, 3 young (3072K), 3 survivors (3072K)
 Metaspace       used 6853K, capacity 8839K, committed 9088K, reserved 1056768K
  class space    used 831K, capacity 1083K, committed 1152K, reserved 1048576K
}

Deoptimization events (10 events):
Event: 0.164 Thread 0x000002f3258b6800 Uncommon trap: reason=unstable_if action=reinterpret pc=0x000002f3357b495c method=java.util.ImmutableCollections$SetN.probe(Ljava/lang/Object;)I @ 34 c2
Event: 0.174 Thread 0x000002f3258b6800 Uncommon trap: reason=unstable_if action=reinterpret pc=0x000002f3357bb7cc method=java.util.HashMap.putVal(ILjava/lang/Object;Ljava/lang/Object;ZZ)Ljava/lang/Object; @ 81 c2
Event: 0.189 Thread 0x000002f3258b6800 Uncommon trap: reason=unstable_if action=reinterpret pc=0x000002f3357b553c method=java.lang.String.substring(II)Ljava/lang/String; @ 22 c2
Event: 0.696 Thread 0x000002f346a08000 Uncommon trap: reason=unstable_if action=reinterpret pc=0x000002f3357f9814 method=java.io.BufferedInputStream.read()I @ 8 c2
Event: 0.707 Thread 0x000002f346a08000 Uncommon trap: reason=class_check action=maybe_recompile pc=0x000002f3357fbf98 method=java.io.DataInputStream.readShort()S @ 4 c2
Event: 0.708 Thread 0x000002f346a08000 Uncommon trap: reason=class_check action=maybe_recompile pc=0x000002f3357fbf98 method=java.io.DataInputStream.readShort()S @ 4 c2
Event: 0.715 Thread 0x000002f346a08000 Uncommon trap: reason=class_check action=maybe_recompile pc=0x000002f3357fbf98 method=java.io.DataInputStream.readShort()S @ 4 c2
Event: 0.715 Thread 0x000002f346a08000 Uncommon trap: reason=class_check action=maybe_recompile pc=0x000002f3357fbf98 method=java.io.DataInputStream.readShort()S @ 4 c2
Event: 0.720 Thread 0x000002f346a08000 Uncommon trap: reason=unstable_if action=reinterpret pc=0x000002f3357f619c method=java.util.HashMap.putVal(ILjava/lang/Object;Ljava/lang/Object;ZZ)Ljava/lang/Object; @ 162 c2
Event: 0.720 Thread 0x000002f346a08000 Uncommon trap: reason=unstable_if action=reinterpret pc=0x000002f3357fa25c method=java.util.HashMap.getNode(ILjava/lang/Object;)Ljava/util/HashMap$Node; @ 84 c2

Classes redefined (0 events):
No events

Internal exceptions (10 events):
Event: 0.409 Thread 0x000002f3258b6800 Exception <a 'java/lang/NoSuchMethodError'{0x00000000890ad598}: java.lang.invoke.DirectMethodHandle$Holder.invokeStaticInit(Ljava/lang/Object;Ljava/lang/Object;Ljava/lang/Object;)I> (0x00000000890ad598) thrown at [t:/workspace/open/src/hotspot/share/inter
Event: 0.410 Thread 0x000002f3258b6800 Exception <a 'java/lang/NoSuchMethodError'{0x00000000890b8660}: java.lang.invoke.DirectMethodHandle$Holder.invokeSpecial(Ljava/lang/Object;Ljava/lang/Object;)V> (0x00000000890b8660) thrown at [t:/workspace/open/src/hotspot/share/interpreter/linkResolver.c
Event: 0.427 Thread 0x000002f3258b6800 Exception <a 'java/lang/NoSuchMethodError'{0x0000000088e611e0}: java.lang.invoke.DirectMethodHandle$Holder.invokeStatic(Ljava/lang/Object;Ljava/lang/Object;ILjava/lang/Object;)Ljava/lang/Object;> (0x0000000088e611e0) thrown at [t:/workspace/open/src/hotsp
Event: 0.427 Thread 0x000002f3258b6800 Exception <a 'java/lang/NoSuchMethodError'{0x0000000088e674a0}: java.lang.invoke.Invokers$Holder.linkToTargetMethod(Ljava/lang/Object;ILjava/lang/Object;Ljava/lang/Object;)Ljava/lang/Object;> (0x0000000088e674a0) thrown at [t:/workspace/open/src/hotspot/s
Event: 0.518 Thread 0x000002f346a08000 Exception <a 'java/lang/NoSuchMethodError'{0x0000000088b097f0}: java.lang.invoke.DirectMethodHandle$Holder.invokeStaticInit(Ljava/lang/Object;)V> (0x0000000088b097f0) thrown at [t:/workspace/open/src/hotspot/share/interpreter/linkResolver.cpp, line 777]
Event: 0.520 Thread 0x000002f3258b6800 Exception <a 'java/lang/NoSuchMethodError'{0x0000000088e76580}: java.lang.invoke.Invokers$Holder.linkToTargetMethod(Ljava/lang/Object;Ljava/lang/Object;Ljava/lang/Object;Ljava/lang/Object;Ljava/lang/Object;Ljava/lang/Object;)Ljava/lang/Object;> (0x0000000
Event: 0.528 Thread 0x000002f346f31000 Exception <a 'java/lang/NoSuchMethodError'{0x0000000088bfa7a8}: java.lang.invoke.DirectMethodHandle$Holder.invokeStatic(Ljava/lang/Object;Ljava/lang/Object;Ljava/lang/Object;Ljava/lang/Object;)V> (0x0000000088bfa7a8) thrown at [t:/workspace/open/src/hotsp
Event: 0.627 Thread 0x000002f346a08000 Exception <a 'java/lang/NoSuchMethodError'{0x0000000088578ad8}: java.lang.invoke.DirectMethodHandle$Holder.invokeStaticInit(Ljava/lang/Object;Ljava/lang/Object;Ljava/lang/Object;Ljava/lang/Object;)Ljava/lang/Object;> (0x0000000088578ad8) thrown at [t:/wor
Event: 0.629 Thread 0x000002f346a08000 Exception <a 'java/lang/NullPointerException'{0x0000000088587e78}> (0x0000000088587e78) thrown at [t:/workspace/open/src/hotspot/share/interpreter/linkResolver.cpp, line 1356]
Event: 0.631 Thread 0x000002f346a08000 Exception <a 'java/lang/NoSuchMethodError'{0x00000000885a63a0}: java.lang.invoke.DirectMethodHandle$Holder.invokeSpecial(Ljava/lang/Object;Ljava/lang/Object;Ljava/lang/Object;Ljava/lang/Object;Ljava/lang/Object;)V> (0x00000000885a63a0) thrown at [t:/works

Events (10 events):
Event: 0.715 Thread 0x000002f346a08000 DEOPT UNPACKING pc=0x000002f32dcf9baf sp=0x000000f5558fc310 mode 2
Event: 0.715 Thread 0x000002f346a08000 Uncommon trap: trap_request=0xffffffde fr.pc=0x000002f3357fbf98 relative=0x00000000000002b8
Event: 0.715 Thread 0x000002f346a08000 DEOPT PACKING pc=0x000002f3357fbf98 sp=0x000000f5558fc1f0
Event: 0.715 Thread 0x000002f346a08000 DEOPT UNPACKING pc=0x000002f32dcf9baf sp=0x000000f5558fc1c0 mode 2
Event: 0.720 Thread 0x000002f346a08000 Uncommon trap: trap_request=0xffffff4d fr.pc=0x000002f3357f619c relative=0x00000000000005dc
Event: 0.720 Thread 0x000002f346a08000 DEOPT PACKING pc=0x000002f3357f619c sp=0x000000f5558fc300
Event: 0.720 Thread 0x000002f346a08000 DEOPT UNPACKING pc=0x000002f32dcf9baf sp=0x000000f5558fc248 mode 2
Event: 0.720 Thread 0x000002f346a08000 Uncommon trap: trap_request=0xffffff4d fr.pc=0x000002f3357fa25c relative=0x000000000000037c
Event: 0.720 Thread 0x000002f346a08000 DEOPT PACKING pc=0x000002f3357fa25c sp=0x000000f5558fc3c0
Event: 0.720 Thread 0x000002f346a08000 DEOPT UNPACKING pc=0x000002f32dcf9baf sp=0x000000f5558fc340 mode 2


Dynamic libraries:
0x00007ff6e9ac0000 - 0x00007ff6e9acf000 	C:\Program Files\Java\jdk-12.0.2\bin\java.exe
0x00007ff8c7c70000 - 0x00007ff8c7e65000 	C:\WINDOWS\SYSTEM32\ntdll.dll
0x00007ff8c6900000 - 0x00007ff8c69bd000 	C:\WINDOWS\System32\KERNEL32.DLL
0x00007ff8c5750000 - 0x00007ff8c5a18000 	C:\WINDOWS\System32\KERNELBASE.dll
0x00007ff8c54f0000 - 0x00007ff8c55f0000 	C:\WINDOWS\System32\ucrtbase.dll
0x00007ff8c0e20000 - 0x00007ff8c0e36000 	C:\Program Files\Java\jdk-12.0.2\bin\VCRUNTIME140.dll
0x00007ff8c0e00000 - 0x00007ff8c0e18000 	C:\Program Files\Java\jdk-12.0.2\bin\jli.dll
0x00007ff8c5db0000 - 0x00007ff8c5e5c000 	C:\WINDOWS\System32\ADVAPI32.dll
0x00007ff8c5ec0000 - 0x00007ff8c5f5e000 	C:\WINDOWS\System32\msvcrt.dll
0x00007ff8c78b0000 - 0x00007ff8c794b000 	C:\WINDOWS\System32\sechost.dll
0x00007ff8c63a0000 - 0x00007ff8c64cb000 	C:\WINDOWS\System32\RPCRT4.dll
0x00007ff8c7a90000 - 0x00007ff8c7c30000 	C:\WINDOWS\System32\USER32.dll
0x00007ff8c5440000 - 0x00007ff8c5462000 	C:\WINDOWS\System32\win32u.dll
0x00007ff8aae90000 - 0x00007ff8ab12a000 	C:\WINDOWS\WinSxS\amd64_microsoft.windows.common-controls_6595b64144ccf1df_6.0.19041.844_none_ca00b6081b84eb1d\COMCTL32.dll
0x00007ff8c73a0000 - 0x00007ff8c73ca000 	C:\WINDOWS\System32\GDI32.dll
0x00007ff8c5640000 - 0x00007ff8c574b000 	C:\WINDOWS\System32\gdi32full.dll
0x00007ff8c5a20000 - 0x00007ff8c5abd000 	C:\WINDOWS\System32\msvcp_win.dll
0x00007ff8bc160000 - 0x00007ff8bc16a000 	C:\WINDOWS\SYSTEM32\VERSION.dll
0x00007ff8c5d80000 - 0x00007ff8c5db0000 	C:\WINDOWS\System32\IMM32.DLL
0x00007ff8a32d0000 - 0x00007ff8a337a000 	C:\Program Files\Java\jdk-12.0.2\bin\msvcp140.dll
0x00007ff89da50000 - 0x00007ff89e5c7000 	C:\Program Files\Java\jdk-12.0.2\bin\server\jvm.dll
0x00007ff8c73d0000 - 0x00007ff8c73d8000 	C:\WINDOWS\System32\PSAPI.DLL
0x00007ff8c0df0000 - 0x00007ff8c0df9000 	C:\WINDOWS\SYSTEM32\WSOCK32.dll
0x00007ff8b1590000 - 0x00007ff8b15b7000 	C:\WINDOWS\SYSTEM32\WINMM.dll
0x00007ff8c7950000 - 0x00007ff8c79bb000 	C:\WINDOWS\System32\WS2_32.dll
0x00007ff8c3c80000 - 0x00007ff8c3c92000 	C:\WINDOWS\SYSTEM32\kernel.appcore.dll
0x00007ff8c0d10000 - 0x00007ff8c0d21000 	C:\Program Files\Java\jdk-12.0.2\bin\verify.dll
0x00007ff8c32d0000 - 0x00007ff8c34b4000 	C:\WINDOWS\SYSTEM32\DBGHELP.DLL
0x00007ff8a9df0000 - 0x00007ff8a9e1c000 	C:\WINDOWS\SYSTEM32\dbgcore.DLL
0x00007ff8c5470000 - 0x00007ff8c54f0000 	C:\WINDOWS\System32\bcryptPrimitives.dll
0x00007ff8bf9a0000 - 0x00007ff8bf9c6000 	C:\Program Files\Java\jdk-12.0.2\bin\java.dll
0x00007ff8a7580000 - 0x00007ff8a758e000 	C:\Program Files\Java\jdk-12.0.2\bin\instrument.dll
0x00007ff8c0cf0000 - 0x00007ff8c0d07000 	C:\Program Files\Java\jdk-12.0.2\bin\zip.dll
0x00007ff8c0d40000 - 0x00007ff8c0d4a000 	C:\Program Files\Java\jdk-12.0.2\bin\jimage.dll
0x00007ff8c69d0000 - 0x00007ff8c7112000 	C:\WINDOWS\System32\SHELL32.dll
0x00007ff8c34c0000 - 0x00007ff8c3c50000 	C:\WINDOWS\SYSTEM32\windows.storage.dll
0x00007ff8c65a0000 - 0x00007ff8c68f5000 	C:\WINDOWS\System32\combase.dll
0x00007ff8c4e20000 - 0x00007ff8c4e4c000 	C:\WINDOWS\SYSTEM32\Wldp.dll
0x00007ff8c79c0000 - 0x00007ff8c7a6e000 	C:\WINDOWS\System32\SHCORE.dll
0x00007ff8c5e60000 - 0x00007ff8c5eb5000 	C:\WINDOWS\System32\shlwapi.dll
0x00007ff8c52f0000 - 0x00007ff8c530f000 	C:\WINDOWS\SYSTEM32\profapi.dll
0x00007ff8b08d0000 - 0x00007ff8b08e9000 	C:\Program Files\Java\jdk-12.0.2\bin\net.dll
0x00007ff8b1eb0000 - 0x00007ff8b209e000 	C:\WINDOWS\SYSTEM32\urlmon.dll
0x00007ff8aefe0000 - 0x00007ff8af0eb000 	C:\WINDOWS\SYSTEM32\WINHTTP.dll
0x00007ff8b12e0000 - 0x00007ff8b1590000 	C:\WINDOWS\SYSTEM32\iertutil.dll
0x00007ff8c4b90000 - 0x00007ff8c4bfa000 	C:\WINDOWS\system32\mswsock.dll
0x00007ff8b08b0000 - 0x00007ff8b08c3000 	C:\Program Files\Java\jdk-12.0.2\bin\nio.dll
0x00007ff8a70a0000 - 0x00007ff8a70ba000 	C:\Program Files\JetBrains\IntelliJ IDEA Community Edition 2020.1.1\bin\breakgen64.dll
0x000002f3240e0000 - 0x000002f3240e3000 	C:\JavaFX\javafx-sdk-11.0.2\bin\api-ms-win-core-console-l1-1-0.dll
0x000002f3471c0000 - 0x000002f3471c3000 	C:\JavaFX\javafx-sdk-11.0.2\bin\api-ms-win-core-datetime-l1-1-0.dll
0x000002f3471d0000 - 0x000002f3471d3000 	C:\JavaFX\javafx-sdk-11.0.2\bin\api-ms-win-core-debug-l1-1-0.dll
0x000002f3471e0000 - 0x000002f3471e3000 	C:\JavaFX\javafx-sdk-11.0.2\bin\api-ms-win-core-errorhandling-l1-1-0.dll
0x000002f3471f0000 - 0x000002f3471f4000 	C:\JavaFX\javafx-sdk-11.0.2\bin\api-ms-win-core-file-l1-1-0.dll
0x000002f347200000 - 0x000002f347203000 	C:\JavaFX\javafx-sdk-11.0.2\bin\api-ms-win-core-file-l1-2-0.dll
0x000002f347210000 - 0x000002f347213000 	C:\JavaFX\javafx-sdk-11.0.2\bin\api-ms-win-core-file-l2-1-0.dll
0x000002f347220000 - 0x000002f347223000 	C:\JavaFX\javafx-sdk-11.0.2\bin\api-ms-win-core-handle-l1-1-0.dll
0x000002f347230000 - 0x000002f347233000 	C:\JavaFX\javafx-sdk-11.0.2\bin\api-ms-win-core-heap-l1-1-0.dll
0x000002f347240000 - 0x000002f347243000 	C:\JavaFX\javafx-sdk-11.0.2\bin\api-ms-win-core-interlocked-l1-1-0.dll
0x000002f347250000 - 0x000002f347253000 	C:\JavaFX\javafx-sdk-11.0.2\bin\api-ms-win-core-libraryloader-l1-1-0.dll
0x000002f347260000 - 0x000002f347263000 	C:\JavaFX\javafx-sdk-11.0.2\bin\api-ms-win-core-localization-l1-2-0.dll
0x000002f347270000 - 0x000002f347273000 	C:\JavaFX\javafx-sdk-11.0.2\bin\api-ms-win-core-memory-l1-1-0.dll
0x000002f347280000 - 0x000002f347283000 	C:\JavaFX\javafx-sdk-11.0.2\bin\api-ms-win-core-namedpipe-l1-1-0.dll
0x000002f347290000 - 0x000002f347293000 	C:\JavaFX\javafx-sdk-11.0.2\bin\api-ms-win-core-processenvironment-l1-1-0.dll
0x000002f3472a0000 - 0x000002f3472a3000 	C:\JavaFX\javafx-sdk-11.0.2\bin\api-ms-win-core-processthreads-l1-1-0.dll
0x000002f3472b0000 - 0x000002f3472b3000 	C:\JavaFX\javafx-sdk-11.0.2\bin\api-ms-win-core-processthreads-l1-1-1.dll
0x000002f3472c0000 - 0x000002f3472c3000 	C:\JavaFX\javafx-sdk-11.0.2\bin\api-ms-win-core-profile-l1-1-0.dll
0x000002f3472d0000 - 0x000002f3472d3000 	C:\JavaFX\javafx-sdk-11.0.2\bin\api-ms-win-core-rtlsupport-l1-1-0.dll
0x000002f3472e0000 - 0x000002f3472e3000 	C:\JavaFX\javafx-sdk-11.0.2\bin\api-ms-win-core-string-l1-1-0.dll
0x000002f3472f0000 - 0x000002f3472f3000 	C:\JavaFX\javafx-sdk-11.0.2\bin\api-ms-win-core-synch-l1-1-0.dll
0x000002f347300000 - 0x000002f347303000 	C:\JavaFX\javafx-sdk-11.0.2\bin\api-ms-win-core-synch-l1-2-0.dll
0x000002f347310000 - 0x000002f347313000 	C:\JavaFX\javafx-sdk-11.0.2\bin\api-ms-win-core-sysinfo-l1-1-0.dll
0x000002f347320000 - 0x000002f347323000 	C:\JavaFX\javafx-sdk-11.0.2\bin\api-ms-win-core-timezone-l1-1-0.dll
0x000002f347330000 - 0x000002f347333000 	C:\JavaFX\javafx-sdk-11.0.2\bin\api-ms-win-core-util-l1-1-0.dll
0x000002f347340000 - 0x000002f347343000 	C:\JavaFX\javafx-sdk-11.0.2\bin\api-ms-win-crt-conio-l1-1-0.dll
0x000002f347350000 - 0x000002f347354000 	C:\JavaFX\javafx-sdk-11.0.2\bin\api-ms-win-crt-convert-l1-1-0.dll
0x000002f347360000 - 0x000002f347363000 	C:\JavaFX\javafx-sdk-11.0.2\bin\api-ms-win-crt-environment-l1-1-0.dll
0x000002f347370000 - 0x000002f347373000 	C:\JavaFX\javafx-sdk-11.0.2\bin\api-ms-win-crt-filesystem-l1-1-0.dll
0x000002f347380000 - 0x000002f347383000 	C:\JavaFX\javafx-sdk-11.0.2\bin\api-ms-win-crt-heap-l1-1-0.dll
0x000002f347390000 - 0x000002f347393000 	C:\JavaFX\javafx-sdk-11.0.2\bin\api-ms-win-crt-locale-l1-1-0.dll
0x000002f3473a0000 - 0x000002f3473a5000 	C:\JavaFX\javafx-sdk-11.0.2\bin\api-ms-win-crt-math-l1-1-0.dll
0x000002f3473b0000 - 0x000002f3473b5000 	C:\JavaFX\javafx-sdk-11.0.2\bin\api-ms-win-crt-multibyte-l1-1-0.dll
0x000002f3473c0000 - 0x000002f3473d0000 	C:\JavaFX\javafx-sdk-11.0.2\bin\api-ms-win-crt-private-l1-1-0.dll
0x000002f3473d0000 - 0x000002f3473d3000 	C:\JavaFX\javafx-sdk-11.0.2\bin\api-ms-win-crt-process-l1-1-0.dll
0x000002f3473e0000 - 0x000002f3473e4000 	C:\JavaFX\javafx-sdk-11.0.2\bin\api-ms-win-crt-runtime-l1-1-0.dll
0x000002f3473f0000 - 0x000002f3473f4000 	C:\JavaFX\javafx-sdk-11.0.2\bin\api-ms-win-crt-stdio-l1-1-0.dll
0x000002f347400000 - 0x000002f347404000 	C:\JavaFX\javafx-sdk-11.0.2\bin\api-ms-win-crt-string-l1-1-0.dll
0x000002f347410000 - 0x000002f347413000 	C:\JavaFX\javafx-sdk-11.0.2\bin\api-ms-win-crt-time-l1-1-0.dll
0x000002f347420000 - 0x000002f347423000 	C:\JavaFX\javafx-sdk-11.0.2\bin\api-ms-win-crt-utility-l1-1-0.dll
0x00007ff885980000 - 0x00007ff885a7a000 	C:\JavaFX\javafx-sdk-11.0.2\bin\ucrtbase.dll
0x00007ff89b1d0000 - 0x00007ff89b1e6000 	C:\JavaFX\javafx-sdk-11.0.2\bin\vcruntime140.dll
0x00007ff886340000 - 0x00007ff8863e6000 	C:\JavaFX\javafx-sdk-11.0.2\bin\msvcp140.dll
0x00007ff88fbf0000 - 0x00007ff88fc41000 	C:\JavaFX\javafx-sdk-11.0.2\bin\concrt140.dll
0x00007ff8960f0000 - 0x00007ff896113000 	C:\JavaFX\javafx-sdk-11.0.2\bin\prism_d3d.dll
0x00007ff8afe30000 - 0x00007ff8afffe000 	C:\WINDOWS\system32\d3d9.dll
0x00007ff8c2db0000 - 0x00007ff8c2ddf000 	C:\WINDOWS\SYSTEM32\dwmapi.dll
0x00007ff8c2870000 - 0x00007ff8c290e000 	C:\WINDOWS\system32\uxtheme.dll
0x00007ff885a80000 - 0x00007ff885be5000 	C:\WINDOWS\System32\DriverStore\FileRepository\iigd_dch.inf_amd64_2b1d9e395a05d1c9\igdumdim64.dll
0x00007ff8c7210000 - 0x00007ff8c733a000 	C:\WINDOWS\System32\ole32.dll
0x00007ff86d090000 - 0x00007ff871810000 	C:\WINDOWS\System32\DriverStore\FileRepository\iigd_dch.inf_amd64_2b1d9e395a05d1c9\igd9dxva64.dll
0x00007ff8c64d0000 - 0x00007ff8c659d000 	C:\WINDOWS\System32\OLEAUT32.dll
0x00007ff8c73e0000 - 0x00007ff8c7849000 	C:\WINDOWS\System32\SETUPAPI.dll
0x00007ff8c55f0000 - 0x00007ff8c563e000 	C:\WINDOWS\System32\cfgmgr32.dll
0x00007ff8c53b0000 - 0x00007ff8c53d7000 	C:\WINDOWS\System32\bcrypt.dll
0x00007ff8b9780000 - 0x00007ff8b99d8000 	C:\WINDOWS\System32\DriverStore\FileRepository\iigd_dch.inf_amd64_2b1d9e395a05d1c9\igdgmm64.dll
0x00007ff88b690000 - 0x00007ff88b6d5000 	C:\JavaFX\javafx-sdk-11.0.2\bin\glass.dll
0x00007ff8c5f60000 - 0x00007ff8c603a000 	C:\WINDOWS\System32\COMDLG32.dll
0x00007ff8c6040000 - 0x00007ff8c6155000 	C:\WINDOWS\System32\MSCTF.dll
0x00007ff8c0130000 - 0x00007ff8c0157000 	C:\WINDOWS\System32\DriverStore\FileRepository\iigd_dch.inf_amd64_2b1d9e395a05d1c9\igdinfo64.dll
0x00007ff8b6760000 - 0x00007ff8b9440000 	C:\WINDOWS\System32\DriverStore\FileRepository\iigd_dch.inf_amd64_2b1d9e395a05d1c9\igc64.dll
0x00007ff8bc280000 - 0x00007ff8bc2bb000 	C:\WINDOWS\SYSTEM32\dxcore.dll
0x00007ff898d40000 - 0x00007ff898d54000 	C:\JavaFX\javafx-sdk-11.0.2\bin\javafx_font.dll

dbghelp: loaded successfully - version: 4.0.5 - missing functions: none
symbol engine: initialized successfully - sym options: 0x614 - pdb path: .;C:\Program Files\Java\jdk-12.0.2\bin;C:\WINDOWS\SYSTEM32;C:\WINDOWS\WinSxS\amd64_microsoft.windows.common-controls_6595b64144ccf1df_6.0.19041.844_none_ca00b6081b84eb1d;C:\Program Files\Java\jdk-12.0.2\bin\server;C:\Program Files\JetBrains\IntelliJ IDEA Community Edition 2020.1.1\bin;C:\JavaFX\javafx-sdk-11.0.2\bin;C:\WINDOWS\System32\DriverStore\FileRepository\iigd_dch.inf_amd64_2b1d9e395a05d1c9

VM Arguments:
jvm_args: --module-path=C:/JavaFX/javafx-sdk-11.0.2/lib --add-modules=javafx.controls,javafx.fxml,javafx.base --add-modules=javafx.base,javafx.graphics --add-reads=javafx.base=ALL-UNNAMED --add-reads=javafx.graphics=ALL-UNNAMED -javaagent:C:\Program Files\JetBrains\IntelliJ IDEA Community Edition 2020.1.1\lib\idea_rt.jar=51529:C:\Program Files\JetBrains\IntelliJ IDEA Community Edition 2020.1.1\bin -Dfile.encoding=UTF-8 
java_command: sample.Main
java_class_path (initial): C:\JavaXD\Ksis\Kursovoi KSiS\Client\out\production\Client;C:\JavaFX\javafx-sdk-11.0.2\lib\src.zip;C:\JavaFX\javafx-sdk-11.0.2\lib\javafx-swt.jar;C:\JavaFX\javafx-sdk-11.0.2\lib\javafx.web.jar;C:\JavaFX\javafx-sdk-11.0.2\lib\javafx.base.jar;C:\JavaFX\javafx-sdk-11.0.2\lib\javafx.fxml.jar;C:\JavaFX\javafx-sdk-11.0.2\lib\javafx.media.jar;C:\JavaFX\javafx-sdk-11.0.2\lib\javafx.swing.jar;C:\JavaFX\javafx-sdk-11.0.2\lib\javafx.controls.jar;C:\JavaFX\javafx-sdk-11.0.2\lib\javafx.graphics.jar
Launcher Type: SUN_STANDARD

[Global flags]
     intx CICompilerCount                          = 4                                         {product} {ergonomic}
     uint ConcGCThreads                            = 2                                         {product} {ergonomic}
     uint G1ConcRefinementThreads                  = 8                                         {product} {ergonomic}
   size_t G1HeapRegionSize                         = 1048576                                   {product} {ergonomic}
    uintx GCDrainStackTargetSize                   = 64                                        {product} {ergonomic}
   size_t InitialHeapSize                          = 134217728                                 {product} {ergonomic}
   size_t MarkStackSize                            = 4194304                                   {product} {ergonomic}
   size_t MaxHeapSize                              = 2118123520                                {product} {ergonomic}
   size_t MaxNewSize                               = 1270874112                                {product} {ergonomic}
   size_t MinHeapDeltaBytes                        = 1048576                                   {product} {ergonomic}
    uintx NonNMethodCodeHeapSize                   = 5836300                                {pd product} {ergonomic}
    uintx NonProfiledCodeHeapSize                  = 122910970                              {pd product} {ergonomic}
    uintx ProfiledCodeHeapSize                     = 122910970                              {pd product} {ergonomic}
    uintx ReservedCodeCacheSize                    = 251658240                              {pd product} {ergonomic}
     bool SegmentedCodeCache                       = true                                      {product} {ergonomic}
     bool UseCompressedClassPointers               = true                                 {lp64_product} {ergonomic}
     bool UseCompressedOops                        = true                                 {lp64_product} {ergonomic}
     bool UseG1GC                                  = true                                      {product} {ergonomic}
     bool UseLargePagesIndividualAllocation        = false                                  {pd product} {ergonomic}

Logging:
Log output configuration:
 #0: stdout all=warning uptime,level,tags
 #1: stderr all=off uptime,level,tags

Environment Variables:
JAVA_HOME=C:\Program Files\Java\jdk-12.0.2
PATH=C:\Program Files\Java\jdk-12.0.2\bin\;C:\WINDOWS\system32;C:\WINDOWS;C:\WINDOWS\System32\Wbem;C:\WINDOWS\System32\WindowsPowerShell\v1.0\;C:\WINDOWS\System32\OpenSSH\;C:\Program Files (x86)\NVIDIA Corporation\PhysX\Common;C:\Program Files\NVIDIA Corporation\NVIDIA NvDLISR;C:\Program Files\Microsoft SQL Server\130\Tools\Binn\;D:\Calibre\;C:\Program Files\Git\cmd;C:\Users\User\AppData\Local\Programs\Python\Python39\Scripts\;C:\Users\User\AppData\Local\Programs\Python\Python39\;C:\Ruby27-x64\bin;C:\Users\User\AppData\Local\Microsoft\WindowsApps;C:\Program Files\JetBrains\IntelliJ IDEA Community Edition 2020.1.1\bin;D:\Microsoft VS Code\bin;C:\Users\User\AppData\Local\GitHubDesktop\bin;C:\Program Files (x86)\Nmap
USERNAME=User
OS=Windows_NT
PROCESSOR_IDENTIFIER=Intel64 Family 6 Model 142 Stepping 12, GenuineIntel



---------------  S Y S T E M  ---------------

OS: Windows 10 , 64 bit Build 19041 (10.0.19041.928)

CPU:total 8 (initial active 8) (4 cores per cpu, 2 threads per core) family 6 model 142 stepping 12, cmov, cx8, fxsr, mmx, sse, sse2, sse3, ssse3, sse4.1, sse4.2, popcnt, avx, avx2, aes, clmul, erms, 3dnowpref, lzcnt, ht, tsc, tscinvbit, bmi1, bmi2, adx, fma

Memory: 4k page, system-wide physical 8078M (1822M free)
TotalPageFile size 8878M (AvailPageFile size 5M)
current process WorkingSet (physical memory assigned to process): 119M, peak: 119M
current process commit charge ("private bytes"): 263M, peak: 264M

vm_info: Java HotSpot(TM) 64-Bit Server VM (12.0.2+10) for windows-amd64 JRE (12.0.2+10), built on Jul 16 2019 01:56:17 by "mach5one" with MS VC++ 15.5 (VS2017)

END.
